{"C:\\ISPP\\ISPP-G1-Talent\\api\\v1\\tests\\acceptance\\TeamCreatorAcceptanceTest.js":{"path":"C:\\ISPP\\ISPP-G1-Talent\\api\\v1\\tests\\acceptance\\TeamCreatorAcceptanceTest.js","statementMap":{"0":{"start":{"line":2,"column":22},"end":{"line":4,"column":1}},"1":{"start":{"line":3,"column":4},"end":{"line":3,"column":62}},"2":{"start":{"line":5,"column":0},"end":{"line":5,"column":62}},"3":{"start":{"line":6,"column":16},"end":{"line":6,"column":49}},"4":{"start":{"line":7,"column":17},"end":{"line":7,"column":34}},"5":{"start":{"line":8,"column":26},"end":{"line":8,"column":69}},"6":{"start":{"line":9,"column":23},"end":{"line":9,"column":63}},"7":{"start":{"line":10,"column":19},"end":{"line":10,"column":55}},"8":{"start":{"line":11,"column":22},"end":{"line":11,"column":72}},"9":{"start":{"line":12,"column":17},"end":{"line":12,"column":51}},"10":{"start":{"line":13,"column":22},"end":{"line":13,"column":72}},"11":{"start":{"line":14,"column":32},"end":{"line":14,"column":102}},"12":{"start":{"line":15,"column":0},"end":{"line":147,"column":19}},"13":{"start":{"line":19,"column":4},"end":{"line":60,"column":7}},"14":{"start":{"line":20,"column":8},"end":{"line":59,"column":9}},"15":{"start":{"line":21,"column":39},"end":{"line":32,"column":13}},"16":{"start":{"line":33,"column":12},"end":{"line":33,"column":86}},"17":{"start":{"line":34,"column":41},"end":{"line":35,"column":37}},"18":{"start":{"line":36,"column":12},"end":{"line":36,"column":61}},"19":{"start":{"line":37,"column":29},"end":{"line":51,"column":13}},"20":{"start":{"line":52,"column":12},"end":{"line":52,"column":71}},"21":{"start":{"line":53,"column":36},"end":{"line":54,"column":37}},"22":{"start":{"line":55,"column":12},"end":{"line":55,"column":51}},"23":{"start":{"line":58,"column":12},"end":{"line":58,"column":31}},"24":{"start":{"line":61,"column":4},"end":{"line":66,"column":7}},"25":{"start":{"line":63,"column":8},"end":{"line":65,"column":11}},"26":{"start":{"line":67,"column":4},"end":{"line":71,"column":7}},"27":{"start":{"line":69,"column":8},"end":{"line":69,"column":34}},"28":{"start":{"line":70,"column":8},"end":{"line":70,"column":41}},"29":{"start":{"line":72,"column":4},"end":{"line":84,"column":7}},"30":{"start":{"line":73,"column":8},"end":{"line":83,"column":9}},"31":{"start":{"line":75,"column":32},"end":{"line":75,"column":73}},"32":{"start":{"line":76,"column":12},"end":{"line":79,"column":13}},"33":{"start":{"line":77,"column":35},"end":{"line":77,"column":51}},"34":{"start":{"line":78,"column":16},"end":{"line":78,"column":48}},"35":{"start":{"line":82,"column":12},"end":{"line":82,"column":31}},"36":{"start":{"line":85,"column":4},"end":{"line":107,"column":7}},"37":{"start":{"line":86,"column":8},"end":{"line":103,"column":11}},"38":{"start":{"line":104,"column":21},"end":{"line":104,"column":30}},"39":{"start":{"line":105,"column":8},"end":{"line":105,"column":80}},"40":{"start":{"line":106,"column":8},"end":{"line":106,"column":63}},"41":{"start":{"line":108,"column":4},"end":{"line":132,"column":7}},"42":{"start":{"line":109,"column":8},"end":{"line":128,"column":11}},"43":{"start":{"line":129,"column":21},"end":{"line":129,"column":30}},"44":{"start":{"line":130,"column":8},"end":{"line":130,"column":86}},"45":{"start":{"line":131,"column":8},"end":{"line":131,"column":63}},"46":{"start":{"line":133,"column":4},"end":{"line":146,"column":7}},"47":{"start":{"line":134,"column":8},"end":{"line":142,"column":11}},"48":{"start":{"line":143,"column":21},"end":{"line":143,"column":30}},"49":{"start":{"line":144,"column":8},"end":{"line":144,"column":84}},"50":{"start":{"line":145,"column":8},"end":{"line":145,"column":63}}},"fnMap":{"0":{"name":"(anonymous_0)","decl":{"start":{"line":2,"column":56},"end":{"line":2,"column":57}},"loc":{"start":{"line":2,"column":71},"end":{"line":4,"column":1}},"line":2},"1":{"name":"(anonymous_1)","decl":{"start":{"line":15,"column":112},"end":{"line":15,"column":113}},"loc":{"start":{"line":15,"column":124},"end":{"line":147,"column":1}},"line":15},"2":{"name":"(anonymous_2)","decl":{"start":{"line":19,"column":11},"end":{"line":19,"column":12}},"loc":{"start":{"line":19,"column":29},"end":{"line":60,"column":5}},"line":19},"3":{"name":"(anonymous_3)","decl":{"start":{"line":61,"column":15},"end":{"line":61,"column":16}},"loc":{"start":{"line":61,"column":27},"end":{"line":66,"column":5}},"line":61},"4":{"name":"(anonymous_4)","decl":{"start":{"line":67,"column":14},"end":{"line":67,"column":15}},"loc":{"start":{"line":67,"column":26},"end":{"line":71,"column":5}},"line":67},"5":{"name":"(anonymous_5)","decl":{"start":{"line":72,"column":10},"end":{"line":72,"column":11}},"loc":{"start":{"line":72,"column":28},"end":{"line":84,"column":5}},"line":72},"6":{"name":"(anonymous_6)","decl":{"start":{"line":85,"column":58},"end":{"line":85,"column":59}},"loc":{"start":{"line":85,"column":76},"end":{"line":107,"column":5}},"line":85},"7":{"name":"(anonymous_7)","decl":{"start":{"line":104,"column":21},"end":{"line":104,"column":22}},"loc":{"start":{"line":104,"column":27},"end":{"line":104,"column":30}},"line":104},"8":{"name":"(anonymous_8)","decl":{"start":{"line":108,"column":61},"end":{"line":108,"column":62}},"loc":{"start":{"line":108,"column":79},"end":{"line":132,"column":5}},"line":108},"9":{"name":"(anonymous_9)","decl":{"start":{"line":129,"column":21},"end":{"line":129,"column":22}},"loc":{"start":{"line":129,"column":27},"end":{"line":129,"column":30}},"line":129},"10":{"name":"(anonymous_10)","decl":{"start":{"line":133,"column":62},"end":{"line":133,"column":63}},"loc":{"start":{"line":133,"column":80},"end":{"line":146,"column":5}},"line":133},"11":{"name":"(anonymous_11)","decl":{"start":{"line":143,"column":21},"end":{"line":143,"column":22}},"loc":{"start":{"line":143,"column":27},"end":{"line":143,"column":30}},"line":143}},"branchMap":{"0":{"loc":{"start":{"line":2,"column":22},"end":{"line":4,"column":1}},"type":"binary-expr","locations":[{"start":{"line":2,"column":23},"end":{"line":2,"column":27}},{"start":{"line":2,"column":31},"end":{"line":2,"column":51}},{"start":{"line":2,"column":56},"end":{"line":4,"column":1}}],"line":2},"1":{"loc":{"start":{"line":3,"column":11},"end":{"line":3,"column":61}},"type":"cond-expr","locations":[{"start":{"line":3,"column":37},"end":{"line":3,"column":40}},{"start":{"line":3,"column":43},"end":{"line":3,"column":61}}],"line":3},"2":{"loc":{"start":{"line":3,"column":12},"end":{"line":3,"column":33}},"type":"binary-expr","locations":[{"start":{"line":3,"column":12},"end":{"line":3,"column":15}},{"start":{"line":3,"column":19},"end":{"line":3,"column":33}}],"line":3}},"s":{"0":1,"1":5,"2":1,"3":1,"4":1,"5":1,"6":1,"7":1,"8":1,"9":1,"10":1,"11":1,"12":1,"13":1,"14":1,"15":1,"16":1,"17":1,"18":1,"19":1,"20":1,"21":1,"22":1,"23":0,"24":1,"25":3,"26":1,"27":3,"28":3,"29":1,"30":1,"31":1,"32":1,"33":8,"34":8,"35":0,"36":1,"37":1,"38":1,"39":1,"40":1,"41":1,"42":1,"43":1,"44":1,"45":1,"46":1,"47":1,"48":1,"49":1,"50":1},"f":{"0":5,"1":1,"2":1,"3":3,"4":3,"5":1,"6":1,"7":0,"8":1,"9":0,"10":1,"11":0},"b":{"0":[1,1,1],"1":[0,5],"2":[5,5]},"_coverageSchema":"1a1c01bbd47fc00a2c39e90264f33305004495a9","hash":"8f8c615a2a134d48a1ffb105985822b9b53ab8f2","contentHash":"0cee72a5659b0027f6591f97fa88c6414b07607a163e73bca1a676ce6ccb376a"},"C:\\ISPP\\ISPP-G1-Talent\\api\\v1\\modules\\user\\services\\UserService.js":{"path":"C:\\ISPP\\ISPP-G1-Talent\\api\\v1\\modules\\user\\services\\UserService.js","statementMap":{"0":{"start":{"line":2,"column":0},"end":{"line":2,"column":62}},"1":{"start":{"line":3,"column":0},"end":{"line":3,"column":242}},"2":{"start":{"line":4,"column":20},"end":{"line":4,"column":51}},"3":{"start":{"line":5,"column":15},"end":{"line":5,"column":40}},"4":{"start":{"line":6,"column":34},"end":{"line":6,"column":105}},"5":{"start":{"line":7,"column":22},"end":{"line":7,"column":55}},"6":{"start":{"line":8,"column":26},"end":{"line":8,"column":76}},"7":{"start":{"line":9,"column":31},"end":{"line":9,"column":91}},"8":{"start":{"line":10,"column":19},"end":{"line":10,"column":57}},"9":{"start":{"line":10,"column":31},"end":{"line":10,"column":57}},"10":{"start":{"line":11,"column":0},"end":{"line":11,"column":32}},"11":{"start":{"line":12,"column":20},"end":{"line":12,"column":64}},"12":{"start":{"line":12,"column":34},"end":{"line":12,"column":64}},"13":{"start":{"line":13,"column":0},"end":{"line":13,"column":34}},"14":{"start":{"line":14,"column":43},"end":{"line":22,"column":1}},"15":{"start":{"line":15,"column":4},"end":{"line":21,"column":5}},"16":{"start":{"line":16,"column":8},"end":{"line":16,"column":87}},"17":{"start":{"line":19,"column":8},"end":{"line":19,"column":78}},"18":{"start":{"line":20,"column":8},"end":{"line":20,"column":20}},"19":{"start":{"line":23,"column":0},"end":{"line":23,"column":80}},"20":{"start":{"line":24,"column":19},"end":{"line":45,"column":1}},"21":{"start":{"line":25,"column":4},"end":{"line":44,"column":5}},"22":{"start":{"line":26,"column":22},"end":{"line":26,"column":62}},"23":{"start":{"line":27,"column":8},"end":{"line":32,"column":9}},"24":{"start":{"line":28,"column":29},"end":{"line":28,"column":199}},"25":{"start":{"line":29,"column":33},"end":{"line":29,"column":97}},"26":{"start":{"line":30,"column":12},"end":{"line":30,"column":43}},"27":{"start":{"line":31,"column":12},"end":{"line":31,"column":51}},"28":{"start":{"line":33,"column":8},"end":{"line":36,"column":9}},"29":{"start":{"line":34,"column":33},"end":{"line":34,"column":102}},"30":{"start":{"line":35,"column":12},"end":{"line":35,"column":51}},"31":{"start":{"line":37,"column":21},"end":{"line":37,"column":36}},"32":{"start":{"line":38,"column":8},"end":{"line":38,"column":26}},"33":{"start":{"line":39,"column":8},"end":{"line":39,"column":20}},"34":{"start":{"line":42,"column":8},"end":{"line":42,"column":54}},"35":{"start":{"line":43,"column":8},"end":{"line":43,"column":20}},"36":{"start":{"line":46,"column":0},"end":{"line":46,"column":32}},"37":{"start":{"line":47,"column":19},"end":{"line":61,"column":1}},"38":{"start":{"line":48,"column":4},"end":{"line":60,"column":5}},"39":{"start":{"line":49,"column":22},"end":{"line":49,"column":62}},"40":{"start":{"line":50,"column":8},"end":{"line":53,"column":9}},"41":{"start":{"line":51,"column":29},"end":{"line":51,"column":195}},"42":{"start":{"line":52,"column":12},"end":{"line":52,"column":43}},"43":{"start":{"line":54,"column":28},"end":{"line":54,"column":82}},"44":{"start":{"line":55,"column":8},"end":{"line":55,"column":27}},"45":{"start":{"line":58,"column":8},"end":{"line":58,"column":53}},"46":{"start":{"line":59,"column":8},"end":{"line":59,"column":20}},"47":{"start":{"line":62,"column":0},"end":{"line":62,"column":32}},"48":{"start":{"line":63,"column":33},"end":{"line":72,"column":1}},"49":{"start":{"line":64,"column":4},"end":{"line":71,"column":5}},"50":{"start":{"line":65,"column":28},"end":{"line":65,"column":111}},"51":{"start":{"line":66,"column":8},"end":{"line":66,"column":27}},"52":{"start":{"line":69,"column":8},"end":{"line":69,"column":69}},"53":{"start":{"line":70,"column":8},"end":{"line":70,"column":20}},"54":{"start":{"line":73,"column":0},"end":{"line":73,"column":60}},"55":{"start":{"line":74,"column":27},"end":{"line":83,"column":1}},"56":{"start":{"line":75,"column":4},"end":{"line":82,"column":5}},"57":{"start":{"line":76,"column":28},"end":{"line":76,"column":109}},"58":{"start":{"line":77,"column":8},"end":{"line":77,"column":27}},"59":{"start":{"line":80,"column":8},"end":{"line":80,"column":62}},"60":{"start":{"line":81,"column":8},"end":{"line":81,"column":20}},"61":{"start":{"line":84,"column":0},"end":{"line":84,"column":48}},"62":{"start":{"line":85,"column":19},"end":{"line":95,"column":1}},"63":{"start":{"line":86,"column":4},"end":{"line":94,"column":5}},"64":{"start":{"line":87,"column":22},"end":{"line":87,"column":62}},"65":{"start":{"line":88,"column":8},"end":{"line":88,"column":42}},"66":{"start":{"line":89,"column":8},"end":{"line":89,"column":44}},"67":{"start":{"line":92,"column":8},"end":{"line":92,"column":52}},"68":{"start":{"line":93,"column":8},"end":{"line":93,"column":20}},"69":{"start":{"line":96,"column":0},"end":{"line":96,"column":32}},"70":{"start":{"line":97,"column":18},"end":{"line":109,"column":1}},"71":{"start":{"line":98,"column":4},"end":{"line":108,"column":5}},"72":{"start":{"line":99,"column":21},"end":{"line":99,"column":75}},"73":{"start":{"line":100,"column":19},"end":{"line":100,"column":82}},"74":{"start":{"line":101,"column":22},"end":{"line":101,"column":54}},"75":{"start":{"line":102,"column":23},"end":{"line":102,"column":38}},"76":{"start":{"line":103,"column":8},"end":{"line":103,"column":22}},"77":{"start":{"line":106,"column":8},"end":{"line":106,"column":50}},"78":{"start":{"line":107,"column":8},"end":{"line":107,"column":20}},"79":{"start":{"line":110,"column":0},"end":{"line":110,"column":30}},"80":{"start":{"line":111,"column":0},"end":{"line":121,"column":2}}},"fnMap":{"0":{"name":"(anonymous_0)","decl":{"start":{"line":10,"column":19},"end":{"line":10,"column":20}},"loc":{"start":{"line":10,"column":31},"end":{"line":10,"column":57}},"line":10},"1":{"name":"(anonymous_1)","decl":{"start":{"line":12,"column":20},"end":{"line":12,"column":21}},"loc":{"start":{"line":12,"column":34},"end":{"line":12,"column":64}},"line":12},"2":{"name":"(anonymous_2)","decl":{"start":{"line":14,"column":43},"end":{"line":14,"column":44}},"loc":{"start":{"line":14,"column":61},"end":{"line":22,"column":1}},"line":14},"3":{"name":"(anonymous_3)","decl":{"start":{"line":24,"column":19},"end":{"line":24,"column":20}},"loc":{"start":{"line":24,"column":41},"end":{"line":45,"column":1}},"line":24},"4":{"name":"(anonymous_4)","decl":{"start":{"line":47,"column":19},"end":{"line":47,"column":20}},"loc":{"start":{"line":47,"column":45},"end":{"line":61,"column":1}},"line":47},"5":{"name":"(anonymous_5)","decl":{"start":{"line":63,"column":33},"end":{"line":63,"column":34}},"loc":{"start":{"line":63,"column":56},"end":{"line":72,"column":1}},"line":63},"6":{"name":"(anonymous_6)","decl":{"start":{"line":74,"column":27},"end":{"line":74,"column":28}},"loc":{"start":{"line":74,"column":54},"end":{"line":83,"column":1}},"line":74},"7":{"name":"(anonymous_7)","decl":{"start":{"line":85,"column":19},"end":{"line":85,"column":20}},"loc":{"start":{"line":85,"column":39},"end":{"line":95,"column":1}},"line":85},"8":{"name":"(anonymous_8)","decl":{"start":{"line":97,"column":18},"end":{"line":97,"column":19}},"loc":{"start":{"line":97,"column":34},"end":{"line":109,"column":1}},"line":97}},"branchMap":{"0":{"loc":{"start":{"line":27,"column":8},"end":{"line":32,"column":9}},"type":"if","locations":[{"start":{"line":27,"column":8},"end":{"line":32,"column":9}},{"start":{"line":27,"column":8},"end":{"line":32,"column":9}}],"line":27},"1":{"loc":{"start":{"line":28,"column":73},"end":{"line":28,"column":132}},"type":"cond-expr","locations":[{"start":{"line":28,"column":108},"end":{"line":28,"column":114}},{"start":{"line":28,"column":117},"end":{"line":28,"column":132}}],"line":28},"2":{"loc":{"start":{"line":28,"column":73},"end":{"line":28,"column":105}},"type":"binary-expr","locations":[{"start":{"line":28,"column":73},"end":{"line":28,"column":86}},{"start":{"line":28,"column":90},"end":{"line":28,"column":105}}],"line":28},"3":{"loc":{"start":{"line":28,"column":138},"end":{"line":28,"column":198}},"type":"cond-expr","locations":[{"start":{"line":28,"column":173},"end":{"line":28,"column":179}},{"start":{"line":28,"column":182},"end":{"line":28,"column":198}}],"line":28},"4":{"loc":{"start":{"line":28,"column":138},"end":{"line":28,"column":170}},"type":"binary-expr","locations":[{"start":{"line":28,"column":138},"end":{"line":28,"column":151}},{"start":{"line":28,"column":155},"end":{"line":28,"column":170}}],"line":28},"5":{"loc":{"start":{"line":33,"column":8},"end":{"line":36,"column":9}},"type":"if","locations":[{"start":{"line":33,"column":8},"end":{"line":36,"column":9}},{"start":{"line":33,"column":8},"end":{"line":36,"column":9}}],"line":33},"6":{"loc":{"start":{"line":50,"column":8},"end":{"line":53,"column":9}},"type":"if","locations":[{"start":{"line":50,"column":8},"end":{"line":53,"column":9}},{"start":{"line":50,"column":8},"end":{"line":53,"column":9}}],"line":50},"7":{"loc":{"start":{"line":51,"column":73},"end":{"line":51,"column":132}},"type":"cond-expr","locations":[{"start":{"line":51,"column":108},"end":{"line":51,"column":114}},{"start":{"line":51,"column":117},"end":{"line":51,"column":132}}],"line":51},"8":{"loc":{"start":{"line":51,"column":73},"end":{"line":51,"column":105}},"type":"binary-expr","locations":[{"start":{"line":51,"column":73},"end":{"line":51,"column":86}},{"start":{"line":51,"column":90},"end":{"line":51,"column":105}}],"line":51},"9":{"loc":{"start":{"line":51,"column":134},"end":{"line":51,"column":194}},"type":"cond-expr","locations":[{"start":{"line":51,"column":169},"end":{"line":51,"column":175}},{"start":{"line":51,"column":178},"end":{"line":51,"column":194}}],"line":51},"10":{"loc":{"start":{"line":51,"column":134},"end":{"line":51,"column":166}},"type":"binary-expr","locations":[{"start":{"line":51,"column":134},"end":{"line":51,"column":147}},{"start":{"line":51,"column":151},"end":{"line":51,"column":166}}],"line":51},"11":{"loc":{"start":{"line":100,"column":19},"end":{"line":100,"column":82}},"type":"cond-expr","locations":[{"start":{"line":100,"column":54},"end":{"line":100,"column":60}},{"start":{"line":100,"column":63},"end":{"line":100,"column":82}}],"line":100},"12":{"loc":{"start":{"line":100,"column":19},"end":{"line":100,"column":51}},"type":"binary-expr","locations":[{"start":{"line":100,"column":19},"end":{"line":100,"column":32}},{"start":{"line":100,"column":36},"end":{"line":100,"column":51}}],"line":100}},"s":{"0":1,"1":1,"2":1,"3":1,"4":1,"5":1,"6":1,"7":1,"8":1,"9":1,"10":1,"11":1,"12":0,"13":1,"14":1,"15":0,"16":0,"17":0,"18":0,"19":1,"20":1,"21":6,"22":6,"23":6,"24":4,"25":4,"26":4,"27":4,"28":6,"29":2,"30":2,"31":6,"32":6,"33":6,"34":0,"35":0,"36":1,"37":1,"38":0,"39":0,"40":0,"41":0,"42":0,"43":0,"44":0,"45":0,"46":0,"47":1,"48":1,"49":0,"50":0,"51":0,"52":0,"53":0,"54":1,"55":1,"56":0,"57":0,"58":0,"59":0,"60":0,"61":1,"62":1,"63":0,"64":0,"65":0,"66":0,"67":0,"68":0,"69":1,"70":1,"71":3,"72":3,"73":3,"74":3,"75":3,"76":3,"77":0,"78":0,"79":1,"80":1},"f":{"0":1,"1":0,"2":0,"3":6,"4":0,"5":0,"6":0,"7":0,"8":3},"b":{"0":[4,2],"1":[0,4],"2":[4,4],"3":[0,4],"4":[4,4],"5":[2,4],"6":[0,0],"7":[0,0],"8":[0,0],"9":[0,0],"10":[0,0],"11":[0,3],"12":[3,3]},"_coverageSchema":"1a1c01bbd47fc00a2c39e90264f33305004495a9","hash":"1bd8f484b100367fdd3dddc12fc19ca5f8c1163c","contentHash":"651f53e932a0127ff249afa28f919b473b5d8ce7710ec6ec40c719375c94a7f1"},"C:\\ISPP\\ISPP-G1-Talent\\api\\v1\\modules\\user\\helpers\\handleJWT.js":{"path":"C:\\ISPP\\ISPP-G1-Talent\\api\\v1\\modules\\user\\helpers\\handleJWT.js","statementMap":{"0":{"start":{"line":3,"column":0},"end":{"line":3,"column":62}},"1":{"start":{"line":4,"column":0},"end":{"line":4,"column":49}},"2":{"start":{"line":5,"column":23},"end":{"line":5,"column":46}},"3":{"start":{"line":6,"column":18},"end":{"line":6,"column":93}},"4":{"start":{"line":7,"column":20},"end":{"line":10,"column":1}},"5":{"start":{"line":8,"column":16},"end":{"line":8,"column":85}},"6":{"start":{"line":9,"column":4},"end":{"line":9,"column":15}},"7":{"start":{"line":11,"column":0},"end":{"line":11,"column":34}},"8":{"start":{"line":12,"column":18},"end":{"line":12,"column":73}},"9":{"start":{"line":12,"column":29},"end":{"line":12,"column":73}},"10":{"start":{"line":13,"column":0},"end":{"line":13,"column":30}}},"fnMap":{"0":{"name":"(anonymous_0)","decl":{"start":{"line":7,"column":20},"end":{"line":7,"column":21}},"loc":{"start":{"line":7,"column":28},"end":{"line":10,"column":1}},"line":7},"1":{"name":"(anonymous_1)","decl":{"start":{"line":12,"column":18},"end":{"line":12,"column":19}},"loc":{"start":{"line":12,"column":29},"end":{"line":12,"column":73}},"line":12}},"branchMap":{"0":{"loc":{"start":{"line":6,"column":18},"end":{"line":6,"column":93}},"type":"cond-expr","locations":[{"start":{"line":6,"column":76},"end":{"line":6,"column":78}},{"start":{"line":6,"column":81},"end":{"line":6,"column":93}}],"line":6},"1":{"loc":{"start":{"line":6,"column":18},"end":{"line":6,"column":73}},"type":"binary-expr","locations":[{"start":{"line":6,"column":18},"end":{"line":6,"column":56}},{"start":{"line":6,"column":60},"end":{"line":6,"column":73}}],"line":6}},"s":{"0":1,"1":1,"2":1,"3":1,"4":1,"5":3,"6":3,"7":1,"8":1,"9":1,"10":1},"f":{"0":3,"1":1},"b":{"0":[0,1],"1":[1,1]},"_coverageSchema":"1a1c01bbd47fc00a2c39e90264f33305004495a9","hash":"9836012454303093724e8242eaf16976a8363f1f","contentHash":"61860d423341e50a1f34df7c3c272078520d5d58008e93dd21086ffdae0dac2b"},"C:\\ISPP\\ISPP-G1-Talent\\api\\v1\\modules\\user\\models\\user.js":{"path":"C:\\ISPP\\ISPP-G1-Talent\\api\\v1\\modules\\user\\models\\user.js","statementMap":{"0":{"start":{"line":2,"column":22},"end":{"line":4,"column":1}},"1":{"start":{"line":3,"column":4},"end":{"line":3,"column":62}},"2":{"start":{"line":5,"column":0},"end":{"line":5,"column":62}},"3":{"start":{"line":6,"column":0},"end":{"line":6,"column":149}},"4":{"start":{"line":7,"column":19},"end":{"line":7,"column":55}},"5":{"start":{"line":8,"column":25},"end":{"line":8,"column":72}},"6":{"start":{"line":9,"column":26},"end":{"line":9,"column":44}},"7":{"start":{"line":10,"column":28},"end":{"line":14,"column":1}},"8":{"start":{"line":15,"column":0},"end":{"line":15,"column":50}},"9":{"start":{"line":16,"column":30},"end":{"line":19,"column":1}},"10":{"start":{"line":20,"column":0},"end":{"line":20,"column":54}},"11":{"start":{"line":21,"column":18},"end":{"line":24,"column":1}},"12":{"start":{"line":25,"column":0},"end":{"line":25,"column":30}},"13":{"start":{"line":26,"column":19},"end":{"line":34,"column":32}},"14":{"start":{"line":35,"column":17},"end":{"line":35,"column":67}},"15":{"start":{"line":36,"column":13},"end":{"line":36,"column":38}},"16":{"start":{"line":37,"column":0},"end":{"line":37,"column":20}},"17":{"start":{"line":38,"column":29},"end":{"line":42,"column":2}},"18":{"start":{"line":43,"column":24},"end":{"line":56,"column":2}},"19":{"start":{"line":57,"column":23},"end":{"line":57,"column":81}},"20":{"start":{"line":58,"column":0},"end":{"line":58,"column":40}},"21":{"start":{"line":59,"column":18},"end":{"line":59,"column":66}},"22":{"start":{"line":60,"column":0},"end":{"line":60,"column":30}}},"fnMap":{"0":{"name":"(anonymous_0)","decl":{"start":{"line":2,"column":56},"end":{"line":2,"column":57}},"loc":{"start":{"line":2,"column":71},"end":{"line":4,"column":1}},"line":2}},"branchMap":{"0":{"loc":{"start":{"line":2,"column":22},"end":{"line":4,"column":1}},"type":"binary-expr","locations":[{"start":{"line":2,"column":23},"end":{"line":2,"column":27}},{"start":{"line":2,"column":31},"end":{"line":2,"column":51}},{"start":{"line":2,"column":56},"end":{"line":4,"column":1}}],"line":2},"1":{"loc":{"start":{"line":3,"column":11},"end":{"line":3,"column":61}},"type":"cond-expr","locations":[{"start":{"line":3,"column":37},"end":{"line":3,"column":40}},{"start":{"line":3,"column":43},"end":{"line":3,"column":61}}],"line":3},"2":{"loc":{"start":{"line":3,"column":12},"end":{"line":3,"column":33}},"type":"binary-expr","locations":[{"start":{"line":3,"column":12},"end":{"line":3,"column":15}},{"start":{"line":3,"column":19},"end":{"line":3,"column":33}}],"line":3}},"s":{"0":1,"1":1,"2":1,"3":1,"4":1,"5":1,"6":1,"7":1,"8":1,"9":1,"10":1,"11":1,"12":1,"13":1,"14":1,"15":1,"16":1,"17":1,"18":1,"19":1,"20":1,"21":1,"22":1},"f":{"0":1},"b":{"0":[1,1,1],"1":[0,1],"2":[1,1]},"_coverageSchema":"1a1c01bbd47fc00a2c39e90264f33305004495a9","hash":"4e8170fc6f7de5e84ab4561408a19620468e385f","contentHash":"59aed34b01d0c8964e70772fec15fcf8c09527a6bd004c8147120c70946d036c"},"C:\\ISPP\\ISPP-G1-Talent\\api\\v1\\modules\\analysis\\models\\analysis.model.js":{"path":"C:\\ISPP\\ISPP-G1-Talent\\api\\v1\\modules\\analysis\\models\\analysis.model.js","statementMap":{"0":{"start":{"line":2,"column":0},"end":{"line":2,"column":62}},"1":{"start":{"line":3,"column":0},"end":{"line":3,"column":56}},"2":{"start":{"line":4,"column":19},"end":{"line":4,"column":38}},"3":{"start":{"line":5,"column":29},"end":{"line":14,"column":2}},"4":{"start":{"line":15,"column":0},"end":{"line":35,"column":25}},"5":{"start":{"line":37,"column":0},"end":{"line":37,"column":82}},"6":{"start":{"line":38,"column":0},"end":{"line":38,"column":39}},"7":{"start":{"line":38,"column":21},"end":{"line":38,"column":37}},"8":{"start":{"line":40,"column":4},"end":{"line":40,"column":36}}},"fnMap":{"0":{"name":"(anonymous_0)","decl":{"start":{"line":38,"column":12},"end":{"line":38,"column":13}},"loc":{"start":{"line":38,"column":21},"end":{"line":38,"column":37}},"line":38},"1":{"name":"run","decl":{"start":{"line":39,"column":15},"end":{"line":39,"column":18}},"loc":{"start":{"line":39,"column":21},"end":{"line":41,"column":1}},"line":39}},"branchMap":{},"s":{"0":1,"1":1,"2":1,"3":1,"4":1,"5":1,"6":1,"7":0,"8":1},"f":{"0":0,"1":1},"b":{},"_coverageSchema":"1a1c01bbd47fc00a2c39e90264f33305004495a9","hash":"94d32f8661bce74fe1ee0a735ec36c521eecc663","contentHash":"3ec2e8ffda44f40d46c9c2c4988dbe95a87baabed2cfe2ac21e68b1f7e86ae4f"},"C:\\ISPP\\ISPP-G1-Talent\\api\\v1\\modules\\professional-experience\\models\\professional-experience.js":{"path":"C:\\ISPP\\ISPP-G1-Talent\\api\\v1\\modules\\professional-experience\\models\\professional-experience.js","statementMap":{"0":{"start":{"line":2,"column":22},"end":{"line":4,"column":1}},"1":{"start":{"line":3,"column":4},"end":{"line":3,"column":62}},"2":{"start":{"line":5,"column":0},"end":{"line":5,"column":62}},"3":{"start":{"line":6,"column":0},"end":{"line":6,"column":87}},"4":{"start":{"line":7,"column":19},"end":{"line":7,"column":55}},"5":{"start":{"line":8,"column":26},"end":{"line":8,"column":44}},"6":{"start":{"line":9,"column":18},"end":{"line":12,"column":1}},"7":{"start":{"line":13,"column":0},"end":{"line":13,"column":30}},"8":{"start":{"line":14,"column":25},"end":{"line":25,"column":1}},"9":{"start":{"line":26,"column":0},"end":{"line":26,"column":44}},"10":{"start":{"line":27,"column":37},"end":{"line":41,"column":2}},"11":{"start":{"line":42,"column":31},"end":{"line":42,"column":92}},"12":{"start":{"line":43,"column":0},"end":{"line":43,"column":56}}},"fnMap":{"0":{"name":"(anonymous_0)","decl":{"start":{"line":2,"column":56},"end":{"line":2,"column":57}},"loc":{"start":{"line":2,"column":71},"end":{"line":4,"column":1}},"line":2}},"branchMap":{"0":{"loc":{"start":{"line":2,"column":22},"end":{"line":4,"column":1}},"type":"binary-expr","locations":[{"start":{"line":2,"column":23},"end":{"line":2,"column":27}},{"start":{"line":2,"column":31},"end":{"line":2,"column":51}},{"start":{"line":2,"column":56},"end":{"line":4,"column":1}}],"line":2},"1":{"loc":{"start":{"line":3,"column":11},"end":{"line":3,"column":61}},"type":"cond-expr","locations":[{"start":{"line":3,"column":37},"end":{"line":3,"column":40}},{"start":{"line":3,"column":43},"end":{"line":3,"column":61}}],"line":3},"2":{"loc":{"start":{"line":3,"column":12},"end":{"line":3,"column":33}},"type":"binary-expr","locations":[{"start":{"line":3,"column":12},"end":{"line":3,"column":15}},{"start":{"line":3,"column":19},"end":{"line":3,"column":33}}],"line":3}},"s":{"0":1,"1":1,"2":1,"3":1,"4":1,"5":1,"6":1,"7":1,"8":1,"9":1,"10":1,"11":1,"12":1},"f":{"0":1},"b":{"0":[1,1,1],"1":[0,1],"2":[1,1]},"_coverageSchema":"1a1c01bbd47fc00a2c39e90264f33305004495a9","hash":"f5bec6f1624f37acb7aff50292d98c0f68717028","contentHash":"b2a0bface2a9270e3f51bdad98f356bcfb644d64a03e17d266b04b89b8980a2b"},"C:\\ISPP\\ISPP-G1-Talent\\api\\v1\\modules\\user\\helpers\\handleRoles.js":{"path":"C:\\ISPP\\ISPP-G1-Talent\\api\\v1\\modules\\user\\helpers\\handleRoles.js","statementMap":{"0":{"start":{"line":2,"column":0},"end":{"line":2,"column":62}},"1":{"start":{"line":3,"column":0},"end":{"line":3,"column":33}},"2":{"start":{"line":4,"column":15},"end":{"line":4,"column":40}},"3":{"start":{"line":5,"column":24},"end":{"line":14,"column":1}},"4":{"start":{"line":6,"column":4},"end":{"line":13,"column":5}},"5":{"start":{"line":8,"column":12},"end":{"line":8,"column":41}},"6":{"start":{"line":10,"column":12},"end":{"line":10,"column":36}},"7":{"start":{"line":12,"column":12},"end":{"line":12,"column":31}},"8":{"start":{"line":15,"column":0},"end":{"line":15,"column":42}}},"fnMap":{"0":{"name":"(anonymous_0)","decl":{"start":{"line":5,"column":24},"end":{"line":5,"column":25}},"loc":{"start":{"line":5,"column":34},"end":{"line":14,"column":1}},"line":5}},"branchMap":{"0":{"loc":{"start":{"line":6,"column":4},"end":{"line":13,"column":5}},"type":"switch","locations":[{"start":{"line":7,"column":8},"end":{"line":8,"column":41}},{"start":{"line":9,"column":8},"end":{"line":10,"column":36}},{"start":{"line":11,"column":8},"end":{"line":12,"column":31}}],"line":6}},"s":{"0":1,"1":1,"2":1,"3":1,"4":6,"5":2,"6":4,"7":0,"8":1},"f":{"0":6},"b":{"0":[2,4,0]},"_coverageSchema":"1a1c01bbd47fc00a2c39e90264f33305004495a9","hash":"bf08661957ddff39ac4fbdc594ad2a432d15298a","contentHash":"d319dbd0d3743ec69549ad023dd953b59036f894e2258b9cd6c70dd664ab8b40"},"C:\\ISPP\\ISPP-G1-Talent\\api\\v1\\modules\\analysis\\services\\AnalysisService.js":{"path":"C:\\ISPP\\ISPP-G1-Talent\\api\\v1\\modules\\analysis\\services\\AnalysisService.js","statementMap":{"0":{"start":{"line":2,"column":0},"end":{"line":2,"column":62}},"1":{"start":{"line":3,"column":0},"end":{"line":3,"column":146}},"2":{"start":{"line":4,"column":25},"end":{"line":4,"column":60}},"3":{"start":{"line":5,"column":30},"end":{"line":5,"column":88}},"4":{"start":{"line":6,"column":15},"end":{"line":6,"column":48}},"5":{"start":{"line":7,"column":24},"end":{"line":7,"column":50}},"6":{"start":{"line":8,"column":18},"end":{"line":8,"column":57}},"7":{"start":{"line":9,"column":25},"end":{"line":9,"column":73}},"8":{"start":{"line":10,"column":20},"end":{"line":10,"column":59}},"9":{"start":{"line":11,"column":31},"end":{"line":11,"column":91}},"10":{"start":{"line":12,"column":23},"end":{"line":12,"column":73}},"11":{"start":{"line":13,"column":23},"end":{"line":13,"column":72}},"12":{"start":{"line":15,"column":23},"end":{"line":23,"column":1}},"13":{"start":{"line":16,"column":4},"end":{"line":22,"column":5}},"14":{"start":{"line":17,"column":25},"end":{"line":17,"column":68}},"15":{"start":{"line":18,"column":8},"end":{"line":18,"column":24}},"16":{"start":{"line":21,"column":8},"end":{"line":21,"column":69}},"17":{"start":{"line":24,"column":0},"end":{"line":24,"column":40}},"18":{"start":{"line":25,"column":24},"end":{"line":42,"column":1}},"19":{"start":{"line":26,"column":4},"end":{"line":28,"column":5}},"20":{"start":{"line":27,"column":8},"end":{"line":27,"column":55}},"21":{"start":{"line":29,"column":4},"end":{"line":41,"column":5}},"22":{"start":{"line":30,"column":25},"end":{"line":30,"column":74}},"23":{"start":{"line":31,"column":8},"end":{"line":33,"column":9}},"24":{"start":{"line":32,"column":12},"end":{"line":32,"column":73}},"25":{"start":{"line":34,"column":8},"end":{"line":34,"column":24}},"26":{"start":{"line":37,"column":8},"end":{"line":40,"column":78}},"27":{"start":{"line":38,"column":12},"end":{"line":38,"column":87}},"28":{"start":{"line":40,"column":12},"end":{"line":40,"column":78}},"29":{"start":{"line":43,"column":0},"end":{"line":43,"column":42}},"30":{"start":{"line":44,"column":36},"end":{"line":58,"column":1}},"31":{"start":{"line":45,"column":4},"end":{"line":47,"column":5}},"32":{"start":{"line":46,"column":8},"end":{"line":46,"column":69}},"33":{"start":{"line":48,"column":4},"end":{"line":57,"column":5}},"34":{"start":{"line":49,"column":25},"end":{"line":49,"column":89}},"35":{"start":{"line":50,"column":8},"end":{"line":52,"column":9}},"36":{"start":{"line":51,"column":12},"end":{"line":51,"column":93}},"37":{"start":{"line":53,"column":8},"end":{"line":53,"column":24}},"38":{"start":{"line":56,"column":8},"end":{"line":56,"column":129}},"39":{"start":{"line":59,"column":0},"end":{"line":59,"column":66}},"40":{"start":{"line":60,"column":23},"end":{"line":149,"column":1}},"41":{"start":{"line":61,"column":4},"end":{"line":61,"column":60}},"42":{"start":{"line":62,"column":4},"end":{"line":64,"column":5}},"43":{"start":{"line":63,"column":8},"end":{"line":63,"column":69}},"44":{"start":{"line":65,"column":4},"end":{"line":148,"column":5}},"45":{"start":{"line":66,"column":8},"end":{"line":77,"column":9}},"46":{"start":{"line":67,"column":39},"end":{"line":67,"column":136}},"47":{"start":{"line":68,"column":12},"end":{"line":75,"column":13}},"48":{"start":{"line":70,"column":16},"end":{"line":70,"column":55}},"49":{"start":{"line":72,"column":17},"end":{"line":75,"column":13}},"50":{"start":{"line":74,"column":16},"end":{"line":74,"column":54}},"51":{"start":{"line":76,"column":12},"end":{"line":76,"column":44}},"52":{"start":{"line":78,"column":25},"end":{"line":78,"column":89}},"53":{"start":{"line":79,"column":25},"end":{"line":79,"column":98}},"54":{"start":{"line":80,"column":8},"end":{"line":143,"column":9}},"55":{"start":{"line":81,"column":33},"end":{"line":97,"column":14}},"56":{"start":{"line":89,"column":73},"end":{"line":96,"column":17}},"57":{"start":{"line":98,"column":32},"end":{"line":98,"column":57}},"58":{"start":{"line":99,"column":12},"end":{"line":104,"column":13}},"59":{"start":{"line":100,"column":39},"end":{"line":100,"column":114}},"60":{"start":{"line":101,"column":16},"end":{"line":103,"column":17}},"61":{"start":{"line":102,"column":20},"end":{"line":102,"column":115}},"62":{"start":{"line":105,"column":12},"end":{"line":105,"column":31}},"63":{"start":{"line":108,"column":27},"end":{"line":108,"column":45}},"64":{"start":{"line":109,"column":36},"end":{"line":112,"column":14}},"65":{"start":{"line":113,"column":12},"end":{"line":141,"column":13}},"66":{"start":{"line":114,"column":39},"end":{"line":114,"column":114}},"67":{"start":{"line":115,"column":34},"end":{"line":115,"column":96}},"68":{"start":{"line":116,"column":16},"end":{"line":140,"column":17}},"69":{"start":{"line":117,"column":41},"end":{"line":120,"column":22}},"70":{"start":{"line":121,"column":20},"end":{"line":130,"column":21}},"71":{"start":{"line":122,"column":24},"end":{"line":126,"column":27}},"72":{"start":{"line":129,"column":24},"end":{"line":129,"column":120}},"73":{"start":{"line":131,"column":36},"end":{"line":134,"column":22}},"74":{"start":{"line":135,"column":20},"end":{"line":139,"column":21}},"75":{"start":{"line":136,"column":24},"end":{"line":138,"column":27}},"76":{"start":{"line":142,"column":12},"end":{"line":142,"column":35}},"77":{"start":{"line":146,"column":8},"end":{"line":146,"column":55}},"78":{"start":{"line":147,"column":8},"end":{"line":147,"column":20}},"79":{"start":{"line":150,"column":0},"end":{"line":150,"column":40}},"80":{"start":{"line":151,"column":23},"end":{"line":167,"column":1}},"81":{"start":{"line":152,"column":4},"end":{"line":154,"column":5}},"82":{"start":{"line":153,"column":8},"end":{"line":153,"column":69}},"83":{"start":{"line":155,"column":4},"end":{"line":166,"column":5}},"84":{"start":{"line":156,"column":32},"end":{"line":156,"column":105}},"85":{"start":{"line":157,"column":8},"end":{"line":158,"column":92}},"86":{"start":{"line":158,"column":12},"end":{"line":158,"column":92}},"87":{"start":{"line":159,"column":8},"end":{"line":159,"column":31}},"88":{"start":{"line":162,"column":8},"end":{"line":165,"column":85}},"89":{"start":{"line":163,"column":12},"end":{"line":163,"column":94}},"90":{"start":{"line":165,"column":12},"end":{"line":165,"column":85}},"91":{"start":{"line":168,"column":0},"end":{"line":168,"column":40}},"92":{"start":{"line":169,"column":0},"end":{"line":175,"column":2}}},"fnMap":{"0":{"name":"(anonymous_0)","decl":{"start":{"line":15,"column":23},"end":{"line":15,"column":24}},"loc":{"start":{"line":15,"column":35},"end":{"line":23,"column":1}},"line":15},"1":{"name":"(anonymous_1)","decl":{"start":{"line":25,"column":24},"end":{"line":25,"column":25}},"loc":{"start":{"line":25,"column":45},"end":{"line":42,"column":1}},"line":25},"2":{"name":"(anonymous_2)","decl":{"start":{"line":44,"column":36},"end":{"line":44,"column":37}},"loc":{"start":{"line":44,"column":62},"end":{"line":58,"column":1}},"line":44},"3":{"name":"(anonymous_3)","decl":{"start":{"line":60,"column":23},"end":{"line":60,"column":24}},"loc":{"start":{"line":60,"column":68},"end":{"line":149,"column":1}},"line":60},"4":{"name":"(anonymous_4)","decl":{"start":{"line":89,"column":62},"end":{"line":89,"column":63}},"loc":{"start":{"line":89,"column":73},"end":{"line":96,"column":17}},"line":89},"5":{"name":"(anonymous_5)","decl":{"start":{"line":151,"column":23},"end":{"line":151,"column":24}},"loc":{"start":{"line":151,"column":49},"end":{"line":167,"column":1}},"line":151}},"branchMap":{"0":{"loc":{"start":{"line":26,"column":4},"end":{"line":28,"column":5}},"type":"if","locations":[{"start":{"line":26,"column":4},"end":{"line":28,"column":5}},{"start":{"line":26,"column":4},"end":{"line":28,"column":5}}],"line":26},"1":{"loc":{"start":{"line":31,"column":8},"end":{"line":33,"column":9}},"type":"if","locations":[{"start":{"line":31,"column":8},"end":{"line":33,"column":9}},{"start":{"line":31,"column":8},"end":{"line":33,"column":9}}],"line":31},"2":{"loc":{"start":{"line":37,"column":8},"end":{"line":40,"column":78}},"type":"if","locations":[{"start":{"line":37,"column":8},"end":{"line":40,"column":78}},{"start":{"line":37,"column":8},"end":{"line":40,"column":78}}],"line":37},"3":{"loc":{"start":{"line":45,"column":4},"end":{"line":47,"column":5}},"type":"if","locations":[{"start":{"line":45,"column":4},"end":{"line":47,"column":5}},{"start":{"line":45,"column":4},"end":{"line":47,"column":5}}],"line":45},"4":{"loc":{"start":{"line":50,"column":8},"end":{"line":52,"column":9}},"type":"if","locations":[{"start":{"line":50,"column":8},"end":{"line":52,"column":9}},{"start":{"line":50,"column":8},"end":{"line":52,"column":9}}],"line":50},"5":{"loc":{"start":{"line":56,"column":79},"end":{"line":56,"column":125}},"type":"cond-expr","locations":[{"start":{"line":56,"column":104},"end":{"line":56,"column":117}},{"start":{"line":56,"column":120},"end":{"line":56,"column":125}}],"line":56},"6":{"loc":{"start":{"line":61,"column":12},"end":{"line":61,"column":59}},"type":"cond-expr","locations":[{"start":{"line":61,"column":49},"end":{"line":61,"column":54}},{"start":{"line":61,"column":57},"end":{"line":61,"column":59}}],"line":61},"7":{"loc":{"start":{"line":61,"column":12},"end":{"line":61,"column":46}},"type":"binary-expr","locations":[{"start":{"line":61,"column":12},"end":{"line":61,"column":26}},{"start":{"line":61,"column":30},"end":{"line":61,"column":46}}],"line":61},"8":{"loc":{"start":{"line":62,"column":4},"end":{"line":64,"column":5}},"type":"if","locations":[{"start":{"line":62,"column":4},"end":{"line":64,"column":5}},{"start":{"line":62,"column":4},"end":{"line":64,"column":5}}],"line":62},"9":{"loc":{"start":{"line":66,"column":8},"end":{"line":77,"column":9}},"type":"if","locations":[{"start":{"line":66,"column":8},"end":{"line":77,"column":9}},{"start":{"line":66,"column":8},"end":{"line":77,"column":9}}],"line":66},"10":{"loc":{"start":{"line":68,"column":12},"end":{"line":75,"column":13}},"type":"if","locations":[{"start":{"line":68,"column":12},"end":{"line":75,"column":13}},{"start":{"line":68,"column":12},"end":{"line":75,"column":13}}],"line":68},"11":{"loc":{"start":{"line":72,"column":17},"end":{"line":75,"column":13}},"type":"if","locations":[{"start":{"line":72,"column":17},"end":{"line":75,"column":13}},{"start":{"line":72,"column":17},"end":{"line":75,"column":13}}],"line":72},"12":{"loc":{"start":{"line":80,"column":8},"end":{"line":143,"column":9}},"type":"if","locations":[{"start":{"line":80,"column":8},"end":{"line":143,"column":9}},{"start":{"line":80,"column":8},"end":{"line":143,"column":9}}],"line":80},"13":{"loc":{"start":{"line":99,"column":12},"end":{"line":104,"column":13}},"type":"if","locations":[{"start":{"line":99,"column":12},"end":{"line":104,"column":13}},{"start":{"line":99,"column":12},"end":{"line":104,"column":13}}],"line":99},"14":{"loc":{"start":{"line":101,"column":16},"end":{"line":103,"column":17}},"type":"if","locations":[{"start":{"line":101,"column":16},"end":{"line":103,"column":17}},{"start":{"line":101,"column":16},"end":{"line":103,"column":17}}],"line":101},"15":{"loc":{"start":{"line":113,"column":12},"end":{"line":141,"column":13}},"type":"if","locations":[{"start":{"line":113,"column":12},"end":{"line":141,"column":13}},{"start":{"line":113,"column":12},"end":{"line":141,"column":13}}],"line":113},"16":{"loc":{"start":{"line":116,"column":16},"end":{"line":140,"column":17}},"type":"if","locations":[{"start":{"line":116,"column":16},"end":{"line":140,"column":17}},{"start":{"line":116,"column":16},"end":{"line":140,"column":17}}],"line":116},"17":{"loc":{"start":{"line":116,"column":20},"end":{"line":116,"column":65}},"type":"binary-expr","locations":[{"start":{"line":116,"column":20},"end":{"line":116,"column":43}},{"start":{"line":116,"column":47},"end":{"line":116,"column":65}}],"line":116},"18":{"loc":{"start":{"line":121,"column":20},"end":{"line":130,"column":21}},"type":"if","locations":[{"start":{"line":121,"column":20},"end":{"line":130,"column":21}},{"start":{"line":121,"column":20},"end":{"line":130,"column":21}}],"line":121},"19":{"loc":{"start":{"line":133,"column":36},"end":{"line":133,"column":121}},"type":"cond-expr","locations":[{"start":{"line":133,"column":93},"end":{"line":133,"column":99}},{"start":{"line":133,"column":102},"end":{"line":133,"column":121}}],"line":133},"20":{"loc":{"start":{"line":133,"column":36},"end":{"line":133,"column":90}},"type":"binary-expr","locations":[{"start":{"line":133,"column":36},"end":{"line":133,"column":60}},{"start":{"line":133,"column":64},"end":{"line":133,"column":90}}],"line":133},"21":{"loc":{"start":{"line":135,"column":20},"end":{"line":139,"column":21}},"type":"if","locations":[{"start":{"line":135,"column":20},"end":{"line":139,"column":21}},{"start":{"line":135,"column":20},"end":{"line":139,"column":21}}],"line":135},"22":{"loc":{"start":{"line":137,"column":40},"end":{"line":137,"column":125}},"type":"cond-expr","locations":[{"start":{"line":137,"column":97},"end":{"line":137,"column":103}},{"start":{"line":137,"column":106},"end":{"line":137,"column":125}}],"line":137},"23":{"loc":{"start":{"line":137,"column":40},"end":{"line":137,"column":94}},"type":"binary-expr","locations":[{"start":{"line":137,"column":40},"end":{"line":137,"column":64}},{"start":{"line":137,"column":68},"end":{"line":137,"column":94}}],"line":137},"24":{"loc":{"start":{"line":152,"column":4},"end":{"line":154,"column":5}},"type":"if","locations":[{"start":{"line":152,"column":4},"end":{"line":154,"column":5}},{"start":{"line":152,"column":4},"end":{"line":154,"column":5}}],"line":152},"25":{"loc":{"start":{"line":157,"column":8},"end":{"line":158,"column":92}},"type":"if","locations":[{"start":{"line":157,"column":8},"end":{"line":158,"column":92}},{"start":{"line":157,"column":8},"end":{"line":158,"column":92}}],"line":157},"26":{"loc":{"start":{"line":162,"column":8},"end":{"line":165,"column":85}},"type":"if","locations":[{"start":{"line":162,"column":8},"end":{"line":165,"column":85}},{"start":{"line":162,"column":8},"end":{"line":165,"column":85}}],"line":162}},"s":{"0":1,"1":1,"2":1,"3":1,"4":1,"5":1,"6":1,"7":1,"8":1,"9":1,"10":1,"11":1,"12":1,"13":0,"14":0,"15":0,"16":0,"17":1,"18":1,"19":0,"20":0,"21":0,"22":0,"23":0,"24":0,"25":0,"26":0,"27":0,"28":0,"29":1,"30":1,"31":0,"32":0,"33":0,"34":0,"35":0,"36":0,"37":0,"38":0,"39":1,"40":1,"41":4,"42":4,"43":0,"44":4,"45":4,"46":0,"47":0,"48":0,"49":0,"50":0,"51":0,"52":4,"53":4,"54":4,"55":4,"56":39,"57":4,"58":4,"59":0,"60":0,"61":0,"62":4,"63":0,"64":0,"65":0,"66":0,"67":0,"68":0,"69":0,"70":0,"71":0,"72":0,"73":0,"74":0,"75":0,"76":0,"77":0,"78":0,"79":1,"80":1,"81":0,"82":0,"83":0,"84":0,"85":0,"86":0,"87":0,"88":0,"89":0,"90":0,"91":1,"92":1},"f":{"0":0,"1":0,"2":0,"3":4,"4":39,"5":0},"b":{"0":[0,0],"1":[0,0],"2":[0,0],"3":[0,0],"4":[0,0],"5":[0,0],"6":[4,0],"7":[4,4],"8":[0,4],"9":[0,4],"10":[0,0],"11":[0,0],"12":[4,0],"13":[0,4],"14":[0,0],"15":[0,0],"16":[0,0],"17":[0,0],"18":[0,0],"19":[0,0],"20":[0,0],"21":[0,0],"22":[0,0],"23":[0,0],"24":[0,0],"25":[0,0],"26":[0,0]},"_coverageSchema":"1a1c01bbd47fc00a2c39e90264f33305004495a9","hash":"243583cdb008c01c95865b4a5c604ca8f7ccef44","contentHash":"19a9b4fbc83ed2d65231e33efc4f41c3ae5292078d55f41db3316462a1da444e"},"C:\\ISPP\\ISPP-G1-Talent\\api\\v1\\modules\\notification\\services\\NotificationService.js":{"path":"C:\\ISPP\\ISPP-G1-Talent\\api\\v1\\modules\\notification\\services\\NotificationService.js","statementMap":{"0":{"start":{"line":2,"column":0},"end":{"line":2,"column":62}},"1":{"start":{"line":3,"column":0},"end":{"line":3,"column":193}},"2":{"start":{"line":4,"column":23},"end":{"line":4,"column":56}},"3":{"start":{"line":5,"column":15},"end":{"line":5,"column":48}},"4":{"start":{"line":6,"column":27},"end":{"line":14,"column":1}},"5":{"start":{"line":7,"column":4},"end":{"line":13,"column":5}},"6":{"start":{"line":8,"column":30},"end":{"line":8,"column":72}},"7":{"start":{"line":9,"column":8},"end":{"line":9,"column":29}},"8":{"start":{"line":12,"column":8},"end":{"line":12,"column":73}},"9":{"start":{"line":15,"column":0},"end":{"line":15,"column":48}},"10":{"start":{"line":16,"column":28},"end":{"line":30,"column":1}},"11":{"start":{"line":17,"column":4},"end":{"line":29,"column":5}},"12":{"start":{"line":18,"column":29},"end":{"line":18,"column":75}},"13":{"start":{"line":19,"column":8},"end":{"line":25,"column":9}},"14":{"start":{"line":20,"column":39},"end":{"line":20,"column":110}},"15":{"start":{"line":21,"column":12},"end":{"line":21,"column":38}},"16":{"start":{"line":24,"column":12},"end":{"line":24,"column":32}},"17":{"start":{"line":28,"column":8},"end":{"line":28,"column":85}},"18":{"start":{"line":31,"column":0},"end":{"line":31,"column":50}},"19":{"start":{"line":32,"column":38},"end":{"line":40,"column":1}},"20":{"start":{"line":33,"column":4},"end":{"line":39,"column":5}},"21":{"start":{"line":34,"column":30},"end":{"line":34,"column":85}},"22":{"start":{"line":35,"column":8},"end":{"line":35,"column":29}},"23":{"start":{"line":38,"column":8},"end":{"line":38,"column":86}},"24":{"start":{"line":41,"column":0},"end":{"line":41,"column":70}},"25":{"start":{"line":42,"column":27},"end":{"line":59,"column":1}},"26":{"start":{"line":43,"column":4},"end":{"line":58,"column":5}},"27":{"start":{"line":44,"column":29},"end":{"line":44,"column":66}},"28":{"start":{"line":45,"column":8},"end":{"line":45,"column":43}},"29":{"start":{"line":46,"column":26},"end":{"line":46,"column":127}},"30":{"start":{"line":47,"column":31},"end":{"line":47,"column":142}},"31":{"start":{"line":48,"column":8},"end":{"line":49,"column":66}},"32":{"start":{"line":49,"column":12},"end":{"line":49,"column":66}},"33":{"start":{"line":50,"column":8},"end":{"line":51,"column":76}},"34":{"start":{"line":51,"column":12},"end":{"line":51,"column":76}},"35":{"start":{"line":52,"column":8},"end":{"line":52,"column":34}},"36":{"start":{"line":53,"column":8},"end":{"line":53,"column":28}},"37":{"start":{"line":56,"column":8},"end":{"line":56,"column":62}},"38":{"start":{"line":57,"column":8},"end":{"line":57,"column":20}},"39":{"start":{"line":60,"column":0},"end":{"line":60,"column":48}},"40":{"start":{"line":61,"column":27},"end":{"line":70,"column":1}},"41":{"start":{"line":62,"column":4},"end":{"line":69,"column":5}},"42":{"start":{"line":63,"column":29},"end":{"line":63,"column":105}},"43":{"start":{"line":64,"column":8},"end":{"line":64,"column":28}},"44":{"start":{"line":67,"column":8},"end":{"line":67,"column":62}},"45":{"start":{"line":68,"column":8},"end":{"line":68,"column":20}},"46":{"start":{"line":71,"column":0},"end":{"line":71,"column":48}},"47":{"start":{"line":72,"column":27},"end":{"line":81,"column":1}},"48":{"start":{"line":73,"column":4},"end":{"line":80,"column":5}},"49":{"start":{"line":74,"column":8},"end":{"line":74,"column":64}},"50":{"start":{"line":75,"column":8},"end":{"line":75,"column":51}},"51":{"start":{"line":78,"column":8},"end":{"line":78,"column":61}},"52":{"start":{"line":79,"column":8},"end":{"line":79,"column":20}},"53":{"start":{"line":82,"column":0},"end":{"line":82,"column":48}},"54":{"start":{"line":83,"column":0},"end":{"line":90,"column":2}}},"fnMap":{"0":{"name":"(anonymous_0)","decl":{"start":{"line":6,"column":27},"end":{"line":6,"column":28}},"loc":{"start":{"line":6,"column":39},"end":{"line":14,"column":1}},"line":6},"1":{"name":"(anonymous_1)","decl":{"start":{"line":16,"column":28},"end":{"line":16,"column":29}},"loc":{"start":{"line":16,"column":49},"end":{"line":30,"column":1}},"line":16},"2":{"name":"(anonymous_2)","decl":{"start":{"line":32,"column":38},"end":{"line":32,"column":39}},"loc":{"start":{"line":32,"column":61},"end":{"line":40,"column":1}},"line":32},"3":{"name":"(anonymous_3)","decl":{"start":{"line":42,"column":27},"end":{"line":42,"column":28}},"loc":{"start":{"line":42,"column":43},"end":{"line":59,"column":1}},"line":42},"4":{"name":"(anonymous_4)","decl":{"start":{"line":61,"column":27},"end":{"line":61,"column":28}},"loc":{"start":{"line":61,"column":47},"end":{"line":70,"column":1}},"line":61},"5":{"name":"(anonymous_5)","decl":{"start":{"line":72,"column":27},"end":{"line":72,"column":28}},"loc":{"start":{"line":72,"column":41},"end":{"line":81,"column":1}},"line":72}},"branchMap":{"0":{"loc":{"start":{"line":19,"column":8},"end":{"line":25,"column":9}},"type":"if","locations":[{"start":{"line":19,"column":8},"end":{"line":25,"column":9}},{"start":{"line":19,"column":8},"end":{"line":25,"column":9}}],"line":19},"1":{"loc":{"start":{"line":19,"column":12},"end":{"line":19,"column":126}},"type":"binary-expr","locations":[{"start":{"line":19,"column":12},"end":{"line":19,"column":33}},{"start":{"line":19,"column":37},"end":{"line":19,"column":126}}],"line":19},"2":{"loc":{"start":{"line":19,"column":38},"end":{"line":19,"column":115}},"type":"cond-expr","locations":[{"start":{"line":19,"column":89},"end":{"line":19,"column":95}},{"start":{"line":19,"column":98},"end":{"line":19,"column":115}}],"line":19},"3":{"loc":{"start":{"line":19,"column":38},"end":{"line":19,"column":86}},"type":"binary-expr","locations":[{"start":{"line":19,"column":38},"end":{"line":19,"column":59}},{"start":{"line":19,"column":63},"end":{"line":19,"column":86}}],"line":19},"4":{"loc":{"start":{"line":46,"column":64},"end":{"line":46,"column":124}},"type":"cond-expr","locations":[{"start":{"line":46,"column":99},"end":{"line":46,"column":105}},{"start":{"line":46,"column":108},"end":{"line":46,"column":124}}],"line":46},"5":{"loc":{"start":{"line":46,"column":64},"end":{"line":46,"column":96}},"type":"binary-expr","locations":[{"start":{"line":46,"column":64},"end":{"line":46,"column":77}},{"start":{"line":46,"column":81},"end":{"line":46,"column":96}}],"line":46},"6":{"loc":{"start":{"line":47,"column":74},"end":{"line":47,"column":139}},"type":"cond-expr","locations":[{"start":{"line":47,"column":109},"end":{"line":47,"column":115}},{"start":{"line":47,"column":118},"end":{"line":47,"column":139}}],"line":47},"7":{"loc":{"start":{"line":47,"column":74},"end":{"line":47,"column":106}},"type":"binary-expr","locations":[{"start":{"line":47,"column":74},"end":{"line":47,"column":87}},{"start":{"line":47,"column":91},"end":{"line":47,"column":106}}],"line":47},"8":{"loc":{"start":{"line":48,"column":8},"end":{"line":49,"column":66}},"type":"if","locations":[{"start":{"line":48,"column":8},"end":{"line":49,"column":66}},{"start":{"line":48,"column":8},"end":{"line":49,"column":66}}],"line":48},"9":{"loc":{"start":{"line":50,"column":8},"end":{"line":51,"column":76}},"type":"if","locations":[{"start":{"line":50,"column":8},"end":{"line":51,"column":76}},{"start":{"line":50,"column":8},"end":{"line":51,"column":76}}],"line":50}},"s":{"0":1,"1":1,"2":1,"3":1,"4":1,"5":0,"6":0,"7":0,"8":0,"9":1,"10":1,"11":0,"12":0,"13":0,"14":0,"15":0,"16":0,"17":0,"18":1,"19":1,"20":0,"21":0,"22":0,"23":0,"24":1,"25":1,"26":2,"27":2,"28":2,"29":2,"30":2,"31":2,"32":0,"33":2,"34":0,"35":2,"36":2,"37":0,"38":0,"39":1,"40":1,"41":0,"42":0,"43":0,"44":0,"45":0,"46":1,"47":1,"48":0,"49":0,"50":0,"51":0,"52":0,"53":1,"54":1},"f":{"0":0,"1":0,"2":0,"3":2,"4":0,"5":0},"b":{"0":[0,0],"1":[0,0],"2":[0,0],"3":[0,0],"4":[0,2],"5":[2,2],"6":[0,2],"7":[2,2],"8":[0,2],"9":[0,2]},"_coverageSchema":"1a1c01bbd47fc00a2c39e90264f33305004495a9","hash":"93a1f1e71b66880c83b06be27356779e406667e9","contentHash":"76d52ceb45c963c132916472a7dfeb590d455362508c97f1e11ae75034c7bcfc"},"C:\\ISPP\\ISPP-G1-Talent\\api\\v1\\modules\\notification\\models\\notification.js":{"path":"C:\\ISPP\\ISPP-G1-Talent\\api\\v1\\modules\\notification\\models\\notification.js","statementMap":{"0":{"start":{"line":2,"column":22},"end":{"line":4,"column":1}},"1":{"start":{"line":3,"column":4},"end":{"line":3,"column":62}},"2":{"start":{"line":5,"column":0},"end":{"line":5,"column":62}},"3":{"start":{"line":6,"column":0},"end":{"line":6,"column":30}},"4":{"start":{"line":7,"column":19},"end":{"line":7,"column":55}},"5":{"start":{"line":8,"column":26},"end":{"line":8,"column":44}},"6":{"start":{"line":9,"column":27},"end":{"line":22,"column":2}},"7":{"start":{"line":23,"column":21},"end":{"line":23,"column":62}},"8":{"start":{"line":24,"column":0},"end":{"line":24,"column":36}}},"fnMap":{"0":{"name":"(anonymous_0)","decl":{"start":{"line":2,"column":56},"end":{"line":2,"column":57}},"loc":{"start":{"line":2,"column":71},"end":{"line":4,"column":1}},"line":2}},"branchMap":{"0":{"loc":{"start":{"line":2,"column":22},"end":{"line":4,"column":1}},"type":"binary-expr","locations":[{"start":{"line":2,"column":23},"end":{"line":2,"column":27}},{"start":{"line":2,"column":31},"end":{"line":2,"column":51}},{"start":{"line":2,"column":56},"end":{"line":4,"column":1}}],"line":2},"1":{"loc":{"start":{"line":3,"column":11},"end":{"line":3,"column":61}},"type":"cond-expr","locations":[{"start":{"line":3,"column":37},"end":{"line":3,"column":40}},{"start":{"line":3,"column":43},"end":{"line":3,"column":61}}],"line":3},"2":{"loc":{"start":{"line":3,"column":12},"end":{"line":3,"column":33}},"type":"binary-expr","locations":[{"start":{"line":3,"column":12},"end":{"line":3,"column":15}},{"start":{"line":3,"column":19},"end":{"line":3,"column":33}}],"line":3}},"s":{"0":1,"1":1,"2":1,"3":1,"4":1,"5":1,"6":1,"7":1,"8":1},"f":{"0":1},"b":{"0":[1,1,1],"1":[0,1],"2":[1,1]},"_coverageSchema":"1a1c01bbd47fc00a2c39e90264f33305004495a9","hash":"b52934eab4423ceb1d0c6f9cb75e0fd2602abd43","contentHash":"8f7bc9e7e747347c1af50a72c9275186949497cf813192cc8bfdadb8049948a1"},"C:\\ISPP\\ISPP-G1-Talent\\api\\v1\\modules\\analysis\\services\\GitHubService.js":{"path":"C:\\ISPP\\ISPP-G1-Talent\\api\\v1\\modules\\analysis\\services\\GitHubService.js","statementMap":{"0":{"start":{"line":2,"column":0},"end":{"line":2,"column":62}},"1":{"start":{"line":3,"column":0},"end":{"line":3,"column":36}},"2":{"start":{"line":4,"column":25},"end":{"line":4,"column":49}},"3":{"start":{"line":5,"column":22},"end":{"line":5,"column":42}},"4":{"start":{"line":6,"column":20},"end":{"line":58,"column":1}},"5":{"start":{"line":59,"column":29},"end":{"line":207,"column":1}},"6":{"start":{"line":210,"column":25},"end":{"line":210,"column":249}},"7":{"start":{"line":211,"column":27},"end":{"line":211,"column":29}},"8":{"start":{"line":213,"column":4},"end":{"line":225,"column":5}},"9":{"start":{"line":213,"column":17},"end":{"line":213,"column":18}},"10":{"start":{"line":214,"column":34},"end":{"line":214,"column":43}},"11":{"start":{"line":215,"column":22},"end":{"line":215,"column":49}},"12":{"start":{"line":216,"column":8},"end":{"line":224,"column":9}},"13":{"start":{"line":216,"column":21},"end":{"line":216,"column":22}},"14":{"start":{"line":217,"column":25},"end":{"line":217,"column":38}},"15":{"start":{"line":218,"column":30},"end":{"line":218,"column":112}},"16":{"start":{"line":219,"column":29},"end":{"line":219,"column":51}},"17":{"start":{"line":220,"column":12},"end":{"line":223,"column":13}},"18":{"start":{"line":221,"column":16},"end":{"line":221,"column":48}},"19":{"start":{"line":222,"column":16},"end":{"line":222,"column":79}},"20":{"start":{"line":226,"column":23},"end":{"line":226,"column":91}},"21":{"start":{"line":226,"column":76},"end":{"line":226,"column":87}},"22":{"start":{"line":227,"column":32},"end":{"line":230,"column":7}},"23":{"start":{"line":227,"column":91},"end":{"line":230,"column":5}},"24":{"start":{"line":231,"column":4},"end":{"line":231,"column":68}},"25":{"start":{"line":231,"column":39},"end":{"line":231,"column":66}},"26":{"start":{"line":232,"column":25},"end":{"line":232,"column":56}},"27":{"start":{"line":233,"column":28},"end":{"line":236,"column":20}},"28":{"start":{"line":235,"column":31},"end":{"line":235,"column":52}},"29":{"start":{"line":237,"column":4},"end":{"line":242,"column":5}},"30":{"start":{"line":238,"column":8},"end":{"line":241,"column":11}},"31":{"start":{"line":243,"column":4},"end":{"line":243,"column":24}},"32":{"start":{"line":246,"column":17},"end":{"line":246,"column":33}},"33":{"start":{"line":247,"column":31},"end":{"line":247,"column":40}},"34":{"start":{"line":248,"column":29},"end":{"line":248,"column":30}},"35":{"start":{"line":249,"column":30},"end":{"line":249,"column":31}},"36":{"start":{"line":250,"column":30},"end":{"line":259,"column":5}},"37":{"start":{"line":260,"column":28},"end":{"line":260,"column":30}},"38":{"start":{"line":261,"column":4},"end":{"line":319,"column":7}},"39":{"start":{"line":263,"column":8},"end":{"line":272,"column":9}},"40":{"start":{"line":264,"column":32},"end":{"line":264,"column":60}},"41":{"start":{"line":265,"column":12},"end":{"line":271,"column":63}},"42":{"start":{"line":269,"column":33},"end":{"line":270,"column":36}},"43":{"start":{"line":271,"column":34},"end":{"line":271,"column":61}},"44":{"start":{"line":273,"column":33},"end":{"line":273,"column":42}},"45":{"start":{"line":274,"column":8},"end":{"line":284,"column":9}},"46":{"start":{"line":275,"column":25},"end":{"line":275,"column":41}},"47":{"start":{"line":276,"column":32},"end":{"line":276,"column":48}},"48":{"start":{"line":277,"column":12},"end":{"line":283,"column":61}},"49":{"start":{"line":281,"column":33},"end":{"line":282,"column":36}},"50":{"start":{"line":283,"column":34},"end":{"line":283,"column":59}},"51":{"start":{"line":285,"column":30},"end":{"line":285,"column":80}},"52":{"start":{"line":285,"column":65},"end":{"line":285,"column":79}},"53":{"start":{"line":286,"column":35},"end":{"line":286,"column":36}},"54":{"start":{"line":287,"column":8},"end":{"line":292,"column":11}},"55":{"start":{"line":288,"column":12},"end":{"line":291,"column":15}},"56":{"start":{"line":289,"column":16},"end":{"line":290,"column":43}},"57":{"start":{"line":290,"column":20},"end":{"line":290,"column":43}},"58":{"start":{"line":293,"column":8},"end":{"line":293,"column":51}},"59":{"start":{"line":294,"column":8},"end":{"line":306,"column":9}},"60":{"start":{"line":295,"column":12},"end":{"line":295,"column":55}},"61":{"start":{"line":296,"column":12},"end":{"line":305,"column":14}},"62":{"start":{"line":307,"column":8},"end":{"line":318,"column":9}},"63":{"start":{"line":308,"column":12},"end":{"line":317,"column":15}},"64":{"start":{"line":320,"column":21},"end":{"line":335,"column":5}},"65":{"start":{"line":336,"column":4},"end":{"line":336,"column":20}},"66":{"start":{"line":339,"column":26},"end":{"line":397,"column":4}},"67":{"start":{"line":398,"column":27},"end":{"line":413,"column":5}},"68":{"start":{"line":414,"column":4},"end":{"line":426,"column":5}},"69":{"start":{"line":416,"column":32},"end":{"line":416,"column":79}},"70":{"start":{"line":417,"column":32},"end":{"line":417,"column":100}},"71":{"start":{"line":418,"column":23},"end":{"line":418,"column":90}},"72":{"start":{"line":419,"column":30},"end":{"line":419,"column":73}},"73":{"start":{"line":420,"column":29},"end":{"line":420,"column":73}},"74":{"start":{"line":421,"column":8},"end":{"line":421,"column":28}},"75":{"start":{"line":424,"column":8},"end":{"line":424,"column":39}},"76":{"start":{"line":425,"column":8},"end":{"line":425,"column":20}},"77":{"start":{"line":428,"column":0},"end":{"line":428,"column":48}}},"fnMap":{"0":{"name":"getTopLanguagesPullRequest","decl":{"start":{"line":208,"column":9},"end":{"line":208,"column":35}},"loc":{"start":{"line":208,"column":44},"end":{"line":244,"column":1}},"line":208},"1":{"name":"(anonymous_1)","decl":{"start":{"line":226,"column":60},"end":{"line":226,"column":61}},"loc":{"start":{"line":226,"column":76},"end":{"line":226,"column":87}},"line":226},"2":{"name":"(anonymous_2)","decl":{"start":{"line":227,"column":67},"end":{"line":227,"column":68}},"loc":{"start":{"line":227,"column":91},"end":{"line":230,"column":5}},"line":227},"3":{"name":"(anonymous_3)","decl":{"start":{"line":231,"column":29},"end":{"line":231,"column":30}},"loc":{"start":{"line":231,"column":39},"end":{"line":231,"column":66}},"line":231},"4":{"name":"(anonymous_4)","decl":{"start":{"line":235,"column":16},"end":{"line":235,"column":17}},"loc":{"start":{"line":235,"column":31},"end":{"line":235,"column":52}},"line":235},"5":{"name":"processGitHubUserInfo","decl":{"start":{"line":245,"column":9},"end":{"line":245,"column":30}},"loc":{"start":{"line":245,"column":56},"end":{"line":337,"column":1}},"line":245},"6":{"name":"(anonymous_6)","decl":{"start":{"line":261,"column":36},"end":{"line":261,"column":37}},"loc":{"start":{"line":261,"column":53},"end":{"line":319,"column":5}},"line":261},"7":{"name":"(anonymous_7)","decl":{"start":{"line":269,"column":24},"end":{"line":269,"column":25}},"loc":{"start":{"line":269,"column":33},"end":{"line":270,"column":36}},"line":269},"8":{"name":"(anonymous_8)","decl":{"start":{"line":271,"column":25},"end":{"line":271,"column":26}},"loc":{"start":{"line":271,"column":34},"end":{"line":271,"column":61}},"line":271},"9":{"name":"(anonymous_9)","decl":{"start":{"line":281,"column":24},"end":{"line":281,"column":25}},"loc":{"start":{"line":281,"column":33},"end":{"line":282,"column":36}},"line":281},"10":{"name":"(anonymous_10)","decl":{"start":{"line":283,"column":25},"end":{"line":283,"column":26}},"loc":{"start":{"line":283,"column":34},"end":{"line":283,"column":59}},"line":283},"11":{"name":"(anonymous_11)","decl":{"start":{"line":285,"column":55},"end":{"line":285,"column":56}},"loc":{"start":{"line":285,"column":65},"end":{"line":285,"column":79}},"line":285},"12":{"name":"(anonymous_12)","decl":{"start":{"line":287,"column":34},"end":{"line":287,"column":35}},"loc":{"start":{"line":287,"column":45},"end":{"line":292,"column":9}},"line":287},"13":{"name":"(anonymous_13)","decl":{"start":{"line":288,"column":47},"end":{"line":288,"column":48}},"loc":{"start":{"line":288,"column":61},"end":{"line":291,"column":13}},"line":288},"14":{"name":"GetUserAnaliseInfo","decl":{"start":{"line":338,"column":15},"end":{"line":338,"column":33}},"loc":{"start":{"line":338,"column":58},"end":{"line":427,"column":1}},"line":338}},"branchMap":{"0":{"loc":{"start":{"line":210,"column":25},"end":{"line":210,"column":249}},"type":"cond-expr","locations":[{"start":{"line":210,"column":232},"end":{"line":210,"column":238}},{"start":{"line":210,"column":241},"end":{"line":210,"column":249}}],"line":210},"1":{"loc":{"start":{"line":210,"column":25},"end":{"line":210,"column":229}},"type":"binary-expr","locations":[{"start":{"line":210,"column":25},"end":{"line":210,"column":212}},{"start":{"line":210,"column":216},"end":{"line":210,"column":229}}],"line":210},"2":{"loc":{"start":{"line":210,"column":31},"end":{"line":210,"column":202}},"type":"cond-expr","locations":[{"start":{"line":210,"column":178},"end":{"line":210,"column":184}},{"start":{"line":210,"column":187},"end":{"line":210,"column":202}}],"line":210},"3":{"loc":{"start":{"line":210,"column":31},"end":{"line":210,"column":175}},"type":"binary-expr","locations":[{"start":{"line":210,"column":31},"end":{"line":210,"column":158}},{"start":{"line":210,"column":162},"end":{"line":210,"column":175}}],"line":210},"4":{"loc":{"start":{"line":210,"column":37},"end":{"line":210,"column":148}},"type":"cond-expr","locations":[{"start":{"line":210,"column":132},"end":{"line":210,"column":138}},{"start":{"line":210,"column":141},"end":{"line":210,"column":148}}],"line":210},"5":{"loc":{"start":{"line":210,"column":37},"end":{"line":210,"column":129}},"type":"binary-expr","locations":[{"start":{"line":210,"column":37},"end":{"line":210,"column":112}},{"start":{"line":210,"column":116},"end":{"line":210,"column":129}}],"line":210},"6":{"loc":{"start":{"line":210,"column":43},"end":{"line":210,"column":102}},"type":"cond-expr","locations":[{"start":{"line":210,"column":82},"end":{"line":210,"column":88}},{"start":{"line":210,"column":91},"end":{"line":210,"column":102}}],"line":210},"7":{"loc":{"start":{"line":210,"column":43},"end":{"line":210,"column":79}},"type":"binary-expr","locations":[{"start":{"line":210,"column":43},"end":{"line":210,"column":58}},{"start":{"line":210,"column":62},"end":{"line":210,"column":79}}],"line":210},"8":{"loc":{"start":{"line":218,"column":30},"end":{"line":218,"column":112}},"type":"cond-expr","locations":[{"start":{"line":218,"column":87},"end":{"line":218,"column":93}},{"start":{"line":218,"column":96},"end":{"line":218,"column":112}}],"line":218},"9":{"loc":{"start":{"line":218,"column":30},"end":{"line":218,"column":84}},"type":"binary-expr","locations":[{"start":{"line":218,"column":30},"end":{"line":218,"column":67}},{"start":{"line":218,"column":71},"end":{"line":218,"column":84}}],"line":218},"10":{"loc":{"start":{"line":220,"column":12},"end":{"line":223,"column":13}},"type":"if","locations":[{"start":{"line":220,"column":12},"end":{"line":223,"column":13}},{"start":{"line":220,"column":12},"end":{"line":223,"column":13}}],"line":220},"11":{"loc":{"start":{"line":220,"column":16},"end":{"line":220,"column":60}},"type":"binary-expr","locations":[{"start":{"line":220,"column":16},"end":{"line":220,"column":24}},{"start":{"line":220,"column":28},"end":{"line":220,"column":60}}],"line":220},"12":{"loc":{"start":{"line":222,"column":44},"end":{"line":222,"column":73}},"type":"binary-expr","locations":[{"start":{"line":222,"column":44},"end":{"line":222,"column":68}},{"start":{"line":222,"column":72},"end":{"line":222,"column":73}}],"line":222},"13":{"loc":{"start":{"line":237,"column":4},"end":{"line":242,"column":5}},"type":"if","locations":[{"start":{"line":237,"column":4},"end":{"line":242,"column":5}},{"start":{"line":237,"column":4},"end":{"line":242,"column":5}}],"line":237},"14":{"loc":{"start":{"line":263,"column":8},"end":{"line":272,"column":9}},"type":"if","locations":[{"start":{"line":263,"column":8},"end":{"line":272,"column":9}},{"start":{"line":263,"column":8},"end":{"line":272,"column":9}}],"line":263},"15":{"loc":{"start":{"line":263,"column":12},"end":{"line":263,"column":75}},"type":"cond-expr","locations":[{"start":{"line":263,"column":59},"end":{"line":263,"column":65}},{"start":{"line":263,"column":68},"end":{"line":263,"column":75}}],"line":263},"16":{"loc":{"start":{"line":263,"column":12},"end":{"line":263,"column":56}},"type":"binary-expr","locations":[{"start":{"line":263,"column":12},"end":{"line":263,"column":39}},{"start":{"line":263,"column":43},"end":{"line":263,"column":56}}],"line":263},"17":{"loc":{"start":{"line":266,"column":31},"end":{"line":266,"column":61}},"type":"binary-expr","locations":[{"start":{"line":266,"column":31},"end":{"line":266,"column":55}},{"start":{"line":266,"column":59},"end":{"line":266,"column":61}}],"line":266},"18":{"loc":{"start":{"line":267,"column":31},"end":{"line":267,"column":64}},"type":"binary-expr","locations":[{"start":{"line":267,"column":31},"end":{"line":267,"column":58}},{"start":{"line":267,"column":62},"end":{"line":267,"column":64}}],"line":267},"19":{"loc":{"start":{"line":269,"column":33},"end":{"line":270,"column":36}},"type":"binary-expr","locations":[{"start":{"line":269,"column":33},"end":{"line":269,"column":88}},{"start":{"line":270,"column":16},"end":{"line":270,"column":36}}],"line":269},"20":{"loc":{"start":{"line":269,"column":63},"end":{"line":269,"column":87}},"type":"binary-expr","locations":[{"start":{"line":269,"column":63},"end":{"line":269,"column":80}},{"start":{"line":269,"column":84},"end":{"line":269,"column":87}}],"line":269},"21":{"loc":{"start":{"line":274,"column":8},"end":{"line":284,"column":9}},"type":"if","locations":[{"start":{"line":274,"column":8},"end":{"line":284,"column":9}},{"start":{"line":274,"column":8},"end":{"line":284,"column":9}}],"line":274},"22":{"loc":{"start":{"line":274,"column":12},"end":{"line":274,"column":75}},"type":"cond-expr","locations":[{"start":{"line":274,"column":59},"end":{"line":274,"column":65}},{"start":{"line":274,"column":68},"end":{"line":274,"column":75}}],"line":274},"23":{"loc":{"start":{"line":274,"column":12},"end":{"line":274,"column":56}},"type":"binary-expr","locations":[{"start":{"line":274,"column":12},"end":{"line":274,"column":39}},{"start":{"line":274,"column":43},"end":{"line":274,"column":56}}],"line":274},"24":{"loc":{"start":{"line":278,"column":31},"end":{"line":278,"column":61}},"type":"binary-expr","locations":[{"start":{"line":278,"column":31},"end":{"line":278,"column":55}},{"start":{"line":278,"column":59},"end":{"line":278,"column":61}}],"line":278},"25":{"loc":{"start":{"line":279,"column":31},"end":{"line":279,"column":64}},"type":"binary-expr","locations":[{"start":{"line":279,"column":31},"end":{"line":279,"column":58}},{"start":{"line":279,"column":62},"end":{"line":279,"column":64}}],"line":279},"26":{"loc":{"start":{"line":281,"column":33},"end":{"line":282,"column":36}},"type":"binary-expr","locations":[{"start":{"line":281,"column":33},"end":{"line":281,"column":88}},{"start":{"line":282,"column":16},"end":{"line":282,"column":36}}],"line":281},"27":{"loc":{"start":{"line":281,"column":63},"end":{"line":281,"column":87}},"type":"binary-expr","locations":[{"start":{"line":281,"column":63},"end":{"line":281,"column":80}},{"start":{"line":281,"column":84},"end":{"line":281,"column":87}}],"line":281},"28":{"loc":{"start":{"line":289,"column":16},"end":{"line":290,"column":43}},"type":"if","locations":[{"start":{"line":289,"column":16},"end":{"line":290,"column":43}},{"start":{"line":289,"column":16},"end":{"line":290,"column":43}}],"line":289},"29":{"loc":{"start":{"line":294,"column":8},"end":{"line":306,"column":9}},"type":"if","locations":[{"start":{"line":294,"column":8},"end":{"line":306,"column":9}},{"start":{"line":294,"column":8},"end":{"line":306,"column":9}}],"line":294},"30":{"loc":{"start":{"line":307,"column":8},"end":{"line":318,"column":9}},"type":"if","locations":[{"start":{"line":307,"column":8},"end":{"line":318,"column":9}},{"start":{"line":307,"column":8},"end":{"line":318,"column":9}}],"line":307},"31":{"loc":{"start":{"line":416,"column":32},"end":{"line":416,"column":79}},"type":"binary-expr","locations":[{"start":{"line":416,"column":32},"end":{"line":416,"column":38}},{"start":{"line":416,"column":42},"end":{"line":416,"column":55}},{"start":{"line":416,"column":59},"end":{"line":416,"column":79}}],"line":416}},"s":{"0":1,"1":1,"2":1,"3":1,"4":1,"5":1,"6":5,"7":5,"8":5,"9":5,"10":289,"11":289,"12":289,"13":289,"14":4413,"15":4413,"16":4413,"17":4413,"18":176,"19":176,"20":5,"21":15,"22":5,"23":15,"24":5,"25":14,"26":5,"27":5,"28":0,"29":5,"30":0,"31":5,"32":5,"33":5,"34":5,"35":5,"36":5,"37":5,"38":5,"39":198,"40":93,"41":93,"42":1867,"43":225,"44":198,"45":198,"46":93,"47":93,"48":93,"49":1867,"50":225,"51":198,"52":368,"53":198,"54":198,"55":942,"56":1145,"57":160,"58":198,"59":198,"60":8,"61":8,"62":198,"63":49,"64":5,"65":5,"66":5,"67":5,"68":5,"69":5,"70":5,"71":5,"72":5,"73":5,"74":5,"75":0,"76":0,"77":1},"f":{"0":5,"1":15,"2":15,"3":14,"4":0,"5":5,"6":198,"7":1867,"8":225,"9":1867,"10":225,"11":368,"12":942,"13":1145,"14":5},"b":{"0":[0,5],"1":[5,5],"2":[0,5],"3":[5,5],"4":[0,5],"5":[5,5],"6":[0,5],"7":[5,5],"8":[0,4413],"9":[4413,4413],"10":[176,4237],"11":[4413,2026],"12":[176,15],"13":[0,5],"14":[93,105],"15":[105,93],"16":[198,93],"17":[93,16],"18":[93,24],"19":[1867,286],"20":[1867,1428],"21":[93,105],"22":[105,93],"23":[198,93],"24":[93,16],"25":[93,24],"26":[1867,286],"27":[1867,1428],"28":[160,985],"29":[8,190],"30":[49,149],"31":[5,4,4]},"_coverageSchema":"1a1c01bbd47fc00a2c39e90264f33305004495a9","hash":"3435f5015285d9e85983e6d5175737f0ce89675b","contentHash":"607314383b2a3087efe46c3fad0642a9b15a28d3c4d763618c3d30ddcc242a23"},"C:\\ISPP\\ISPP-G1-Talent\\api\\v1\\modules\\history\\models\\history.js":{"path":"C:\\ISPP\\ISPP-G1-Talent\\api\\v1\\modules\\history\\models\\history.js","statementMap":{"0":{"start":{"line":2,"column":22},"end":{"line":4,"column":1}},"1":{"start":{"line":3,"column":4},"end":{"line":3,"column":62}},"2":{"start":{"line":5,"column":0},"end":{"line":5,"column":62}},"3":{"start":{"line":6,"column":0},"end":{"line":6,"column":54}},"4":{"start":{"line":7,"column":19},"end":{"line":7,"column":55}},"5":{"start":{"line":8,"column":26},"end":{"line":8,"column":44}},"6":{"start":{"line":9,"column":22},"end":{"line":18,"column":2}},"7":{"start":{"line":19,"column":16},"end":{"line":19,"column":47}},"8":{"start":{"line":20,"column":0},"end":{"line":20,"column":26}},"9":{"start":{"line":21,"column":33},"end":{"line":26,"column":2}},"10":{"start":{"line":27,"column":27},"end":{"line":27,"column":80}},"11":{"start":{"line":28,"column":0},"end":{"line":28,"column":48}}},"fnMap":{"0":{"name":"(anonymous_0)","decl":{"start":{"line":2,"column":56},"end":{"line":2,"column":57}},"loc":{"start":{"line":2,"column":71},"end":{"line":4,"column":1}},"line":2}},"branchMap":{"0":{"loc":{"start":{"line":2,"column":22},"end":{"line":4,"column":1}},"type":"binary-expr","locations":[{"start":{"line":2,"column":23},"end":{"line":2,"column":27}},{"start":{"line":2,"column":31},"end":{"line":2,"column":51}},{"start":{"line":2,"column":56},"end":{"line":4,"column":1}}],"line":2},"1":{"loc":{"start":{"line":3,"column":11},"end":{"line":3,"column":61}},"type":"cond-expr","locations":[{"start":{"line":3,"column":37},"end":{"line":3,"column":40}},{"start":{"line":3,"column":43},"end":{"line":3,"column":61}}],"line":3},"2":{"loc":{"start":{"line":3,"column":12},"end":{"line":3,"column":33}},"type":"binary-expr","locations":[{"start":{"line":3,"column":12},"end":{"line":3,"column":15}},{"start":{"line":3,"column":19},"end":{"line":3,"column":33}}],"line":3}},"s":{"0":1,"1":1,"2":1,"3":1,"4":1,"5":1,"6":1,"7":1,"8":1,"9":1,"10":1,"11":1},"f":{"0":1},"b":{"0":[1,1,1],"1":[0,1],"2":[1,1]},"_coverageSchema":"1a1c01bbd47fc00a2c39e90264f33305004495a9","hash":"c53c0e0c5177baf31df9593673ff2c38702e1258","contentHash":"2cbeba2a50e90ba7a7b0097c171a3fa7e895e7c668e6acc8190b1007b5c15721"},"C:\\ISPP\\ISPP-G1-Talent\\api\\v1\\modules\\history\\services\\HistoryService.js":{"path":"C:\\ISPP\\ISPP-G1-Talent\\api\\v1\\modules\\history\\services\\HistoryService.js","statementMap":{"0":{"start":{"line":2,"column":0},"end":{"line":2,"column":62}},"1":{"start":{"line":3,"column":0},"end":{"line":3,"column":468}},"2":{"start":{"line":4,"column":18},"end":{"line":4,"column":46}},"3":{"start":{"line":5,"column":15},"end":{"line":5,"column":48}},"4":{"start":{"line":7,"column":27},"end":{"line":16,"column":1}},"5":{"start":{"line":8,"column":4},"end":{"line":15,"column":5}},"6":{"start":{"line":9,"column":24},"end":{"line":9,"column":82}},"7":{"start":{"line":10,"column":8},"end":{"line":10,"column":23}},"8":{"start":{"line":13,"column":8},"end":{"line":13,"column":55}},"9":{"start":{"line":14,"column":8},"end":{"line":14,"column":20}},"10":{"start":{"line":17,"column":0},"end":{"line":17,"column":48}},"11":{"start":{"line":18,"column":32},"end":{"line":31,"column":1}},"12":{"start":{"line":19,"column":4},"end":{"line":30,"column":5}},"13":{"start":{"line":20,"column":24},"end":{"line":24,"column":26}},"14":{"start":{"line":25,"column":8},"end":{"line":25,"column":23}},"15":{"start":{"line":28,"column":8},"end":{"line":28,"column":55}},"16":{"start":{"line":29,"column":8},"end":{"line":29,"column":20}},"17":{"start":{"line":32,"column":0},"end":{"line":32,"column":58}},"18":{"start":{"line":33,"column":29},"end":{"line":46,"column":1}},"19":{"start":{"line":34,"column":4},"end":{"line":45,"column":5}},"20":{"start":{"line":35,"column":24},"end":{"line":39,"column":25}},"21":{"start":{"line":40,"column":8},"end":{"line":40,"column":23}},"22":{"start":{"line":43,"column":8},"end":{"line":43,"column":55}},"23":{"start":{"line":44,"column":8},"end":{"line":44,"column":20}},"24":{"start":{"line":47,"column":0},"end":{"line":47,"column":52}},"25":{"start":{"line":48,"column":22},"end":{"line":64,"column":1}},"26":{"start":{"line":49,"column":4},"end":{"line":63,"column":5}},"27":{"start":{"line":50,"column":24},"end":{"line":50,"column":51}},"28":{"start":{"line":51,"column":21},"end":{"line":51,"column":55}},"29":{"start":{"line":52,"column":8},"end":{"line":53,"column":46}},"30":{"start":{"line":53,"column":12},"end":{"line":53,"column":46}},"31":{"start":{"line":54,"column":8},"end":{"line":54,"column":34}},"32":{"start":{"line":55,"column":8},"end":{"line":55,"column":34}},"33":{"start":{"line":56,"column":8},"end":{"line":56,"column":33}},"34":{"start":{"line":57,"column":8},"end":{"line":57,"column":29}},"35":{"start":{"line":58,"column":8},"end":{"line":58,"column":23}},"36":{"start":{"line":61,"column":8},"end":{"line":61,"column":57}},"37":{"start":{"line":62,"column":8},"end":{"line":62,"column":20}},"38":{"start":{"line":65,"column":0},"end":{"line":65,"column":38}},"39":{"start":{"line":66,"column":23},"end":{"line":78,"column":1}},"40":{"start":{"line":67,"column":4},"end":{"line":77,"column":5}},"41":{"start":{"line":68,"column":24},"end":{"line":68,"column":60}},"42":{"start":{"line":69,"column":8},"end":{"line":70,"column":49}},"43":{"start":{"line":70,"column":12},"end":{"line":70,"column":49}},"44":{"start":{"line":71,"column":31},"end":{"line":71,"column":124}},"45":{"start":{"line":72,"column":8},"end":{"line":72,"column":30}},"46":{"start":{"line":75,"column":8},"end":{"line":75,"column":56}},"47":{"start":{"line":76,"column":8},"end":{"line":76,"column":20}},"48":{"start":{"line":79,"column":0},"end":{"line":79,"column":40}},"49":{"start":{"line":80,"column":22},"end":{"line":89,"column":1}},"50":{"start":{"line":81,"column":4},"end":{"line":88,"column":5}},"51":{"start":{"line":82,"column":31},"end":{"line":82,"column":97}},"52":{"start":{"line":83,"column":8},"end":{"line":83,"column":30}},"53":{"start":{"line":86,"column":8},"end":{"line":86,"column":56}},"54":{"start":{"line":87,"column":8},"end":{"line":87,"column":20}},"55":{"start":{"line":90,"column":0},"end":{"line":90,"column":38}},"56":{"start":{"line":91,"column":22},"end":{"line":100,"column":1}},"57":{"start":{"line":92,"column":4},"end":{"line":99,"column":5}},"58":{"start":{"line":93,"column":8},"end":{"line":93,"column":54}},"59":{"start":{"line":94,"column":8},"end":{"line":94,"column":46}},"60":{"start":{"line":97,"column":8},"end":{"line":97,"column":56}},"61":{"start":{"line":98,"column":8},"end":{"line":98,"column":20}},"62":{"start":{"line":101,"column":0},"end":{"l
[...]
TeamCreatorService.js":{"path":"C:\\ISPP\\ISPP-G1-Talent\\api\\v1\\modules\\team-creator\\services\\TeamCreatorService.js","statementMap":{"0":{"start":{"line":2,"column":0},"end":{"line":2,"column":62}},"1":{"start":{"line":3,"column":0},"end":{"line":3,"column":165}},"2":{"start":{"line":4,"column":18},"end":{"line":4,"column":57}},"3":{"start":{"line":5,"column":25},"end":{"line":5,"column":73}},"4":{"start":{"line":6,"column":23},"end":{"line":6,"column":72}},"5":{"start":{"line":7,"column":15},"end":{"line":7,"column":48}},"6":{"start":{"line":8,"column":27},"end":{"line":8,"column":64}},"7":{"start":{"line":9,"column":30},"end":{"line":9,"column":88}},"8":{"start":{"line":10,"column":31},"end":{"line":10,"column":91}},"9":{"start":{"line":12,"column":25},"end":{"line":12,"column":34}},"10":{"start":{"line":13,"column":28},"end":{"line":13,"column":37}},"11":{"start":{"line":14,"column":31},"end":{"line":14,"column":86}},"12":{"start":{"line":15,"column":22},"end":{"line":15,"column":31}},"13":{"start":{"line":16,"column":4},"end":{"line":22,"column":7}},"14":{"start":{"line":17,"column":8},"end":{"line":17,"column":76}},"15":{"start":{"line":17,"column":48},"end":{"line":17,"column":74}},"16":{"start":{"line":18,"column":8},"end":{"line":18,"column":86}},"17":{"start":{"line":18,"column":53},"end":{"line":18,"column":84}},"18":{"start":{"line":19,"column":8},"end":{"line":20,"column":61}},"19":{"start":{"line":20,"column":12},"end":{"line":20,"column":61}},"20":{"start":{"line":21,"column":8},"end":{"line":21,"column":37}},"21":{"start":{"line":23,"column":4},"end":{"line":28,"column":6}},"22":{"start":{"line":31,"column":24},"end":{"line":34,"column":15}},"23":{"start":{"line":35,"column":32},"end":{"line":35,"column":34}},"24":{"start":{"line":36,"column":4},"end":{"line":66,"column":7}},"25":{"start":{"line":37,"column":8},"end":{"line":37,"column":61}},"26":{"start":{"line":38,"column":33},"end":{"line":39,"column":111}},"27":{"start":{"line":38,"column":88},"end":{"line":38,"column":137}},"28":{"start":{"line":39,"column":67},"end":{"line":39,"column":110}},"29":{"start":{"line":40,"column":35},"end":{"line":40,"column":36}},"30":{"start":{"line":41,"column":27},"end":{"line":41,"column":32}},"31":{"start":{"line":42,"column":8},"end":{"line":51,"column":11}},"32":{"start":{"line":43,"column":30},"end":{"line":43,"column":53}},"33":{"start":{"line":44,"column":28},"end":{"line":44,"column":76}},"34":{"start":{"line":45,"column":26},"end":{"line":45,"column":73}},"35":{"start":{"line":46,"column":30},"end":{"line":46,"column":71}},"36":{"start":{"line":47,"column":12},"end":{"line":48,"column":63}},"37":{"start":{"line":48,"column":16},"end":{"line":48,"column":63}},"38":{"start":{"line":49,"column":12},"end":{"line":50,"column":36}},"39":{"start":{"line":50,"column":16},"end":{"line":50,"column":36}},"40":{"start":{"line":52,"column":8},"end":{"line":65,"column":9}},"41":{"start":{"line":54,"column":38},"end":{"line":56,"column":75}},"42":{"start":{"line":55,"column":31},"end":{"line":55,"column":44}},"43":{"start":{"line":56,"column":34},"end":{"line":56,"column":74}},"44":{"start":{"line":57,"column":41},"end":{"line":57,"column":142}},"45":{"start":{"line":57,"column":98},"end":{"line":57,"column":141}},"46":{"start":{"line":58,"column":12},"end":{"line":64,"column":15}},"47":{"start":{"line":67,"column":4},"end":{"line":67,"column":31}},"48":{"start":{"line":70,"column":37},"end":{"line":70,"column":46}},"49":{"start":{"line":71,"column":4},"end":{"line":95,"column":5}},"50":{"start":{"line":72,"column":25},"end":{"line":72,"column":26}},"51":{"start":{"line":73,"column":33},"end":{"line":73,"column":42}},"52":{"start":{"line":74,"column":8},"end":{"line":89,"column":9}},"53":{"start":{"line":75,"column":24},"end":{"line":75,"column":25}},"54":{"start":{"line":76,"column":12},"end":{"line":79,"column":15}},"55":{"start":{"line":77,"column":16},"end":{"line":78,"column":28}},"56":{"start":{"line":78,"column":20},"end":{"line":78,"column":28}},"57":{"start":{"line":80,"column":12},"end":{"line":83,"column":15}},"58":{"start":{"line":81,"column":16},"end":{"line":82,"column":28}},"59":{"start":{"line":82,"column":20},"end":{"line":82,"column":28}},"60":{"start":{"line":84,"column":12},"end":{"line":85,"column":24}},"61":{"start":{"line":85,"column":16},"end":{"line":85,"column":24}},"62":{"start":{"line":86,"column":12},"end":{"line":87,"column":24}},"63":{"start":{"line":87,"column":16},"end":{"line":87,"column":24}},"64":{"start":{"line":88,"column":12},"end":{"line":88,"column":51}},"65":{"start":{"line":90,"column":33},"end":{"line":93,"column":37}},"66":{"start":{"line":91,"column":28},"end":{"line":91,"column":39}},"67":{"start":{"line":93,"column":28},"end":{"line":93,"column":36}},"68":{"start":{"line":94,"column":8},"end":{"line":94,"column":64}},"69":{"start":{"line":96,"column":4},"end":{"line":96,"column":36}},"70":{"start":{"line":99,"column":21},"end":{"line":102,"column":7}},"71":{"start":{"line":99,"column":97},"end":{"line":102,"column":5}},"72":{"start":{"line":103,"column":24},"end":{"line":106,"column":6}},"73":{"start":{"line":107,"column":24},"end":{"line":107,"column":48}},"74":{"start":{"line":108,"column":4},"end":{"line":147,"column":5}},"75":{"start":{"line":109,"column":8},"end":{"line":146,"column":9}},"76":{"start":{"line":110,"column":12},"end":{"line":145,"column":13}},"77":{"start":{"line":111,"column":43},"end":{"line":113,"column":25}},"78":{"start":{"line":114,"column":39},"end":{"line":114,"column":83}},"79":{"start":{"line":115,"column":16},"end":{"line":129,"column":17}},"80":{"start":{"line":116,"column":41},"end":{"line":119,"column":22}},"81":{"start":{"line":120,"column":20},"end":{"line":128,"column":120}},"82":{"start":{"line":121,"column":24},"end":{"line":125,"column":27}},"83":{"start":{"line":128,"column":24},"end":{"line":128,"column":120}},"84":{"start":{"line":130,"column":35},"end":{"line":130,"column":137}},"85":{"start":{"line":131,"column":40},"end":{"line":134,"column":25}},"86":{"start":{"line":135,"column":16},"end":{"line":141,"column":17}},"87":{"start":{"line":136,"column":20},"end":{"line":140,"column":23}},"88":{"start":{"line":144,"column":16},"end":{"line":144,"column":86}},"89":{"start":{"line":148,"column":4},"end":{"line":148,"column":23}},"90":{"start":{"line":150,"column":26},"end":{"line":168,"column":1}},"91":{"start":{"line":151,"column":19},"end":{"line":151,"column":47}},"92":{"start":{"line":152,"column":31},"end":{"line":152,"column":61}},"93":{"start":{"line":153,"column":29},"end":{"line":153,"column":75}},"94":{"start":{"line":154,"column":24},"end":{"line":154,"column":71}},"95":{"start":{"line":155,"column":4},"end":{"line":167,"column":5}},"96":{"start":{"line":156,"column":29},"end":{"line":156,"column":95}},"97":{"start":{"line":157,"column":8},"end":{"line":157,"column":54}},"98":{"start":{"line":158,"column":8},"end":{"line":158,"column":34}},"99":{"start":{"line":159,"column":31},"end":{"line":159,"column":75}},"100":{"start":{"line":160,"column":8},"end":{"line":162,"column":9}},"101":{"start":{"line":161,"column":12},"end":{"line":161,"column":121}},"102":{"start":{"line":163,"column":8},"end":{"line":163,"column":27}},"103":{"start":{"line":166,"column":8},"end":{"line":166,"column":27}},"104":{"start":{"line":169,"column":0},"end":{"line":169,"column":46}},"105":{"start":{"line":170,"column":42},"end":{"line":178,"column":1}},"106":{"start":{"line":171,"column":4},"end":{"line":177,"column":5}},"107":{"start":{"line":172,"column":23},"end":{"line":172,"column":87}},"108":{"start":{"line":173,"column":8},"end":{"line":173,"column":22}},"109":{"start":{"line":176,"column":8},"end":{"line":176,"column":27}},"110":{"start":{"line":179,"column":0},"end":{"line":179,"column":78}},"111":{"start":{"line":180,"column":26},"end":{"line":187,"column":1}},"112":{"start":{"line":181,"column":4},"end":{"line":186,"column":5}},"113":{"start":{"line":182,"column":23},"end":{"line":182,"column":81}},"114":{"start":{"line":185,"column":8},"end":{"line":185,"column":27}},"115":{"start":{"line":188,"column":0},"end":{"line":188,"column":46}},"116":{"start":{"line":189,"column":27},"end":{"line":197,"column":1}},"117":{"start":{"line":190,"column":4},"end":{"line":196,"column":5}},"118":{"start":{"line":191,"column":23},"end":{"line":191,"column":72}},"119":{"start":{"line":192,"column":8},"end":{"line":192,"column":22}},"120":{"start":{"line":195,"column":8},"end":{"line":195,"column":27}},"121":{"start":{"line":198,"column":0},"end":{"line":198,"column":48}},"122":{"start":{"line":199,"column":27},"end":{"line":207,"column":1}},"123":{"start":{"line":200,"column":4},"end":{"line":206,"column":5}},"124":{"start":{"line":201,"column":8},"end":{"line":201,"column":59}},"125":{"start":{"line":204,"column":8},"end":{"line":204,"column":29}},"126":{"start":{"line":205,"column":8},"end":{"line":205,"column":55}},"127":{"start":{"line":208,"column":0},"end":{"line":208,"column":48}},"128":{"start":{"line":209,"column":0},"end":{"line":214,"column":2}}},"fnMap":{"0":{"name":"processSkillsRequested","decl":{"start":{"line":11,"column":9},"end":{"line":11,"column":31}},"loc":{"start":{"line":11,"column":42},"end":{"line":29,"column":1}},"line":11},"1":{"name":"(anonymous_1)","decl":{"start":{"line":16,"column":21},"end":{"line":16,"column":22}},"loc":{"start":{"line":16,"column":34},"end":{"line":22,"column":5}},"line":16},"2":{"name":"(anonymous_2)","decl":{"start":{"line":17,"column":34},"end":{"line":17,"column":35}},"loc":{"start":{"line":17,"column":48},"end":{"line":17,"column":74}},"line":17},"3":{"name":"(anonymous_3)","decl":{"start":{"line":18,"column":37},"end":{"line":18,"column":38}},"loc":{"start":{"line":18,"column":53},"end":{"line":18,"column":84}},"line":18},"4":{"name":"filterCandidates","decl":{"start":{"line":30,"column":15},"end":{"line":30,"column":31}},"loc":{"start":{"line":30,"column":49},"end":{"line":68,"column":1}},"line":30},"5":{"name":"(anonymous_5)","decl":{"start":{"line":36,"column":23},"end":{"line":36,"column":24}},"loc":{"start":{"line":36,"column":38},"end":{"line":66,"column":5}},"line":36},"6":{"name":"(anonymous_6)","decl":{"start":{"line":38,"column":78},"end":{"line":38,"column":79}},"loc":{"start":{"line":38,"column":88},"end":{"line":38,"column":137}},"line":38},"7":{"name":"(anonymous_7)","decl":{"start":{"line":39,"column":57},"end":{"line":39,"column":58}},"loc":{"start":{"line":39,"column":67},"end":{"line":39,"column":110}},"line":39},"8":{"name":"(anonymous_8)","decl":{"start":{"line":42,"column":49},"end":{"line":42,"column":50}},"loc":{"start":{"line":42,"column":58},"end":{"line":51,"column":9}},"line":42},"9":{"name":"(anonymous_9)","decl":{"start":{"line":55,"column":21},"end":{"line":55,"column":22}},"loc":{"start":{"line":55,"column":31},"end":{"line":55,"column":44}},"line":55},"10":{"name":"(anonymous_10)","decl":{"start":{"line":56,"column":24},"end":{"line":56,"column":25}},"loc":{"start":{"line":56,"column":34},"end":{"line":56,"column":74}},"line":56},"11":{"name":"(anonymous_11)","decl":{"start":{"line":57,"column":88},"end":{"line":57,"column":89}},"loc":{"start":{"line":57,"column":98},"end":{"line":57,"column":141}},"line":57},"12":{"name":"selectBestCandidates","decl":{"start":{"line":69,"column":9},"end":{"line":69,"column":29}},"loc":{"start":{"line":69,"column":69},"end":{"line":97,"column":1}},"line":69},"13":{"name":"(anonymous_13)","decl":{"start":{"line":76,"column":40},"end":{"line":76,"column":41}},"loc":{"start":{"line":76,"column":50},"end":{"line":79,"column":13}},"line":76},"14":{"name":"(anonymous_14)","decl":{"start":{"line":80,"column":43},"end":{"line":80,"column":44}},"loc":{"start":{"line":80,"column":53},"end":{"line":83,"column":13}},"line":80},"15":{"name":"(anonymous_15)","decl":{"start":{"line":91,"column":18},"end":{"line":91,"column":19}},"loc":{"start":{"line":91,"column":28},"end":{"line":91,"column":39}},"line":91},"16":{"name":"(anonymous_16)","decl":{"start":{"line":93,"column":17},"end":{"line":93,"column":18}},"loc":{"start":{"line":93,"column":28},"end":{"line":93,"column":36}},"line":93},"17":{"name":"saveTeamCreator","decl":{"start":{"line":98,"column":15},"end":{"line":98,"column":30}},"loc":{"start":{"line":98,"column":52},"end":{"line":149,"column":1}},"line":98},"18":{"name":"(anonymous_18)","decl":{"start":{"line":99,"column":49},"end":{"line":99,"column":50}},"loc":{"start":{"line":99,"column":97},"end":{"line":102,"column":5}},"line":99},"19":{"name":"(anonymous_19)","decl":{"start":{"line":150,"column":26},"end":{"line":150,"column":27}},"loc":{"start":{"line":150,"column":50},"end":{"line":168,"column":1}},"line":150},"20":{"name":"(anonymous_20)","decl":{"start":{"line":170,"column":42},"end":{"line":170,"column":43}},"loc":{"start":{"line":170,"column":56},"end":{"line":178,"column":1}},"line":170},"21":{"name":"(anonymous_21)","decl":{"start":{"line":180,"column":26},"end":{"line":180,"column":27}},"loc":{"start":{"line":180,"column":40},"end":{"line":187,"column":1}},"line":180},"22":{"name":"(anonymous_22)","decl":{"start":{"line":189,"column":27},"end":{"line":189,"column":28}},"loc":{"start":{"line":189,"column":41},"end":{"line":197,"column":1}},"line":189},"23":{"name":"(anonymous_23)","decl":{"start":{"line":199,"column":27},"end":{"line":199,"column":28}},"loc":{"start":{"line":199,"column":39},"end":{"line":207,"column":1}},"line":199}},"branchMap":{"0":{"loc":{"start":{"line":14,"column":31},"end":{"line":14,"column":86}},"type":"cond-expr","locations":[{"start":{"line":14,"column":53},"end":{"line":14,"column":82}},{"start":{"line":14,"column":85},"end":{"line":14,"column":86}}],"line":14},"1":{"loc":{"start":{"line":19,"column":8},"end":{"line":20,"column":61}},"type":"if","locations":[{"start":{"line":19,"column":8},"end":{"line":20,"column":61}},{"start":{"line":19,"column":8},"end":{"line":20,"column":61}}],"line":19},"2":{"loc":{"start":{"line":38,"column":33},"end":{"line":39,"column":111}},"type":"binary-expr","locations":[{"start":{"line":38,"column":33},"end":{"line":38,"column":138}},{"start":{"line":39,"column":12},"end":{"line":39,"column":111}}],"line":38},"3":{"loc":{"start":{"line":44,"column":28},"end":{"line":44,"column":76}},"type":"cond-expr","locations":[{"start":{"line":44,"column":42},"end":{"line":44,"column":63}},{"start":{"line":44,"column":66},"end":{"line":44,"column":76}}],"line":44},"4":{"loc":{"start":{"line":47,"column":12},"end":{"line":48,"column":63}},"type":"if","locations":[{"start":{"line":47,"column":12},"end":{"line":48,"column":63}},{"start":{"line":47,"column":12},"end":{"line":48,"column":63}}],"line":47},"5":{"loc":{"start":{"line":47,"column":16},"end":{"line":47,"column":42}},"type":"binary-expr","locations":[{"start":{"line":47,"column":16},"end":{"line":47,"column":25}},{"start":{"line":47,"column":29},"end":{"line":47,"column":42}}],"line":47},"6":{"loc":{"start":{"line":49,"column":12},"end":{"line":50,"column":36}},"type":"if","locations":[{"start":{"line":49,"column":12},"end":{"line":50,"column":36}},{"start":{"line":49,"column":12},"end":{"line":50,"column":36}}],"line":49},"7":{"loc":{"start":{"line":52,"column":8},"end":{"line":65,"column":9}},"type":"if","locations":[{"start":{"line":52,"column":8},"end":{"line":65,"column":9}},{"start":{"line":52,"column":8},"end":{"line":65,"column":9}}],"line":52},"8":{"loc":{"start":{"line":52,"column":12},"end":{"line":53,"column":87}},"type":"binary-expr","locations":[{"start":{"line":52,"column":12},"end":{"line":52,"column":28}},{"start":{"line":53,"column":13},"end":{"line":53,"column":25}},{"start":{"line":53,"column":29},"end":{"line":53,"column":86}}],"line":52},"9":{"loc":{"start":{"line":77,"column":16},"end":{"line":78,"column":28}},"type":"if","locations":[{"start":{"line":77,"column":16},"end":{"line":78,"column":28}},{"start":{"line":77,"column":16},"end":{"line":78,"column":28}}],"line":77},"10":{"loc":{"start":{"line":81,"column":16},"end":{"line":82,"column":28}},"type":"if","locations":[{"start":{"line":81,"column":16},"end":{"line":82,"column":28}},{"start":{"line":81,"column":16},"end":{"line":82,"column":28}}],"line":81},"11":{"loc":{"start":{"line":84,"column":12},"end":{"line":85,"column":24}},"type":"if","locations":[{"start":{"line":84,"column":12},"end":{"line":85,"column":24}},{"start":{"line":84,"column":12},"end":{"line":85,"column":24}}],"line":84},"12":{"loc":{"start":{"line":86,"column":12},"end":{"line":87,"column":24}},"type":"if","locations":[{"start":{"line":86,"column":12},"end":{"line":87,"column":24}},{"start":{"line":86,"column":12},"end":{"line":87,"column":24}}],"line":86},"13":{"loc":{"start":{"line":115,"column":16},"end":{"line":129,"column":17}},"type":"if","locations":[{"start":{"line":115,"column":16},"end":{"line":129,"column":17}},{"start":{"line":115,"column":16},"end":{"line":129,"column":17}}],"line":115},"14":{"loc":{"start":{"line":115,"column":20},"end":{"line":115,"column":73}},"type":"binary-expr","locations":[{"start":{"line":115,"column":20},"end":{"line":115,"column":43}},{"start":{"line":115,"column":47},"end":{"line":115,"column":73}}],"line":115},"15":{"loc":{"start":{"line":120,"column":20},"end":{"line":128,"column":120}},"type":"if","locations":[{"start":{"line":120,"column":20},"end":{"line":128,"column":120}},{"start":{"line":120,"column":20},"end":{"line":128,"column":120}}],"line":120},"16":{"loc":{"start":{"line":130,"column":35},"end":{"line":130,"column":137}},"type":"cond-expr","locations":[{"start":{"line":130,"column":96},"end":{"line":130,"column":102}},{"start":{"line":130,"column":105},"end":{"line":130,"column":137}}],"line":130},"17":{"loc":{"start":{"line":130,"column":35},"end":{"line":130,"column":93}},"type":"binary-expr","locations":[{"start":{"line":130,"column":35},"end":{"line":130,"column":61}},{"start":{"line":130,"column":65},"end":{"line":130,"column":93}}],"line":130},"18":{"loc":{"start":{"line":135,"column":16},"end":{"line":141,"column":17}},"type":"if","locations":[{"start":{"line":135,"column":16},"end":{"line":141,"column":17}},{"start":{"line":135,"column":16},"end":{"line":141,"column":17}}],"line":135},"19":{"loc":{"start":{"line":160,"column":8},"end":{"line":162,"column":9}},"type":"if","locations":[{"start":{"line":160,"column":8},"end":{"line":162,"column":9}},{"start":{"line":160,"column":8},"end":{"line":162,"column":9}}],"line":160}},"s":{"0":1,"1":1,"2":1,"3":1,"4":1,"5":1,"6":1,"7":1,"8":1,"9":1,"10":1,"11":1,"12":1,"13":1,"14":1,"15":1,"16":1,"17":1,"18":1,"19":0,"20":1,"21":1,"22":1,"23":1,"24":1,"25":3,"26":3,"27":5,"28":10,"29":3,"30":3,"31":3,"32":0,"33":0,"34":0,"35":0,"36":0,"37":0,"38":0,"39":0,"40":3,"41":2,"42":8,"43":8,"44":2,"45":12,"46":2,"47":1,"48":1,"49":1,"50":1,"51":1,"52":1,"53":2,"54":2,"55":2,"56":2,"57":2,"58":1,"59":1,"60":2,"61":2,"62":2,"63":2,"64":2,"65":1,"66":1,"67":2,"68":1,"69":1,"70":1,"71":1,"72":1,"73":1,"74":1,"75":1,"76":2,"77":2,"78":2,"79":2,"80":2,"81":2,"82":2,"83":0,"84":2,"85":2,"86":2,"87":2,"88":0,"89":1,"90":1,"91":1,"92":1,"93":1,"94":1,"95":1,"96":1,"97":1,"98":1,"99":1,"100":1,"101":1,"102":1,"103":0,"104":1,"105":1,"106":2,"107":2,"108":2,"109":0,"110":1,"111":1,"112":1,"113":1,"114":0,"115":1,"116":1,"117":3,"118":3,"119":3,"120":0,"121":1,"122":1,"123":0,"124":0,"125":0,"126":0,"127":1,"128":1},"f":{"0":1,"1":1,"2":1,"3":1,"4":1,"5":3,"6":5,"7":10,"8":0,"9":8,"10":8,"11":12,"12":1,"13":2,"14":1,"15":1,"16":2,"17":1,"18":1,"19":1,"20":2,"21":1,"22":3,"23":0},"b":{"0":[1,0],"1":[0,1],"2":[3,1],"3":[0,0],"4":[0,0],"5":[0,0],"6":[0,0],"7":[2,1],"8":[3,1,0],"9":[2,0],"10":[1,0],"11":[2,0],"12":[2,0],"13":[2,0],"14":[2,2],"15":[2,0],"16":[0,2],"17":[2,2],"18":[2,0],"19":[1,0]},"_coverageSchema":"1a1c01bbd47fc00a2c39e90264f33305004495a9","hash":"bef767b9b337f91edff73c9a22199901b2767932","contentHash":"df805259cf8b7069ee73590b3dd029c30f12268c18696688f3ff5658ff4deb4b"}}