{"C:\\ISPP\\ISPP-G1-Talent\\api\\v1\\tests\\api\\CallingApiTest.js":{"path":"C:\\ISPP\\ISPP-G1-Talent\\api\\v1\\tests\\api\\CallingApiTest.js","statementMap":{"0":{"start":{"line":2,"column":22},"end":{"line":12,"column":3}},"1":{"start":{"line":3,"column":4},"end":{"line":3,"column":33}},"2":{"start":{"line":3,"column":26},"end":{"line":3,"column":33}},"3":{"start":{"line":4,"column":15},"end":{"line":4,"column":52}},"4":{"start":{"line":5,"column":4},"end":{"line":7,"column":5}},"5":{"start":{"line":6,"column":6},"end":{"line":6,"column":68}},"6":{"start":{"line":6,"column":51},"end":{"line":6,"column":63}},"7":{"start":{"line":8,"column":4},"end":{"line":8,"column":39}},"8":{"start":{"line":10,"column":4},"end":{"line":10,"column":33}},"9":{"start":{"line":10,"column":26},"end":{"line":10,"column":33}},"10":{"start":{"line":11,"column":4},"end":{"line":11,"column":17}},"11":{"start":{"line":13,"column":25},"end":{"line":17,"column":2}},"12":{"start":{"line":14,"column":4},"end":{"line":14,"column":72}},"13":{"start":{"line":16,"column":4},"end":{"line":16,"column":21}},"14":{"start":{"line":18,"column":19},"end":{"line":24,"column":1}},"15":{"start":{"line":19,"column":4},"end":{"line":19,"column":42}},"16":{"start":{"line":19,"column":31},"end":{"line":19,"column":42}},"17":{"start":{"line":20,"column":17},"end":{"line":20,"column":19}},"18":{"start":{"line":21,"column":4},"end":{"line":21,"column":141}},"19":{"start":{"line":21,"column":21},"end":{"line":21,"column":141}},"20":{"start":{"line":21,"column":40},"end":{"line":21,"column":141}},"21":{"start":{"line":21,"column":109},"end":{"line":21,"column":141}},"22":{"start":{"line":22,"column":4},"end":{"line":22,"column":36}},"23":{"start":{"line":23,"column":4},"end":{"line":23,"column":18}},"24":{"start":{"line":25,"column":22},"end":{"line":27,"column":1}},"25":{"start":{"line":26,"column":4},"end":{"line":26,"column":62}},"26":{"start":{"line":28,"column":0},"end":{"line":28,"column":62}},"27":{"start":{"line":29,"column":17},"end":{"line":29,"column":51}},"28":{"start":{"line":30,"column":24},"end":{"line":30,"column":80}},"29":{"start":{"line":32,"column":15},"end":{"line":32,"column":46}},"30":{"start":{"line":33,"column":13},"end":{"line":33,"column":42}},"31":{"start":{"line":34,"column":23},"end":{"line":34,"column":33}},"32":{"start":{"line":35,"column":0},"end":{"line":35,"column":63}},"33":{"start":{"line":36,"column":0},"end":{"line":54,"column":18}},"34":{"start":{"line":37,"column":4},"end":{"line":53,"column":7}},"35":{"start":{"line":39,"column":8},"end":{"line":52,"column":11}},"36":{"start":{"line":42,"column":12},"end":{"line":42,"column":113}},"37":{"start":{"line":48,"column":12},"end":{"line":48,"column":19}},"38":{"start":{"line":51,"column":12},"end":{"line":51,"column":22}}},"fnMap":{"0":{"name":"(anonymous_0)","decl":{"start":{"line":2,"column":74},"end":{"line":2,"column":75}},"loc":{"start":{"line":2,"column":96},"end":{"line":9,"column":1}},"line":2},"1":{"name":"(anonymous_1)","decl":{"start":{"line":6,"column":38},"end":{"line":6,"column":39}},"loc":{"start":{"line":6,"column":49},"end":{"line":6,"column":65}},"line":6},"2":{"name":"(anonymous_2)","decl":{"start":{"line":9,"column":6},"end":{"line":9,"column":7}},"loc":{"start":{"line":9,"column":28},"end":{"line":12,"column":1}},"line":9},"3":{"name":"(anonymous_3)","decl":{"start":{"line":13,"column":80},"end":{"line":13,"column":81}},"loc":{"start":{"line":13,"column":95},"end":{"line":15,"column":1}},"line":13},"4":{"name":"(anonymous_4)","decl":{"start":{"line":15,"column":5},"end":{"line":15,"column":6}},"loc":{"start":{"line":15,"column":20},"end":{"line":17,"column":1}},"line":15},"5":{"name":"(anonymous_5)","decl":{"start":{"line":18,"column":50},"end":{"line":18,"column":51}},"loc":{"start":{"line":18,"column":65},"end":{"line":24,"column":1}},"line":18},"6":{"name":"(anonymous_6)","decl":{"start":{"line":25,"column":56},"end":{"line":25,"column":57}},"loc":{"start":{"line":25,"column":71},"end":{"line":27,"column":1}},"line":25},"7":{"name":"(anonymous_7)","decl":{"start":{"line":36,"column":70},"end":{"line":36,"column":71}},"loc":{"start":{"line":36,"column":76},"end":{"line":54,"column":1}},"line":36},"8":{"name":"(anonymous_8)","decl":{"start":{"line":37,"column":64},"end":{"line":37,"column":65}},"loc":{"start":{"line":37,"column":74},"end":{"line":53,"column":5}},"line":37},"9":{"name":"(anonymous_9)","decl":{"start":{"line":40,"column":18},"end":{"line":40,"column":19}},"loc":{"start":{"line":40,"column":26},"end":{"line":49,"column":9}},"line":40},"10":{"name":"(anonymous_10)","decl":{"start":{"line":50,"column":19},"end":{"line":50,"column":20}},"loc":{"start":{"line":50,"column":26},"end":{"line":52,"column":9}},"line":50}},"branchMap":{"0":{"loc":{"start":{"line":2,"column":22},"end":{"line":12,"column":3}},"type":"binary-expr","locations":[{"start":{"line":2,"column":23},"end":{"line":2,"column":27}},{"start":{"line":2,"column":31},"end":{"line":2,"column":51}},{"start":{"line":2,"column":57},"end":{"line":12,"column":2}}],"line":2},"1":{"loc":{"start":{"line":2,"column":57},"end":{"line":12,"column":2}},"type":"cond-expr","locations":[{"start":{"line":2,"column":74},"end":{"line":9,"column":1}},{"start":{"line":9,"column":6},"end":{"line":12,"column":1}}],"line":2},"2":{"loc":{"start":{"line":3,"column":4},"end":{"line":3,"column":33}},"type":"if","locations":[{"start":{"line":3,"column":4},"end":{"line":3,"column":33}},{"start":{"line":3,"column":4},"end":{"line":3,"column":33}}],"line":3},"3":{"loc":{"start":{"line":5,"column":4},"end":{"line":7,"column":5}},"type":"if","locations":[{"start":{"line":5,"column":4},"end":{"line":7,"column":5}},{"start":{"line":5,"column":4},"end":{"line":7,"column":5}}],"line":5},"4":{"loc":{"start":{"line":5,"column":8},"end":{"line":5,"column":85}},"type":"binary-expr","locations":[{"start":{"line":5,"column":8},"end":{"line":5,"column":13}},{"start":{"line":5,"column":18},"end":{"line":5,"column":84}}],"line":5},"5":{"loc":{"start":{"line":5,"column":18},"end":{"line":5,"column":84}},"type":"cond-expr","locations":[{"start":{"line":5,"column":34},"end":{"line":5,"column":47}},{"start":{"line":5,"column":50},"end":{"line":5,"column":84}}],"line":5},"6":{"loc":{"start":{"line":5,"column":50},"end":{"line":5,"column":84}},"type":"binary-expr","locations":[{"start":{"line":5,"column":50},"end":{"line":5,"column":63}},{"start":{"line":5,"column":67},"end":{"line":5,"column":84}}],"line":5},"7":{"loc":{"start":{"line":10,"column":4},"end":{"line":10,"column":33}},"type":"if","locations":[{"start":{"line":10,"column":4},"end":{"line":10,"column":33}},{"start":{"line":10,"column":4},"end":{"line":10,"column":33}}],"line":10},"8":{"loc":{"start":{"line":13,"column":25},"end":{"line":17,"column":2}},"type":"binary-expr","locations":[{"start":{"line":13,"column":26},"end":{"line":13,"column":30}},{"start":{"line":13,"column":34},"end":{"line":13,"column":57}},{"start":{"line":13,"column":63},"end":{"line":17,"column":1}}],"line":13},"9":{"loc":{"start":{"line":13,"column":63},"end":{"line":17,"column":1}},"type":"cond-expr","locations":[{"start":{"line":13,"column":80},"end":{"line":15,"column":1}},{"start":{"line":15,"column":5},"end":{"line":17,"column":1}}],"line":13},"10":{"loc":{"start":{"line":18,"column":19},"end":{"line":24,"column":1}},"type":"binary-expr","locations":[{"start":{"line":18,"column":20},"end":{"line":18,"column":24}},{"start":{"line":18,"column":28},"end":{"line":18,"column":45}},{"start":{"line":18,"column":50},"end":{"line":24,"column":1}}],"line":18},"11":{"loc":{"start":{"line":19,"column":4},"end":{"line":19,"column":42}},"type":"if","locations":[{"start":{"line":19,"column":4},"end":{"line":19,"column":42}},{"start":{"line":19,"column":4},"end":{"line":19,"column":42}}],"line":19},"12":{"loc":{"start":{"line":19,"column":8},"end":{"line":19,"column":29}},"type":"binary-expr","locations":[{"start":{"line":19,"column":8},"end":{"line":19,"column":11}},{"start":{"line":19,"column":15},"end":{"line":19,"column":29}}],"line":19},"13":{"loc":{"start":{"line":21,"column":4},"end":{"line":21,"column":141}},"type":"if","locations":[{"start":{"line":21,"column":4},"end":{"line":21,"column":141}},{"start":{"line":21,"column":4},"end":{"line":21,"column":141}}],"line":21},"14":{"loc":{"start":{"line":21,"column":40},"end":{"line":21,"column":141}},"type":"if","locations":[{"start":{"line":21,"column":40},"end":{"line":21,"column":141}},{"start":{"line":21,"column":40},"end":{"line":21,"column":141}}],"line":21},"15":{"loc":{"start":{"line":21,"column":44},"end":{"line":21,"column":107}},"type":"binary-expr","locations":[{"start":{"line":21,"column":44},"end":{"line":21,"column":59}},{"start":{"line":21,"column":63},"end":{"line":21,"column":107}}],"line":21},"16":{"loc":{"start":{"line":25,"column":22},"end":{"line":27,"column":1}},"type":"binary-expr","locations":[{"start":{"line":25,"column":23},"end":{"line":25,"column":27}},{"start":{"line":25,"column":31},"end":{"line":25,"column":51}},{"start":{"line":25,"column":56},"end":{"line":27,"column":1}}],"line":25},"17":{"loc":{"start":{"line":26,"column":11},"end":{"line":26,"column":61}},"type":"cond-expr","locations":[{"start":{"line":26,"column":37},"end":{"line":26,"column":40}},{"start":{"line":26,"column":43},"end":{"line":26,"column":61}}],"line":26},"18":{"loc":{"start":{"line":26,"column":12},"end":{"line":26,"column":33}},"type":"binary-expr","locations":[{"start":{"line":26,"column":12},"end":{"line":26,"column":15}},{"start":{"line":26,"column":19},"end":{"line":26,"column":33}}],"line":26}},"s":{"0":1,"1":23,"2":23,"3":23,"4":23,"5":23,"6":2,"7":23,"8":0,"9":0,"10":0,"11":1,"12":2,"13":0,"14":1,"15":2,"16":0,"17":2,"18":2,"19":2,"20":23,"21":23,"22":2,"23":2,"24":1,"25":1,"26":1,"27":1,"28":1,"29":1,"30":1,"31":1,"32":1,"33":1,"34":1,"35":1,"36":1,"37":1,"38":0},"f":{"0":23,"1":2,"2":0,"3":2,"4":0,"5":2,"6":1,"7":1,"8":1,"9":1,"10":0},"b":{"0":[1,1,1],"1":[1,0],"2":[23,0],"3":[23,0],"4":[23,23],"5":[0,23],"6":[23,0],"7":[0,0],"8":[1,1,1],"9":[1,0],"10":[1,1,1],"11":[0,2],"12":[2,2],"13":[2,0],"14":[23,0],"15":[23,23],"16":[1,1,1],"17":[0,1],"18":[1,1]},"_coverageSchema":"1a1c01bbd47fc00a2c39e90264f33305004495a9","hash":"695b64f24d39a4c69c0665ffbc76e0f3af9d9360","contentHash":"23af35b913e7c7186d7e2efab6ed56e3094505256eece899627989209d73d405"},"C:\\ISPP\\ISPP-G1-Talent\\api\\v1\\modules\\analysis\\services\\GitHubService.js":{"path":"C:\\ISPP\\ISPP-G1-Talent\\api\\v1\\modules\\analysis\\services\\GitHubService.js","statementMap":{"0":{"start":{"line":2,"column":0},"end":{"line":2,"column":62}},"1":{"start":{"line":3,"column":0},"end":{"line":3,"column":36}},"2":{"start":{"line":4,"column":25},"end":{"line":4,"column":49}},"3":{"start":{"line":5,"column":22},"end":{"line":5,"column":42}},"4":{"start":{"line":6,"column":20},"end":{"line":58,"column":1}},"5":{"start":{"line":59,"column":29},"end":{"line":119,"column":1}},"6":{"start":{"line":122,"column":25},"end":{"line":122,"column":249}},"7":{"start":{"line":123,"column":27},"end":{"line":123,"column":29}},"8":{"start":{"line":125,"column":4},"end":{"line":137,"column":5}},"9":{"start":{"line":125,"column":17},"end":{"line":125,"column":18}},"10":{"start":{"line":126,"column":34},"end":{"line":126,"column":43}},"11":{"start":{"line":127,"column":22},"end":{"line":127,"column":49}},"12":{"start":{"line":128,"column":8},"end":{"line":136,"column":9}},"13":{"start":{"line":128,"column":21},"end":{"line":128,"column":22}},"14":{"start":{"line":129,"column":25},"end":{"line":129,"column":38}},"15":{"start":{"line":130,"column":30},"end":{"line":130,"column":112}},"16":{"start":{"line":131,"column":29},"end":{"line":131,"column":51}},"17":{"start":{"line":132,"column":12},"end":{"line":135,"column":13}},"18":{"start":{"line":133,"column":16},"end":{"line":133,"column":48}},"19":{"start":{"line":134,"column":16},"end":{"line":134,"column":79}},"20":{"start":{"line":138,"column":23},"end":{"line":138,"column":91}},"21":{"start":{"line":138,"column":76},"end":{"line":138,"column":87}},"22":{"start":{"line":139,"column":32},"end":{"line":142,"column":7}},"23":{"start":{"line":139,"column":91},"end":{"line":142,"column":5}},"24":{"start":{"line":143,"column":4},"end":{"line":143,"column":68}},"25":{"start":{"line":143,"column":39},"end":{"line":143,"column":66}},"26":{"start":{"line":144,"column":25},"end":{"line":144,"column":56}},"27":{"start":{"line":145,"column":28},"end":{"line":145,"column":127}},"28":{"start":{"line":145,"column":90},"end":{"line":145,"column":111}},"29":{"start":{"line":146,"column":4},"end":{"line":151,"column":5}},"30":{"start":{"line":147,"column":8},"end":{"line":150,"column":11}},"31":{"start":{"line":152,"column":4},"end":{"line":152,"column":24}},"32":{"start":{"line":155,"column":17},"end":{"line":155,"column":33}},"33":{"start":{"line":156,"column":31},"end":{"line":156,"column":40}},"34":{"start":{"line":157,"column":29},"end":{"line":157,"column":30}},"35":{"start":{"line":158,"column":30},"end":{"line":158,"column":31}},"36":{"start":{"line":159,"column":30},"end":{"line":168,"column":5}},"37":{"start":{"line":169,"column":28},"end":{"line":169,"column":30}},"38":{"start":{"line":170,"column":4},"end":{"line":220,"column":7}},"39":{"start":{"line":172,"column":8},"end":{"line":177,"column":9}},"40":{"start":{"line":173,"column":32},"end":{"line":173,"column":60}},"41":{"start":{"line":174,"column":12},"end":{"line":176,"column":61}},"42":{"start":{"line":175,"column":31},"end":{"line":175,"column":110}},"43":{"start":{"line":176,"column":32},"end":{"line":176,"column":59}},"44":{"start":{"line":178,"column":33},"end":{"line":178,"column":42}},"45":{"start":{"line":179,"column":8},"end":{"line":185,"column":9}},"46":{"start":{"line":180,"column":25},"end":{"line":180,"column":41}},"47":{"start":{"line":181,"column":32},"end":{"line":181,"column":48}},"48":{"start":{"line":182,"column":12},"end":{"line":184,"column":59}},"49":{"start":{"line":183,"column":31},"end":{"line":183,"column":110}},"50":{"start":{"line":184,"column":32},"end":{"line":184,"column":57}},"51":{"start":{"line":186,"column":30},"end":{"line":186,"column":80}},"52":{"start":{"line":186,"column":65},"end":{"line":186,"column":79}},"53":{"start":{"line":187,"column":35},"end":{"line":187,"column":36}},"54":{"start":{"line":188,"column":8},"end":{"line":193,"column":11}},"55":{"start":{"line":189,"column":12},"end":{"line":192,"column":15}},"56":{"start":{"line":190,"column":16},"end":{"line":191,"column":43}},"57":{"start":{"line":191,"column":20},"end":{"line":191,"column":43}},"58":{"start":{"line":194,"column":8},"end":{"line":194,"column":51}},"59":{"start":{"line":195,"column":8},"end":{"line":207,"column":9}},"60":{"start":{"line":196,"column":12},"end":{"line":196,"column":55}},"61":{"start":{"line":197,"column":12},"end":{"line":206,"column":15}},"62":{"start":{"line":208,"column":8},"end":{"line":219,"column":9}},"63":{"start":{"line":209,"column":12},"end":{"line":218,"column":15}},"64":{"start":{"line":221,"column":21},"end":{"line":236,"column":5}},"65":{"start":{"line":237,"column":4},"end":{"line":237,"column":20}},"66":{"start":{"line":240,"column":4},"end":{"line":240,"column":87}},"67":{"start":{"line":241,"column":26},"end":{"line":299,"column":4}},"68":{"start":{"line":300,"column":27},"end":{"line":315,"column":5}},"69":{"start":{"line":316,"column":4},"end":{"line":329,"column":5}},"70":{"start":{"line":317,"column":8},"end":{"line":317,"column":28}},"71":{"start":{"line":318,"column":8},"end":{"line":318,"column":35}},"72":{"start":{"line":319,"column":32},"end":{"line":319,"column":55}},"73":{"start":{"line":320,"column":32},"end":{"line":320,"column":100}},"74":{"start":{"line":321,"column":23},"end":{"line":321,"column":90}},"75":{"start":{"line":322,"column":30},"end":{"line":322,"column":73}},"76":{"start":{"line":323,"column":29},"end":{"line":323,"column":73}},"77":{"start":{"line":324,"column":8},"end":{"line":324,"column":28}},"78":{"start":{"line":327,"column":8},"end":{"line":327,"column":39}},"79":{"start":{"line":328,"column":8},"end":{"line":328,"column":20}},"80":{"start":{"line":331,"column":0},"end":{"line":331,"column":48}}},"fnMap":{"0":{"name":"getTopLanguagesPullRequest","decl":{"start":{"line":120,"column":9},"end":{"line":120,"column":35}},"loc":{"start":{"line":120,"column":44},"end":{"line":153,"column":1}},"line":120},"1":{"name":"(anonymous_1)","decl":{"start":{"line":138,"column":60},"end":{"line":138,"column":61}},"loc":{"start":{"line":138,"column":76},"end":{"line":138,"column":87}},"line":138},"2":{"name":"(anonymous_2)","decl":{"start":{"line":139,"column":67},"end":{"line":139,"column":68}},"loc":{"start":{"line":139,"column":91},"end":{"line":142,"column":5}},"line":139},"3":{"name":"(anonymous_3)","decl":{"start":{"line":143,"column":29},"end":{"line":143,"column":30}},"loc":{"start":{"line":143,"column":39},"end":{"line":143,"column":66}},"line":143},"4":{"name":"(anonymous_4)","decl":{"start":{"line":145,"column":75},"end":{"line":145,"column":76}},"loc":{"start":{"line":145,"column":90},"end":{"line":145,"column":111}},"line":145},"5":{"name":"processGitHubUserInfo","decl":{"start":{"line":154,"column":9},"end":{"line":154,"column":30}},"loc":{"start":{"line":154,"column":56},"end":{"line":238,"column":1}},"line":154},"6":{"name":"(anonymous_6)","decl":{"start":{"line":170,"column":36},"end":{"line":170,"column":37}},"loc":{"start":{"line":170,"column":53},"end":{"line":220,"column":5}},"line":170},"7":{"name":"(anonymous_7)","decl":{"start":{"line":175,"column":24},"end":{"line":175,"column":25}},"loc":{"start":{"line":175,"column":31},"end":{"line":175,"column":110}},"line":175},"8":{"name":"(anonymous_8)","decl":{"start":{"line":176,"column":25},"end":{"line":176,"column":26}},"loc":{"start":{"line":176,"column":32},"end":{"line":176,"column":59}},"line":176},"9":{"name":"(anonymous_9)","decl":{"start":{"line":183,"column":24},"end":{"line":183,"column":25}},"loc":{"start":{"line":183,"column":31},"end":{"line":183,"column":110}},"line":183},"10":{"name":"(anonymous_10)","decl":{"start":{"line":184,"column":25},"end":{"line":184,"column":26}},"loc":{"start":{"line":184,"column":32},"end":{"line":184,"column":57}},"line":184},"11":{"name":"(anonymous_11)","decl":{"start":{"line":186,"column":55},"end":{"line":186,"column":56}},"loc":{"start":{"line":186,"column":65},"end":{"line":186,"column":79}},"line":186},"12":{"name":"(anonymous_12)","decl":{"start":{"line":188,"column":34},"end":{"line":188,"column":35}},"loc":{"start":{"line":188,"column":45},"end":{"line":193,"column":9}},"line":188},"13":{"name":"(anonymous_13)","decl":{"start":{"line":189,"column":47},"end":{"line":189,"column":48}},"loc":{"start":{"line":189,"column":61},"end":{"line":192,"column":13}},"line":189},"14":{"name":"GetUserAnaliseInfo","decl":{"start":{"line":239,"column":15},"end":{"line":239,"column":33}},"loc":{"start":{"line":239,"column":58},"end":{"line":330,"column":1}},"line":239}},"branchMap":{"0":{"loc":{"start":{"line":122,"column":25},"end":{"line":122,"column":249}},"type":"cond-expr","locations":[{"start":{"line":122,"column":232},"end":{"line":122,"column":238}},{"start":{"line":122,"column":241},"end":{"line":122,"column":249}}],"line":122},"1":{"loc":{"start":{"line":122,"column":25},"end":{"line":122,"column":229}},"type":"binary-expr","locations":[{"start":{"line":122,"column":25},"end":{"line":122,"column":212}},{"start":{"line":122,"column":216},"end":{"line":122,"column":229}}],"line":122},"2":{"loc":{"start":{"line":122,"column":31},"end":{"line":122,"column":202}},"type":"cond-expr","locations":[{"start":{"line":122,"column":178},"end":{"line":122,"column":184}},{"start":{"line":122,"column":187},"end":{"line":122,"column":202}}],"line":122},"3":{"loc":{"start":{"line":122,"column":31},"end":{"line":122,"column":175}},"type":"binary-expr","locations":[{"start":{"line":122,"column":31},"end":{"line":122,"column":158}},{"start":{"line":122,"column":162},"end":{"line":122,"column":175}}],"line":122},"4":{"loc":{"start":{"line":122,"column":37},"end":{"line":122,"column":148}},"type":"cond-expr","locations":[{"start":{"line":122,"column":132},"end":{"line":122,"column":138}},{"start":{"line":122,"column":141},"end":{"line":122,"column":148}}],"line":122},"5":{"loc":{"start":{"line":122,"column":37},"end":{"line":122,"column":129}},"type":"binary-expr","locations":[{"start":{"line":122,"column":37},"end":{"line":122,"column":112}},{"start":{"line":122,"column":116},"end":{"line":122,"column":129}}],"line":122},"6":{"loc":{"start":{"line":122,"column":43},"end":{"line":122,"column":102}},"type":"cond-expr","locations":[{"start":{"line":122,"column":82},"end":{"line":122,"column":88}},{"start":{"line":122,"column":91},"end":{"line":122,"column":102}}],"line":122},"7":{"loc":{"start":{"line":122,"column":43},"end":{"line":122,"column":79}},"type":"binary-expr","locations":[{"start":{"line":122,"column":43},"end":{"line":122,"column":58}},{"start":{"line":122,"column":62},"end":{"line":122,"column":79}}],"line":122},"8":{"loc":{"start":{"line":130,"column":30},"end":{"line":130,"column":112}},"type":"cond-expr","locations":[{"start":{"line":130,"column":87},"end":{"line":130,"column":93}},{"start":{"line":130,"column":96},"end":{"line":130,"column":112}}],"line":130},"9":{"loc":{"start":{"line":130,"column":30},"end":{"line":130,"column":84}},"type":"binary-expr","locations":[{"start":{"line":130,"column":30},"end":{"line":130,"column":67}},{"start":{"line":130,"column":71},"end":{"line":130,"column":84}}],"line":130},"10":{"loc":{"start":{"line":132,"column":12},"end":{"line":135,"column":13}},"type":"if","locations":[{"start":{"line":132,"column":12},"end":{"line":135,"column":13}},{"start":{"line":132,"column":12},"end":{"line":135,"column":13}}],"line":132},"11":{"loc":{"start":{"line":132,"column":16},"end":{"line":132,"column":60}},"type":"binary-expr","locations":[{"start":{"line":132,"column":16},"end":{"line":132,"column":24}},{"start":{"line":132,"column":28},"end":{"line":132,"column":60}}],"line":132},"12":{"loc":{"start":{"line":134,"column":44},"end":{"line":134,"column":73}},"type":"binary-expr","locations":[{"start":{"line":134,"column":44},"end":{"line":134,"column":68}},{"start":{"line":134,"column":72},"end":{"line":134,"column":73}}],"line":134},"13":{"loc":{"start":{"line":146,"column":4},"end":{"line":151,"column":5}},"type":"if","locations":[{"start":{"line":146,"column":4},"end":{"line":151,"column":5}},{"start":{"line":146,"column":4},"end":{"line":151,"column":5}}],"line":146},"14":{"loc":{"start":{"line":172,"column":8},"end":{"line":177,"column":9}},"type":"if","locations":[{"start":{"line":172,"column":8},"end":{"line":177,"column":9}},{"start":{"line":172,"column":8},"end":{"line":177,"column":9}}],"line":172},"15":{"loc":{"start":{"line":172,"column":12},"end":{"line":172,"column":75}},"type":"cond-expr","locations":[{"start":{"line":172,"column":59},"end":{"line":172,"column":65}},{"start":{"line":172,"column":68},"end":{"line":172,"column":75}}],"line":172},"16":{"loc":{"start":{"line":172,"column":12},"end":{"line":172,"column":56}},"type":"binary-expr","locations":[{"start":{"line":172,"column":12},"end":{"line":172,"column":39}},{"start":{"line":172,"column":43},"end":{"line":172,"column":56}}],"line":172},"17":{"loc":{"start":{"line":174,"column":28},"end":{"line":174,"column":58}},"type":"binary-expr","locations":[{"start":{"line":174,"column":28},"end":{"line":174,"column":52}},{"start":{"line":174,"column":56},"end":{"line":174,"column":58}}],"line":174},"18":{"loc":{"start":{"line":174,"column":76},"end":{"line":174,"column":109}},"type":"binary-expr","locations":[{"start":{"line":174,"column":76},"end":{"line":174,"column":103}},{"start":{"line":174,"column":107},"end":{"line":174,"column":109}}],"line":174},"19":{"loc":{"start":{"line":175,"column":31},"end":{"line":175,"column":110}},"type":"binary-expr","locations":[{"start":{"line":175,"column":31},"end":{"line":175,"column":86}},{"start":{"line":175,"column":90},"end":{"line":175,"column":110}}],"line":175},"20":{"loc":{"start":{"line":175,"column":61},"end":{"line":175,"column":85}},"type":"binary-expr","locations":[{"start":{"line":175,"column":61},"end":{"line":175,"column":78}},{"start":{"line":175,"column":82},"end":{"line":175,"column":85}}],"line":175},"21":{"loc":{"start":{"line":179,"column":8},"end":{"line":185,"column":9}},"type":"if","locations":[{"start":{"line":179,"column":8},"end":{"line":185,"column":9}},{"start":{"line":179,"column":8},"end":{"line":185,"column":9}}],"line":179},"22":{"loc":{"start":{"line":179,"column":12},"end":{"line":179,"column":75}},"type":"cond-expr","locations":[{"start":{"line":179,"column":59},"end":{"line":179,"column":65}},{"start":{"line":179,"column":68},"end":{"line":179,"column":75}}],"line":179},"23":{"loc":{"start":{"line":179,"column":12},"end":{"line":179,"column":56}},"type":"binary-expr","locations":[{"start":{"line":179,"column":12},"end":{"line":179,"column":39}},{"start":{"line":179,"column":43},"end":{"line":179,"column":56}}],"line":179},"24":{"loc":{"start":{"line":182,"column":28},"end":{"line":182,"column":58}},"type":"binary-expr","locations":[{"start":{"line":182,"column":28},"end":{"line":182,"column":52}},{"start":{"line":182,"column":56},"end":{"line":182,"column":58}}],"line":182},"25":{"loc":{"start":{"line":182,"column":76},"end":{"line":182,"column":109}},"type":"binary-expr","locations":[{"start":{"line":182,"column":76},"end":{"line":182,"column":103}},{"start":{"line":182,"column":107},"end":{"line":182,"column":109}}],"line":182},"26":{"loc":{"start":{"line":183,"column":31},"end":{"line":183,"column":110}},"type":"binary-expr","locations":[{"start":{"line":183,"column":31},"end":{"line":183,"column":86}},{"start":{"line":183,"column":90},"end":{"line":183,"column":110}}],"line":183},"27":{"loc":{"start":{"line":183,"column":61},"end":{"line":183,"column":85}},"type":"binary-expr","locations":[{"start":{"line":183,"column":61},"end":{"line":183,"column":78}},{"start":{"line":183,"column":82},"end":{"line":183,"column":85}}],"line":183},"28":{"loc":{"start":{"line":190,"column":16},"end":{"line":191,"column":43}},"type":"if","locations":[{"start":{"line":190,"column":16},"end":{"line":191,"column":43}},{"start":{"line":190,"column":16},"end":{"line":191,"column":43}}],"line":190},"29":{"loc":{"start":{"line":195,"column":8},"end":{"line":207,"column":9}},"type":"if","locations":[{"start":{"line":195,"column":8},"end":{"line":207,"column":9}},{"start":{"line":195,"column":8},"end":{"line":207,"column":9}}],"line":195},"30":{"loc":{"start":{"line":208,"column":8},"end":{"line":219,"column":9}},"type":"if","locations":[{"start":{"line":208,"column":8},"end":{"line":219,"column":9}},{"start":{"line":208,"column":8},"end":{"line":219,"column":9}}],"line":208},"31":{"loc":{"start":{"line":319,"column":32},"end":{"line":319,"column":55}},"type":"binary-expr","locations":[{"start":{"line":319,"column":32},"end":{"line":319,"column":38}},{"start":{"line":319,"column":42},"end":{"line":319,"column":55}}],"line":319}},"s":{"0":1,"1":1,"2":1,"3":1,"4":1,"5":1,"6":1,"7":1,"8":1,"9":1,"10":100,"11":100,"12":100,"13":100,"14":630,"15":630,"16":630,"17":630,"18":31,"19":31,"20":1,"21":1,"22":1,"23":1,"24":1,"25":0,"26":1,"27":1,"28":0,"29":1,"30":0,"31":1,"32":1,"33":1,"34":1,"35":1,"36":1,"37":1,"38":1,"39":100,"40":78,"41":78,"42":1501,"43":183,"44":100,"45":100,"46":78,"47":78,"48":78,"49":1501,"50":183,"51":100,"52":204,"53":100,"54":100,"55":164,"56":0,"57":0,"58":100,"59":100,"60":0,"61":0,"62":100,"63":10,"64":1,"65":1,"66":2,"67":2,"68":2,"69":2,"70":2,"71":2,"72":2,"73":2,"74":1,"75":1,"76":1,"77":1,"78":1,"79":1,"80":1},"f":{"0":1,"1":1,"2":1,"3":0,"4":0,"5":1,"6":100,"7":1501,"8":183,"9":1501,"10":183,"11":204,"12":164,"13":0,"14":2},"b":{"0":[0,1],"1":[1,1],"2":[0,1],"3":[1,1],"4":[0,1],"5":[1,1],"6":[0,1],"7":[1,1],"8":[0,630],"9":[630,630],"10":[31,599],"11":[630,377],"12":[31,1],"13":[0,1],"14":[78,22],"15":[22,78],"16":[100,78],"17":[78,16],"18":[78,21],"19":[1501,226],"20":[1501,1161],"21":[78,22],"22":[22,78],"23":[100,78],"24":[78,16],"25":[78,21],"26":[1501,226],"27":[1501,1161],"28":[0,0],"29":[0,100],"30":[10,90],"31":[2,1]},"_coverageSchema":"1a1c01bbd47fc00a2c39e90264f33305004495a9","hash":"ac2152e9cbc4345e1f929b24aa0145357b2202e0","contentHash":"5e3e80c662e60102147a51b4bd0da532a98dae2ad9adc6fc23b11d169539dc47"},"C:\\ISPP\\ISPP-G1-Talent\\api\\v1\\tests\\e2e\\UserControllerTest.js":{"path":"C:\\ISPP\\ISPP-G1-Talent\\api\\v1\\tests\\e2e\\UserControllerTest.js","statementMap":{"0":{"start":{"line":2,"column":22},"end":{"line":12,"column":3}},"1":{"start":{"line":3,"column":4},"end":{"line":3,"column":33}},"2":{"start":{"line":3,"column":26},"end":{"line":3,"column":33}},"3":{"start":{"line":4,"column":15},"end":{"line":4,"column":52}},"4":{"start":{"line":5,"column":4},"end":{"line":7,"column":5}},"5":{"start":{"line":6,"column":6},"end":{"line":6,"column":68}},"6":{"start":{"line":6,"column":51},"end":{"line":6,"column":63}},"7":{"start":{"line":8,"column":4},"end":{"line":8,"column":39}},"8":{"start":{"line":10,"column":4},"end":{"line":10,"column":33}},"9":{"start":{"line":10,"column":26},"end":{"line":10,"column":33}},"10":{"start":{"line":11,"column":4},"end":{"line":11,"column":17}},"11":{"start":{"line":13,"column":25},"end":{"line":17,"column":2}},"12":{"start":{"line":14,"column":4},"end":{"line":14,"column":72}},"13":{"start":{"line":16,"column":4},"end":{"line":16,"column":21}},"14":{"start":{"line":18,"column":19},"end":{"line":24,"column":1}},"15":{"start":{"line":19,"column":4},"end":{"line":19,"column":42}},"16":{"start":{"line":19,"column":31},"end":{"line":19,"column":42}},"17":{"start":{"line":20,"column":17},"end":{"line":20,"column":19}},"18":{"start":{"line":21,"column":4},"end":{"line":21,"column":141}},"19":{"start":{"line":21,"column":21},"end":{"line":21,"column":141}},"20":{"start":{"line":21,"column":40},"end":{"line":21,"column":141}},"21":{"start":{"line":21,"column":109},"end":{"line":21,"column":141}},"22":{"start":{"line":22,"column":4},"end":{"line":22,"column":36}},"23":{"start":{"line":23,"column":4},"end":{"line":23,"column":18}},"24":{"start":{"line":25,"column":22},"end":{"line":27,"column":1}},"25":{"start":{"line":26,"column":4},"end":{"line":26,"column":62}},"26":{"start":{"line":28,"column":0},"end":{"line":28,"column":62}},"27":{"start":{"line":29,"column":16},"end":{"line":29,"column":49}},"28":{"start":{"line":30,"column":19},"end":{"line":30,"column":55}},"29":{"start":{"line":31,"column":17},"end":{"line":31,"column":34}},"30":{"start":{"line":32,"column":26},"end":{"line":32,"column":69}},"31":{"start":{"line":33,"column":23},"end":{"line":33,"column":63}},"32":{"start":{"line":34,"column":19},"end":{"line":34,"column":55}},"33":{"start":{"line":35,"column":32},"end":{"line":35,"column":64}},"34":{"start":{"line":36,"column":25},"end":{"line":36,"column":81}},"35":{"start":{"line":37,"column":23},"end":{"line":37,"column":93}},"36":{"start":{"line":38,"column":20},"end":{"line":38,"column":84}},"37":{"start":{"line":39,"column":15},"end":{"line":39,"column":56}},"38":{"start":{"line":40,"column":17},"end":{"line":40,"column":51}},"39":{"start":{"line":43,"column":0},"end":{"line":47,"column":3}},"40":{"start":{"line":44,"column":4},"end":{"line":44,"column":75}},"41":{"start":{"line":45,"column":21},"end":{"line":45,"column":41}},"42":{"start":{"line":46,"column":4},"end":{"line":46,"column":47}},"43":{"start":{"line":48,"column":0},"end":{"line":51,"column":3}},"44":{"start":{"line":49,"column":4},"end":{"line":49,"column":42}},"45":{"start":{"line":50,"column":4},"end":{"line":50,"column":29}},"46":{"start":{"line":53,"column":19},"end":{"line":53,"column":63}},"47":{"start":{"line":54,"column":0},"end":{"line":100,"column":19}},"48":{"start":{"line":58,"column":4},"end":{"line":82,"column":7}},"49":{"start":{"line":60,"column":8},"end":{"line":68,"column":11}},"50":{"start":{"line":69,"column":8},"end":{"line":71,"column":11}},"51":{"start":{"line":73,"column":8},"end":{"line":76,"column":11}},"52":{"start":{"line":77,"column":8},"end":{"line":77,"column":84}},"53":{"start":{"line":78,"column":8},"end":{"line":81,"column":11}},"54":{"start":{"line":83,"column":4},"end":{"line":87,"column":7}},"55":{"start":{"line":85,"column":8},"end":{"line":85,"column":34}},"56":{"start":{"line":86,"column":8},"end":{"line":86,"column":41}},"57":{"start":{"line":88,"column":4},"end":{"line":99,"column":7}},"58":{"start":{"line":89,"column":27},"end":{"line":89,"column":77}},"59":{"start":{"line":90,"column":27},"end":{"line":90,"column":66}},"60":{"start":{"line":91,"column":8},"end":{"line":91,"column":95}},"61":{"start":{"line":92,"column":8},"end":{"line":92,"column":40}},"62":{"start":{"line":93,"column":8},"end":{"line":93,"column":58}},"63":{"start":{"line":95,"column":8},"end":{"line":95,"column":65}},"64":{"start":{"line":96,"column":8},"end":{"line":96,"column":63}},"65":{"start":{"line":97,"column":29},"end":{"line":97,"column":48}},"66":{"start":{"line":98,"column":8},"end":{"line":98,"column":82}}},"fnMap":{"0":{"name":"(anonymous_0)","decl":{"start":{"line":2,"column":74},"end":{"line":2,"column":75}},"loc":{"start":{"line":2,"column":96},"end":{"line":9,"column":1}},"line":2},"1":{"name":"(anonymous_1)","decl":{"start":{"line":6,"column":38},"end":{"line":6,"column":39}},"loc":{"start":{"line":6,"column":49},"end":{"line":6,"column":65}},"line":6},"2":{"name":"(anonymous_2)","decl":{"start":{"line":9,"column":6},"end":{"line":9,"column":7}},"loc":{"start":{"line":9,"column":28},"end":{"line":12,"column":1}},"line":9},"3":{"name":"(anonymous_3)","decl":{"start":{"line":13,"column":80},"end":{"line":13,"column":81}},"loc":{"start":{"line":13,"column":95},"end":{"line":15,"column":1}},"line":13},"4":{"name":"(anonymous_4)","decl":{"start":{"line":15,"column":5},"end":{"line":15,"column":6}},"loc":{"start":{"line":15,"column":20},"end":{"line":17,"column":1}},"line":15},"5":{"name":"(anonymous_5)","decl":{"start":{"line":18,"column":50},"end":{"line":18,"column":51}},"loc":{"start":{"line":18,"column":65},"end":{"line":24,"column":1}},"line":18},"6":{"name":"(anonymous_6)","decl":{"start":{"line":25,"column":56},"end":{"line":25,"column":57}},"loc":{"start":{"line":25,"column":71},"end":{"line":27,"column":1}},"line":25},"7":{"name":"(anonymous_7)","decl":{"start":{"line":43,"column":7},"end":{"line":43,"column":8}},"loc":{"start":{"line":43,"column":19},"end":{"line":47,"column":1}},"line":43},"8":{"name":"(anonymous_8)","decl":{"start":{"line":48,"column":6},"end":{"line":48,"column":7}},"loc":{"start":{"line":48,"column":18},"end":{"line":51,"column":1}},"line":48},"9":{"name":"(anonymous_9)","decl":{"start":{"line":54,"column":37},"end":{"line":54,"column":38}},"loc":{"start":{"line":54,"column":49},"end":{"line":100,"column":1}},"line":54},"10":{"name":"(anonymous_10)","decl":{"start":{"line":58,"column":15},"end":{"line":58,"column":16}},"loc":{"start":{"line":58,"column":27},"end":{"line":82,"column":5}},"line":58},"11":{"name":"(anonymous_11)","decl":{"start":{"line":83,"column":14},"end":{"line":83,"column":15}},"loc":{"start":{"line":83,"column":26},"end":{"line":87,"column":5}},"line":83},"12":{"name":"(anonymous_12)","decl":{"start":{"line":88,"column":66},"end":{"line":88,"column":67}},"loc":{"start":{"line":88,"column":84},"end":{"line":99,"column":5}},"line":88}},"branchMap":{"0":{"loc":{"start":{"line":2,"column":22},"end":{"line":12,"column":3}},"type":"binary-expr","locations":[{"start":{"line":2,"column":23},"end":{"line":2,"column":27}},{"start":{"line":2,"column":31},"end":{"line":2,"column":51}},{"start":{"line":2,"column":57},"end":{"line":12,"column":2}}],"line":2},"1":{"loc":{"start":{"line":2,"column":57},"end":{"line":12,"column":2}},"type":"cond-expr","locations":[{"start":{"line":2,"column":74},"end":{"line":9,"column":1}},{"start":{"line":9,"column":6},"end":{"line":12,"column":1}}],"line":2},"2":{"loc":{"start":{"line":3,"column":4},"end":{"line":3,"column":33}},"type":"if","locations":[{"start":{"line":3,"column":4},"end":{"line":3,"column":33}},{"start":{"line":3,"column":4},"end":{"line":3,"column":33}}],"line":3},"3":{"loc":{"start":{"line":5,"column":4},"end":{"line":7,"column":5}},"type":"if","locations":[{"start":{"line":5,"column":4},"end":{"line":7,"column":5}},{"start":{"line":5,"column":4},"end":{"line":7,"column":5}}],"line":5},"4":{"loc":{"start":{"line":5,"column":8},"end":{"line":5,"column":85}},"type":"binary-expr","locations":[{"start":{"line":5,"column":8},"end":{"line":5,"column":13}},{"start":{"line":5,"column":18},"end":{"line":5,"column":84}}],"line":5},"5":{"loc":{"start":{"line":5,"column":18},"end":{"line":5,"column":84}},"type":"cond-expr","locations":[{"start":{"line":5,"column":34},"end":{"line":5,"column":47}},{"start":{"line":5,"column":50},"end":{"line":5,"column":84}}],"line":5},"6":{"loc":{"start":{"line":5,"column":50},"end":{"line":5,"column":84}},"type":"binary-expr","locations":[{"start":{"line":5,"column":50},"end":{"line":5,"column":63}},{"start":{"line":5,"column":67},"end":{"line":5,"column":84}}],"line":5},"7":{"loc":{"start":{"line":10,"column":4},"end":{"line":10,"column":33}},"type":"if","locations":[{"start":{"line":10,"column":4},"end":{"line":10,"column":33}},{"start":{"line":10,"column":4},"end":{"line":10,"column":33}}],"line":10},"8":{"loc":{"start":{"line":13,"column":25},"end":{"line":17,"column":2}},"type":"binary-expr","locations":[{"start":{"line":13,"column":26},"end":{"line":13,"column":30}},{"start":{"line":13,"column":34},"end":{"line":13,"column":57}},{"start":{"line":13,"column":63},"end":{"line":17,"column":1}}],"line":13},"9":{"loc":{"start":{"line":13,"column":63},"end":{"line":17,"column":1}},"type":"cond-expr","locations":[{"start":{"line":13,"column":80},"end":{"line":15,"column":1}},{"start":{"line":15,"column":5},"end":{"line":17,"column":1}}],"line":13},"10":{"loc":{"start":{"line":18,"column":19},"end":{"line":24,"column":1}},"type":"binary-expr","locations":[{"start":{"line":18,"column":20},"end":{"line":18,"column":24}},{"start":{"line":18,"column":28},"end":{"line":18,"column":45}},{"start":{"line":18,"column":50},"end":{"line":24,"column":1}}],"line":18},"11":{"loc":{"start":{"line":19,"column":4},"end":{"line":19,"column":42}},"type":"if","locations":[{"start":{"line":19,"column":4},"end":{"line":19,"column":42}},{"start":{"line":19,"column":4},"end":{"line":19,"column":42}}],"line":19},"12":{"loc":{"start":{"line":19,"column":8},"end":{"line":19,"column":29}},"type":"binary-expr","locations":[{"start":{"line":19,"column":8},"end":{"line":19,"column":11}},{"start":{"line":19,"column":15},"end":{"line":19,"column":29}}],"line":19},"13":{"loc":{"start":{"line":21,"column":4},"end":{"line":21,"column":141}},"type":"if","locations":[{"start":{"line":21,"column":4},"end":{"line":21,"column":141}},{"start":{"line":21,"column":4},"end":{"line":21,"column":141}}],"line":21},"14":{"loc":{"start":{"line":21,"column":40},"end":{"line":21,"column":141}},"type":"if","locations":[{"start":{"line":21,"column":40},"end":{"line":21,"column":141}},{"start":{"line":21,"column":40},"end":{"line":21,"column":141}}],"line":21},"15":{"loc":{"start":{"line":21,"column":44},"end":{"line":21,"column":107}},"type":"binary-expr","locations":[{"start":{"line":21,"column":44},"end":{"line":21,"column":59}},{"start":{"line":21,"column":63},"end":{"line":21,"column":107}}],"line":21},"16":{"loc":{"start":{"line":25,"column":22},"end":{"line":27,"column":1}},"type":"binary-expr","locations":[{"start":{"line":25,"column":23},"end":{"line":25,"column":27}},{"start":{"line":25,"column":31},"end":{"line":25,"column":51}},{"start":{"line":25,"column":56},"end":{"line":27,"column":1}}],"line":25},"17":{"loc":{"start":{"line":26,"column":11},"end":{"line":26,"column":61}},"type":"cond-expr","locations":[{"start":{"line":26,"column":37},"end":{"line":26,"column":40}},{"start":{"line":26,"column":43},"end":{"line":26,"column":61}}],"line":26},"18":{"loc":{"start":{"line":26,"column":12},"end":{"line":26,"column":33}},"type":"binary-expr","locations":[{"start":{"line":26,"column":12},"end":{"line":26,"column":15}},{"start":{"line":26,"column":19},"end":{"line":26,"column":33}}],"line":26}},"s":{"0":1,"1":0,"2":0,"3":0,"4":0,"5":0,"6":0,"7":0,"8":0,"9":0,"10":0,"11":1,"12":0,"13":0,"14":1,"15":2,"16":2,"17":0,"18":0,"19":0,"20":0,"21":0,"22":0,"23":0,"24":1,"25":6,"26":1,"27":1,"28":1,"29":1,"30":1,"31":1,"32":1,"33":1,"34":1,"35":1,"36":1,"37":1,"38":1,"39":1,"40":1,"41":1,"42":1,"43":1,"44":1,"45":1,"46":1,"47":1,"48":1,"49":1,"50":1,"51":1,"52":1,"53":1,"54":1,"55":1,"56":1,"57":1,"58":1,"59":1,"60":1,"61":1,"62":1,"63":1,"64":1,"65":1,"66":1},"f":{"0":0,"1":0,"2":0,"3":0,"4":0,"5":2,"6":6,"7":1,"8":1,"9":1,"10":1,"11":1,"12":1},"b":{"0":[1,1,1],"1":[1,0],"2":[0,0],"3":[0,0],"4":[0,0],"5":[0,0],"6":[0,0],"7":[0,0],"8":[1,1,1],"9":[1,0],"10":[1,1,1],"11":[2,0],"12":[2,2],"13":[0,0],"14":[0,0],"15":[0,0],"16":[1,1,1],"17":[0,6],"18":[6,6]},"_coverageSchema":"1a1c01bbd47fc00a2c39e90264f33305004495a9","hash":"e092cbb1deba6dec7b5c50a23bd71b8ca9f64e06","contentHash":"8dcaa30aeb1ca9ffa3512da941ebe879e2cf9f2e4887491a4f9878d4ad5f7f13"},"C:\\ISPP\\ISPP-G1-Talent\\api\\v1\\modules\\user\\controllers\\UserController.js":{"path":"C:\\ISPP\\ISPP-G1-Talent\\api\\v1\\modules\\user\\controllers\\UserController.js","statementMap":{"0":{"start":{"line":2,"column":22},"end":{"line":4,"column":1}},"1":{"start":{"line":3,"column":4},"end":{"line":3,"column":62}},"2":{"start":{"line":5,"column":0},"end":{"line":5,"column":62}},"3":{"start":{"line":6,"column":0},"end":{"line":6,"column":314}},"4":{"start":{"line":7,"column":22},"end":{"line":7,"column":73}},"5":{"start":{"line":8,"column":22},"end":{"line":8,"column":59}},"6":{"start":{"line":10,"column":19},"end":{"line":25,"column":1}},"7":{"start":{"line":11,"column":4},"end":{"line":24,"column":5}},"8":{"start":{"line":12,"column":21},"end":{"line":12,"column":61}},"9":{"start":{"line":13,"column":8},"end":{"line":15,"column":11}},"10":{"start":{"line":18,"column":8},"end":{"line":23,"column":11}},"11":{"start":{"line":26,"column":0},"end":{"line":26,"column":32}},"12":{"start":{"line":27,"column":20},"end":{"line":43,"column":1}},"13":{"start":{"line":28,"column":4},"end":{"line":42,"column":5}},"14":{"start":{"line":29,"column":19},"end":{"line":29,"column":32}},"15":{"start":{"line":30,"column":21},"end":{"line":30,"column":64}},"16":{"start":{"line":31,"column":8},"end":{"line":33,"column":11}},"17":{"start":{"line":36,"column":8},"end":{"line":41,"column":11}},"18":{"start":{"line":44,"column":0},"end":{"line":44,"column":34}},"19":{"start":{"line":45,"column":43},"end":{"line":61,"column":1}},"20":{"start":{"line":46,"column":4},"end":{"line":60,"column":5}},"21":{"start":{"line":47,"column":23},"end":{"line":47,"column":36}},"22":{"start":{"line":48,"column":21},"end":{"line":48,"column":91}},"23":{"start":{"line":49,"column":8},"end":{"line":51,"column":11}},"24":{"start":{"line":54,"column":8},"end":{"line":59,"column":11}},"25":{"start":{"line":62,"column":0},"end":{"line":62,"column":80}},"26":{"start":{"line":63,"column":24},"end":{"line":79,"column":1}},"27":{"start":{"line":64,"column":4},"end":{"line":78,"column":5}},"28":{"start":{"line":65,"column":21},"end":{"line":65,"column":32}},"29":{"start":{"line":66,"column":21},"end":{"line":66,"column":75}},"30":{"start":{"line":67,"column":8},"end":{"line":69,"column":11}},"31":{"start":{"line":72,"column":8},"end":{"line":77,"column":11}},"32":{"start":{"line":80,"column":0},"end":{"line":80,"column":42}},"33":{"start":{"line":81,"column":29},"end":{"line":97,"column":1}},"34":{"start":{"line":82,"column":4},"end":{"line":96,"column":5}},"35":{"start":{"line":83,"column":21},"end":{"line":83,"column":37}},"36":{"start":{"line":84,"column":21},"end":{"line":84,"column":75}},"37":{"start":{"line":85,"column":8},"end":{"line":87,"column":11}},"38":{"start":{"line":90,"column":8},"end":{"line":95,"column":11}},"39":{"start":{"line":98,"column":0},"end":{"line":98,"column":52}},"40":{"start":{"line":99,"column":24},"end":{"line":116,"column":1}},"41":{"start":{"line":100,"column":4},"end":{"line":115,"column":5}},"42":{"start":{"line":101,"column":19},"end":{"line":101,"column":32}},"43":{"start":{"line":102,"column":21},"end":{"line":102,"column":32}},"44":{"start":{"line":103,"column":21},"end":{"line":103,"column":79}},"45":{"start":{"line":104,"column":8},"end":{"line":106,"column":11}},"46":{"start":{"line":109,"column":8},"end":{"line":114,"column":11}},"47":{"start":{"line":117,"column":0},"end":{"line":117,"column":42}},"48":{"start":{"line":118,"column":29},"end":{"line":135,"column":1}},"49":{"start":{"line":119,"column":4},"end":{"line":134,"column":5}},"50":{"start":{"line":120,"column":19},"end":{"line":120,"column":32}},"51":{"start":{"line":121,"column":21},"end":{"line":121,"column":37}},"52":{"start":{"line":122,"column":21},"end":{"line":122,"column":79}},"53":{"start":{"line":123,"column":8},"end":{"line":125,"column":11}},"54":{"start":{"line":128,"column":8},"end":{"line":133,"column":11}},"55":{"start":{"line":136,"column":0},"end":{"line":136,"column":52}},"56":{"start":{"line":137,"column":33},"end":{"line":154,"column":1}},"57":{"start":{"line":138,"column":4},"end":{"line":153,"column":5}},"58":{"start":{"line":139,"column":19},"end":{"line":139,"column":32}},"59":{"start":{"line":140,"column":24},"end":{"line":140,"column":47}},"60":{"start":{"line":141,"column":21},"end":{"line":141,"column":86}},"61":{"start":{"line":142,"column":8},"end":{"line":144,"column":11}},"62":{"start":{"line":147,"column":8},"end":{"line":152,"column":11}},"63":{"start":{"line":155,"column":0},"end":{"line":155,"column":60}},"64":{"start":{"line":156,"column":27},"end":{"line":173,"column":1}},"65":{"start":{"line":157,"column":4},"end":{"line":172,"column":5}},"66":{"start":{"line":158,"column":19},"end":{"line":158,"column":32}},"67":{"start":{"line":159,"column":32},"end":{"line":159,"column":40}},"68":{"start":{"line":160,"column":21},"end":{"line":160,"column":84}},"69":{"start":{"line":161,"column":8},"end":{"line":163,"column":11}},"70":{"start":{"line":166,"column":8},"end":{"line":171,"column":11}},"71":{"start":{"line":174,"column":0},"end":{"line":174,"column":48}},"72":{"start":{"line":175,"column":18},"end":{"line":190,"column":1}},"73":{"start":{"line":176,"column":4},"end":{"line":189,"column":5}},"74":{"start":{"line":177,"column":21},"end":{"line":177,"column":68}},"75":{"start":{"line":178,"column":8},"end":{"line":180,"column":11}},"76":{"start":{"line":183,"column":8},"end":{"line":188,"column":11}},"77":{"start":{"line":191,"column":0},"end":{"line":191,"column":30}},"78":{"start":{"line":192,"column":19},"end":{"line":208,"column":1}},"79":{"start":{"line":193,"column":4},"end":{"line":207,"column":5}},"80":{"start":{"line":194,"column":19},"end":{"line":194,"column":32}},"81":{"start":{"line":195,"column":21},"end":{"line":195,"column":63}},"82":{"start":{"line":196,"column":8},"end":{"line":198,"column":11}},"83":{"start":{"line":201,"column":8},"end":{"line":206,"column":11}},"84":{"start":{"line":209,"column":0},"end":{"line":209,"column":32}},"85":{"start":{"line":210,"column":0},"end":{"line":221,"column":2}}},"fnMap":{"0":{"name":"(anonymous_0)","decl":{"start":{"line":2,"column":56},"end":{"line":2,"column":57}},"loc":{"start":{"line":2,"column":71},"end":{"line":4,"column":1}},"line":2},"1":{"name":"(anonymous_1)","decl":{"start":{"line":10,"column":19},"end":{"line":10,"column":20}},"loc":{"start":{"line":10,"column":39},"end":{"line":25,"column":1}},"line":10},"2":{"name":"(anonymous_2)","decl":{"start":{"line":27,"column":20},"end":{"line":27,"column":21}},"loc":{"start":{"line":27,"column":40},"end":{"line":43,"column":1}},"line":27},"3":{"name":"(anonymous_3)","decl":{"start":{"line":45,"column":43},"end":{"line":45,"column":44}},"loc":{"start":{"line":45,"column":63},"end":{"line":61,"column":1}},"line":45},"4":{"name":"(anonymous_4)","decl":{"start":{"line":63,"column":24},"end":{"line":63,"column":25}},"loc":{"start":{"line":63,"column":44},"end":{"line":79,"column":1}},"line":63},"5":{"name":"(anonymous_5)","decl":{"start":{"line":81,"column":29},"end":{"line":81,"column":30}},"loc":{"start":{"line":81,"column":49},"end":{"line":97,"column":1}},"line":81},"6":{"name":"(anonymous_6)","decl":{"start":{"line":99,"column":24},"end":{"line":99,"column":25}},"loc":{"start":{"line":99,"column":44},"end":{"line":116,"column":1}},"line":99},"7":{"name":"(anonymous_7)","decl":{"start":{"line":118,"column":29},"end":{"line":118,"column":30}},"loc":{"start":{"line":118,"column":49},"end":{"line":135,"column":1}},"line":118},"8":{"name":"(anonymous_8)","decl":{"start":{"line":137,"column":33},"end":{"line":137,"column":34}},"loc":{"start":{"line":137,"column":53},"end":{"line":154,"column":1}},"line":137},"9":{"name":"(anonymous_9)","decl":{"start":{"line":156,"column":27},"end":{"line":156,"column":28}},"loc":{"start":{"line":156,"column":47},"end":{"line":173,"column":1}},"line":156},"10":{"name":"(anonymous_10)","decl":{"start":{"line":175,"column":18},"end":{"line":175,"column":19}},"loc":{"start":{"line":175,"column":38},"end":{"line":190,"column":1}},"line":175},"11":{"name":"(anonymous_11)","decl":{"start":{"line":192,"column":19},"end":{"line":192,"column":20}},"loc":{"start":{"line":192,"column":39},"end":{"line":208,"column":1}},"line":192}},"branchMap":{"0":{"loc":{"start":{"line":2,"column":22},"end":{"line":4,"column":1}},"type":"binary-expr","locations":[{"start":{"line":2,"column":23},"end":{"line":2,"column":27}},{"start":{"line":2,"column":31},"end":{"line":2,"column":51}},{"start":{"line":2,"column":56},"end":{"line":4,"column":1}}],"line":2},"1":{"loc":{"start":{"line":3,"column":11},"end":{"line":3,"column":61}},"type":"cond-expr","locations":[{"start":{"line":3,"column":37},"end":{"line":3,"column":40}},{"start":{"line":3,"column":43},"end":{"line":3,"column":61}}],"line":3},"2":{"loc":{"start":{"line":3,"column":12},"end":{"line":3,"column":33}},"type":"binary-expr","locations":[{"start":{"line":3,"column":12},"end":{"line":3,"column":15}},{"start":{"line":3,"column":19},"end":{"line":3,"column":33}}],"line":3}},"s":{"0":1,"1":1,"2":1,"3":1,"4":1,"5":1,"6":1,"7":0,"8":0,"9":0,"10":0,"11":1,"12":1,"13":0,"14":0,"15":0,"16":0,"17":0,"18":1,"19":1,"20":0,"21":0,"22":0,"23":0,"24":0,"25":1,"26":1,"27":0,"28":0,"29":0,"30":0,"31":0,"32":1,"33":1,"34":0,"35":0,"36":0,"37":0,"38":0,"39":1,"40":1,"41":0,"42":0,"43":0,"44":0,"45":0,"46":0,"47":1,"48":1,"49":0,"50":0,"51":0,"52":0,"53":0,"54":0,"55":1,"56":1,"57":0,"58":0,"59":0,"60":0,"61":0,"62":0,"63":1,"64":1,"65":0,"66":0,"67":0,"68":0,"69":0,"70":0,"71":1,"72":1,"73":1,"74":1,"75":1,"76":0,"77":1,"78":1,"79":0,"80":0,"81":0,"82":0,"83":0,"84":1,"85":1},"f":{"0":1,"1":0,"2":0,"3":0,"4":0,"5":0,"6":0,"7":0,"8":0,"9":0,"10":1,"11":0},"b":{"0":[1,1,1],"1":[1,0],"2":[1,1]},"_coverageSchema":"1a1c01bbd47fc00a2c39e90264f33305004495a9","hash":"f302e8bbc8725875133836e21bf32ee9a150dd39","contentHash":"1574182acc64435e62732d7b426a3efa69064ca97fb1aed7b3fdfd0ffee56210"},"C:\\ISPP\\ISPP-G1-Talent\\api\\v1\\modules\\user\\services\\UserService.js":{"path":"C:\\ISPP\\ISPP-G1-Talent\\api\\v1\\modules\\user\\services\\UserService.js","statementMap":{"0":{"start":{"line":2,"column":13},"end":{"line":12,"column":1}},"1":{"start":{"line":3,"column":12},"end":{"line":3,"column":14}},"2":{"start":{"line":4,"column":4},"end":{"line":5,"column":20}},"3":{"start":{"line":4,"column":21},"end":{"line":5,"column":20}},"4":{"start":{"line":5,"column":8},"end":{"line":5,"column":20}},"5":{"start":{"line":6,"column":4},"end":{"line":10,"column":9}},"6":{"start":{"line":7,"column":8},"end":{"line":10,"column":9}},"7":{"start":{"line":7,"column":21},"end":{"line":7,"column":22}},"8":{"start":{"line":7,"column":28},"end":{"line":7,"column":59}},"9":{"start":{"line":8,"column":12},"end":{"line":9,"column":34}},"10":{"start":{"line":9,"column":16},"end":{"line":9,"column":34}},"11":{"start":{"line":11,"column":4},"end":{"line":11,"column":13}},"12":{"start":{"line":13,"column":0},"end":{"line":13,"column":62}},"13":{"start":{"line":14,"column":0},"end":{"line":14,"column":242}},"14":{"start":{"line":15,"column":20},"end":{"line":15,"column":51}},"15":{"start":{"line":16,"column":15},"end":{"line":16,"column":40}},"16":{"start":{"line":17,"column":34},"end":{"line":17,"column":105}},"17":{"start":{"line":18,"column":22},"end":{"line":18,"column":55}},"18":{"start":{"line":19,"column":26},"end":{"line":19,"column":76}},"19":{"start":{"line":20,"column":19},"end":{"line":20,"column":57}},"20":{"start":{"line":20,"column":31},"end":{"line":20,"column":57}},"21":{"start":{"line":21,"column":0},"end":{"line":21,"column":32}},"22":{"start":{"line":22,"column":20},"end":{"line":22,"column":64}},"23":{"start":{"line":22,"column":34},"end":{"line":22,"column":64}},"24":{"start":{"line":23,"column":0},"end":{"line":23,"column":34}},"25":{"start":{"line":24,"column":43},"end":{"line":32,"column":1}},"26":{"start":{"line":25,"column":4},"end":{"line":31,"column":5}},"27":{"start":{"line":26,"column":8},"end":{"line":26,"column":87}},"28":{"start":{"line":29,"column":8},"end":{"line":29,"column":78}},"29":{"start":{"line":30,"column":8},"end":{"line":30,"column":20}},"30":{"start":{"line":33,"column":0},"end":{"line":33,"column":80}},"31":{"start":{"line":34,"column":19},"end":{"line":49,"column":1}},"32":{"start":{"line":35,"column":4},"end":{"line":48,"column":5}},"33":{"start":{"line":36,"column":22},"end":{"line":36,"column":62}},"34":{"start":{"line":37,"column":8},"end":{"line":40,"column":9}},"35":{"start":{"line":38,"column":29},"end":{"line":38,"column":199}},"36":{"start":{"line":39,"column":12},"end":{"line":39,"column":43}},"37":{"start":{"line":41,"column":21},"end":{"line":41,"column":36}},"38":{"start":{"line":42,"column":8},"end":{"line":42,"column":26}},"39":{"start":{"line":43,"column":8},"end":{"line":43,"column":20}},"40":{"start":{"line":46,"column":8},"end":{"line":46,"column":54}},"41":{"start":{"line":47,"column":8},"end":{"line":47,"column":20}},"42":{"start":{"line":50,"column":0},"end":{"line":50,"column":32}},"43":{"start":{"line":51,"column":19},"end":{"line":62,"column":1}},"44":{"start":{"line":52,"column":4},"end":{"line":61,"column":5}},"45":{"start":{"line":53,"column":22},"end":{"line":53,"column":62}},"46":{"start":{"line":54,"column":45},"end":{"line":54,"column":49}},"47":{"start":{"line":54,"column":69},"end":{"line":54,"column":113}},"48":{"start":{"line":55,"column":28},"end":{"line":55,"column":93}},"49":{"start":{"line":56,"column":8},"end":{"line":56,"column":27}},"50":{"start":{"line":59,"column":8},"end":{"line":59,"column":53}},"51":{"start":{"line":60,"column":8},"end":{"line":60,"column":20}},"52":{"start":{"line":63,"column":0},"end":{"line":63,"column":32}},"53":{"start":{"line":64,"column":33},"end":{"line":73,"column":1}},"54":{"start":{"line":65,"column":4},"end":{"line":72,"column":5}},"55":{"start":{"line":66,"column":28},"end":{"line":66,"column":116}},"56":{"start":{"line":67,"column":8},"end":{"line":67,"column":27}},"57":{"start":{"line":70,"column":8},"end":{"line":70,"column":69}},"58":{"start":{"line":71,"column":8},"end":{"line":71,"column":20}},"59":{"start":{"line":74,"column":0},"end":{"line":74,"column":60}},"60":{"start":{"line":75,"column":27},"end":{"line":84,"column":1}},"61":{"start":{"line":76,"column":4},"end":{"line":83,"column":5}},"62":{"start":{"line":77,"column":28},"end":{"line":77,"column":109}},"63":{"start":{"line":78,"column":8},"end":{"line":78,"column":27}},"64":{"start":{"line":81,"column":8},"end":{"line":81,"column":62}},"65":{"start":{"line":82,"column":8},"end":{"line":82,"column":20}},"66":{"start":{"line":85,"column":0},"end":{"line":85,"column":48}},"67":{"start":{"line":86,"column":19},"end":{"line":96,"column":1}},"68":{"start":{"line":87,"column":4},"end":{"line":95,"column":5}},"69":{"start":{"line":88,"column":22},"end":{"line":88,"column":62}},"70":{"start":{"line":89,"column":8},"end":{"line":89,"column":42}},"71":{"start":{"line":90,"column":8},"end":{"line":90,"column":44}},"72":{"start":{"line":93,"column":8},"end":{"line":93,"column":52}},"73":{"start":{"line":94,"column":8},"end":{"line":94,"column":20}},"74":{"start":{"line":97,"column":0},"end":{"line":97,"column":32}},"75":{"start":{"line":98,"column":18},"end":{"line":110,"column":1}},"76":{"start":{"line":99,"column":4},"end":{"line":109,"column":5}},"77":{"start":{"line":100,"column":21},"end":{"line":100,"column":75}},"78":{"start":{"line":101,"column":19},"end":{"line":101,"column":82}},"79":{"start":{"line":102,"column":22},"end":{"line":102,"column":54}},"80":{"start":{"line":103,"column":23},"end":{"line":103,"column":38}},"81":{"start":{"line":104,"column":8},"end":{"line":104,"column":22}},"82":{"start":{"line":107,"column":8},"end":{"line":107,"column":50}},"83":{"start":{"line":108,"column":8},"end":{"line":108,"column":20}},"84":{"start":{"line":111,"column":0},"end":{"line":111,"column":30}},"85":{"start":{"line":112,"column":0},"end":{"line":122,"column":2}}},"fnMap":{"0":{"name":"(anonymous_0)","decl":{"start":{"line":2,"column":38},"end":{"line":2,"column":39}},"loc":{"start":{"line":2,"column":54},"end":{"line":12,"column":1}},"line":2},"1":{"name":"(anonymous_1)","decl":{"start":{"line":20,"column":19},"end":{"line":20,"column":20}},"loc":{"start":{"line":20,"column":31},"end":{"line":20,"column":57}},"line":20},"2":{"name":"(anonymous_2)","decl":{"start":{"line":22,"column":20},"end":{"line":22,"column":21}},"loc":{"start":{"line":22,"column":34},"end":{"line":22,"column":64}},"line":22},"3":{"name":"(anonymous_3)","decl":{"start":{"line":24,"column":43},"end":{"line":24,"column":44}},"loc":{"start":{"line":24,"column":61},"end":{"line":32,"column":1}},"line":24},"4":{"name":"(anonymous_4)","decl":{"start":{"line":34,"column":19},"end":{"line":34,"column":20}},"loc":{"start":{"line":34,"column":41},"end":{"line":49,"column":1}},"line":34},"5":{"name":"(anonymous_5)","decl":{"start":{"line":51,"column":19},"end":{"line":51,"column":20}},"loc":{"start":{"line":51,"column":45},"end":{"line":62,"column":1}},"line":51},"6":{"name":"(anonymous_6)","decl":{"start":{"line":64,"column":33},"end":{"line":64,"column":34}},"loc":{"start":{"line":64,"column":56},"end":{"line":73,"column":1}},"line":64},"7":{"name":"(anonymous_7)","decl":{"start":{"line":75,"column":27},"end":{"line":75,"column":28}},"loc":{"start":{"line":75,"column":54},"end":{"line":84,"column":1}},"line":75},"8":{"name":"(anonymous_8)","decl":{"start":{"line":86,"column":19},"end":{"line":86,"column":20}},"loc":{"start":{"line":86,"column":39},"end":{"line":96,"column":1}},"line":86},"9":{"name":"(anonymous_9)","decl":{"start":{"line":98,"column":18},"end":{"line":98,"column":19}},"loc":{"start":{"line":98,"column":34},"end":{"line":110,"column":1}},"line":98}},"branchMap":{"0":{"loc":{"start":{"line":2,"column":13},"end":{"line":12,"column":1}},"type":"binary-expr","locations":[{"start":{"line":2,"column":14},"end":{"line":2,"column":18}},{"start":{"line":2,"column":22},"end":{"line":2,"column":33}},{"start":{"line":2,"column":38},"end":{"line":12,"column":1}}],"line":2},"1":{"loc":{"start":{"line":4,"column":21},"end":{"line":5,"column":20}},"type":"if","locations":[{"start":{"line":4,"column":21},"end":{"line":5,"column":20}},{"start":{"line":4,"column":21},"end":{"line":5,"column":20}}],"line":4},"2":{"loc":{"start":{"line":4,"column":25},"end":{"line":4,"column":87}},"type":"binary-expr","locations":[{"start":{"line":4,"column":25},"end":{"line":4,"column":67}},{"start":{"line":4,"column":71},"end":{"line":4,"column":87}}],"line":4},"3":{"loc":{"start":{"line":6,"column":4},"end":{"line":10,"column":9}},"type":"if","locations":[{"start":{"line":6,"column":4},"end":{"line":10,"column":9}},{"start":{"line":6,"column":4},"end":{"line":10,"column":9}}],"line":6},"4":{"loc":{"start":{"line":6,"column":8},"end":{"line":6,"column":71}},"type":"binary-expr","locations":[{"start":{"line":6,"column":8},"end":{"line":6,"column":17}},{"start":{"line":6,"column":21},"end":{"line":6,"column":71}}],"line":6},"5":{"loc":{"start":{"line":8,"column":12},"end":{"line":9,"column":34}},"type":"if","locations":[{"start":{"line":8,"column":12},"end":{"line":9,"column":34}},{"start":{"line":8,"column":12},"end":{"line":9,"column":34}}],"line":8},"6":{"loc":{"start":{"line":8,"column":16},"end":{"line":8,"column":90}},"type":"binary-expr","locations":[{"start":{"line":8,"column":16},"end":{"line":8,"column":35}},{"start":{"line":8,"column":39},"end":{"line":8,"column":90}}],"line":8},"7":{"loc":{"start":{"line":37,"column":8},"end":{"line":40,"column":9}},"type":"if","locations":[{"start":{"line":37,"column":8},"end":{"line":40,"column":9}},{"start":{"line":37,"column":8},"end":{"line":40,"column":9}}],"line":37},"8":{"loc":{"start":{"line":38,"column":73},"end":{"line":38,"column":132}},"type":"cond-expr","locations":[{"start":{"line":38,"column":108},"end":{"line":38,"column":114}},{"start":{"line":38,"column":117},"end":{"line":38,"column":132}}],"line":38},"9":{"loc":{"start":{"line":38,"column":73},"end":{"line":38,"column":105}},"type":"binary-expr","locations":[{"start":{"line":38,"column":73},"end":{"line":38,"column":86}},{"start":{"line":38,"column":90},"end":{"line":38,"column":105}}],"line":38},"10":{"loc":{"start":{"line":38,"column":138},"end":{"line":38,"column":198}},"type":"cond-expr","locations":[{"start":{"line":38,"column":173},"end":{"line":38,"column":179}},{"start":{"line":38,"column":182},"end":{"line":38,"column":198}}],"line":38},"11":{"loc":{"start":{"line":38,"column":138},"end":{"line":38,"column":170}},"type":"binary-expr","locations":[{"start":{"line":38,"column":138},"end":{"line":38,"column":151}},{"start":{"line":38,"column":155},"end":{"line":38,"column":170}}],"line":38},"12":{"loc":{"start":{"line":101,"column":19},"end":{"line":101,"column":82}},"type":"cond-expr","locations":[{"start":{"line":101,"column":54},"end":{"line":101,"column":60}},{"start":{"line":101,"column":63},"end":{"line":101,"column":82}}],"line":101},"13":{"loc":{"start":{"line":101,"column":19},"end":{"line":101,"column":51}},"type":"binary-expr","locations":[{"start":{"line":101,"column":19},"end":{"line":101,"column":32}},{"start":{"line":101,"column":36},"end":{"line":101,"column":51}}],"line":101}},"s":{"0":1,"1":0,"2":0,"3":0,"4":0,"5":0,"6":0,"7":0,"8":0,"9":0,"10":0,"11":0,"12":1,"13":1,"14":1,"15":1,"16":1,"17":1,"18":1,"19":1,"20":1,"21":1,"22":1,"23":0,"24":1,"25":1,"26":0,"27":0,"28":0,"29":0,"30":1,"31":1,"32":1,"33":1,"34":1,"35":1,"36":0,"37":0,"38":0,"39":0,"40":1,"41":1,"42":1,"43":1,"44":0,"45":0,"46":0,"47":0,"48":0,"49":0,"50":0,"51":0,"52":1,"53":1,"54":0,"55":0,"56":0,"57":0,"58":0,"59":1,"60":1,"61":0,"62":0,"63":0,"64":0,"65":0,"66":1,"67":1,"68":0,"69":0,"70":0,"71":0,"72":0,"73":0,"74":1,"75":1,"76":1,"77":1,"78":1,"79":1,"80":1,"81":1,"82":0,"83":0,"84":1,"85":1},"f":{"0":0,"1":1,"2":0,"3":0,"4":1,"5":0,"6":0,"7":0,"8":0,"9":1},"b":{"0":[1,1,1],"1":[0,0],"2":[0,0],"3":[0,0],"4":[0,0],"5":[0,0],"6":[0,0],"7":[1,0],"8":[0,1],"9":[1,1],"10":[0,1],"11":[1,1],"12":[0,1],"13":[1,1]},"_coverageSchema":"1a1c01bbd47fc00a2c39e90264f33305004495a9","hash":"4263264623db4e3411deb4afd5a458d8c5e9b94c","contentHash":"01e75f1f3d6830ad604040808d9063ee87143bcdcf76c4a496c85767639d82ed"},"C:\\ISPP\\ISPP-G1-Talent\\api\\v1\\modules\\user\\helpers\\handleJWT.js":{"path":"C:\\ISPP\\ISPP-G1-Talent\\api\\v1\\modules\\user\\helpers\\handleJWT.js","statementMap":{"0":{"start":{"line":3,"column":0},"end":{"line":3,"column":62}},"1":{"start":{"line":4,"column":0},"end":{"line":4,"column":49}},"2":{"start":{"line":5,"column":23},"end":{"line":5,"column":46}},"3":{"start":{"line":6,"column":18},"end":{"line":6,"column":93}},"4":{"start":{"line":7,"column":20},"end":{"line":10,"column":1}},"5":{"start":{"line":8,"column":16},"end":{"line":8,"column":85}},"6":{"start":{"line":9,"column":4},"end":{"line":9,"column":15}},"7":{"start":{"line":11,"column":0},"end":{"line":11,"column":34}},"8":{"start":{"line":12,"column":18},"end":{"line":12,"column":73}},"9":{"start":{"line":12,"column":29},"end":{"line":12,"column":73}},"10":{"start":{"line":13,"column":0},"end":{"line":13,"column":30}}},"fnMap":{"0":{"name":"(anonymous_0)","decl":{"start":{"line":7,"column":20},"end":{"line":7,"column":21}},"loc":{"start":{"line":7,"column":28},"end":{"line":10,"column":1}},"line":7},"1":{"name":"(anonymous_1)","decl":{"start":{"line":12,"column":18},"end":{"line":12,"column":19}},"loc":{"start":{"line":12,"column":29},"end":{"line":12,"column":73}},"line":12}},"branchMap":{"0":{"loc":{"start":{"line":6,"column":18},"end":{"line":6,"column":93}},"type":"cond-expr","locations":[{"start":{"line":6,"column":76},"end":{"line":6,"column":78}},{"start":{"line":6,"column":81},"end":{"line":6,"column":93}}],"line":6},"1":{"loc":{"start":{"line":6,"column":18},"end":{"line":6,"column":73}},"type":"binary-expr","locations":[{"start":{"line":6,"column":18},"end":{"line":6,"column":56}},{"start":{"line":6,"column":60},"end":{"line":6,"column":73}}],"line":6}},"s":{"0":1,"1":1,"2":1,"3":1,"4":1,"5":1,"6":1,"7":1,"8":1,"9":0,"10":1},"f":{"0":1,"1":0},"b":{"0":[0,1],"1":[1,1]},"_coverageSchema":"1a1c01bbd47fc00a2c39e90264f33305004495a9","hash":"9836012454303093724e8242eaf16976a8363f1f","contentHash":"61860d423341e50a1f34df7c3c272078520d5d58008e93dd21086ffdae0dac2b"},"C:\\ISPP\\ISPP-G1-Talent\\api\\v1\\modules\\user\\models\\user.js":{"path":"C:\\ISPP\\ISPP-G1-Talent\\api\\v1\\modules\\user\\models\\user.js","statementMap":{"0":{"start":{"line":2,"column":22},"end":{"line":4,"column":1}},"1":{"start":{"line":3,"column":4},"end":{"line":3,"column":62}},"2":{"start":{"line":5,"column":0},"end":{"line":5,"column":62}},"3":{"start":{"line":6,"column":0},"end":{"line":6,"column":149}},"4":{"start":{"line":7,"column":19},"end":{"line":7,"column":55}},"5":{"start":{"line":8,"column":25},"end":{"line":8,"column":72}},"6":{"start":{"line":9,"column":26},"end":{"line":9,"column":44}},"7":{"start":{"line":10,"column":28},"end":{"line":14,"column":1}},"8":{"start":{"line":15,"column":0},"end":{"line":15,"column":50}},"9":{"start":{"line":16,"column":30},"end":{"line":19,"column":1}},"10":{"start":{"line":20,"column":0},"end":{"line":20,"column":54}},"11":{"start":{"line":21,"column":18},"end":{"line":24,"column":1}},"12":{"start":{"line":25,"column":0},"end":{"line":25,"column":30}},"13":{"start":{"line":26,"column":19},"end":{"line":32,"column":32}},"14":{"start":{"line":33,"column":13},"end":{"line":33,"column":38}},"15":{"start":{"line":34,"column":0},"end":{"line":34,"column":20}},"16":{"start":{"line":35,"column":17},"end":{"line":35,"column":67}},"17":{"start":{"line":36,"column":29},"end":{"line":44,"column":2}},"18":{"start":{"line":45,"column":24},"end":{"line":63,"column":2}},"19":{"start":{"line":64,"column":23},"end":{"line":64,"column":81}},"20":{"start":{"line":65,"column":0},"end":{"line":65,"column":40}},"21":{"start":{"line":66,"column":18},"end":{"line":66,"column":66}},"22":{"start":{"line":67,"column":0},"end":{"line":67,"column":30}}},"fnMap":{"0":{"name":"(anonymous_0)","decl":{"start":{"line":2,"column":56},"end":{"line":2,"column":57}},"loc":{"start":{"line":2,"column":71},"end":{"line":4,"column":1}},"line":2}},"branchMap":{"0":{"loc":{"start":{"line":2,"column":22},"end":{"line":4,"column":1}},"type":"binary-expr","locations":[{"start":{"line":2,"column":23},"end":{"line":2,"column":27}},{"start":{"line":2,"column":31},"end":{"line":2,"column":51}},{"start":{"line":2,"column":56},"end":{"line":4,"column":1}}],"line":2},"1":{"loc":{"start":{"line":3,"column":11},"end":{"line":3,"column":61}},"type":"cond-expr","locations":[{"start":{"line":3,"column":37},"end":{"line":3,"column":40}},{"start":{"line":3,"column":43},"end":{"line":3,"column":61}}],"line":3},"2":{"loc":{"start":{"line":3,"column":12},"end":{"line":3,"column":33}},"type":"binary-expr","locations":[{"start":{"line":3,"column":12},"end":{"line":3,"column":15}},{"start":{"line":3,"column":19},"end":{"line":3,"column":33}}],"line":3}},"s":{"0":1,"1":1,"2":1,"3":1,"4":1,"5":1,"6":1,"7":1,"8":1,"9":1,"10":1,"11":1,"12":1,"13":1,"14":1,"15":1,"16":1,"17":1,"18":1,"19":1,"20":1,"21":1,"22":1},"f":{"0":1},"b":{"0":[1,1,1],"1":[0,1],"2":[1,1]},"_coverageSchema":"1a1c01bbd47fc00a2c39e90264f33305004495a9","hash":"2e2e29fea7c47ded97ba0c9db13edde1a94ebb0f","contentHash":"24d40edb94c690c69030bb937480b16bb34200f6dfdd7b9b23bc4f34fbe8389b"},"C:\\ISPP\\ISPP-G1-Talent\\api\\v1\\modules\\analysis\\models\\analysis.model.js":{"path":"C:\\ISPP\\ISPP-G1-Talent\\api\\v1\\modules\\analysis\\models\\analysis.model.js","statementMap":{"0":{"start":{"line":2,"column":0},"end":{"line":2,"column":62}},"1":{"start":{"line":3,"column":0},"end":{"line":3,"column":56}},"2":{"start":{"line":4,"column":19},"end":{"line":4,"column":38}},"3":{"start":{"line":5,"column":29},"end":{"line":14,"column":2}},"4":{"start":{"line":15,"column":0},"end":{"line":35,"column":25}},"5":{"start":{"line":37,"column":0},"end":{"line":37,"column":82}},"6":{"start":{"line":38,"column":0},"end":{"line":38,"column":39}},"7":{"start":{"line":38,"column":21},"end":{"line":38,"column":37}},"8":{"start":{"line":40,"column":4},"end":{"line":40,"column":36}}},"fnMap":{"0":{"name":"(anonymous_0)","decl":{"start":{"line":38,"column":12},"end":{"line":38,"column":13}},"loc":{"start":{"line":38,"column":21},"end":{"line":38,"column":37}},"line":38},"1":{"name":"run","decl":{"start":{"line":39,"column":15},"end":{"line":39,"column":18}},"loc":{"start":{"line":39,"column":21},"end":{"line":41,"column":1}},"line":39}},"branchMap":{},"s":{"0":1,"1":1,"2":1,"3":1,"4":1,"5":1,"6":1,"7":0,"8":1},"f":{"0":0,"1":1},"b":{},"_coverageSchema":"1a1c01bbd47fc00a2c39e90264f33305004495a9","hash":"94d32f8661bce74fe1ee0a735ec36c521eecc663","contentHash":"3ec2e8ffda44f40d46c9c2c4988dbe95a87baabed2cfe2ac21e68b1f7e86ae4f"},"C:\\ISPP\\ISPP-G1-Talent\\api\\v1\\modules\\professional-experience\\models\\professional-experience.js":{"path":"C:\\ISPP\\ISPP-G1-Talent\\api\\v1\\modules\\professional-experience\\models\\professional-experience.js","statementMap":{"0":{"start":{"line":2,"column":22},"end":{"line":4,"column":1}},"1":{"start":{"line":3,"column":4},"end":{"line":3,"column":62}},"2":{"start":{"line":5,"column":0},"end":{"line":5,"column":62}},"3":{"start":{"line":6,"column":0},"end":{"line":6,"column":87}},"4":{"start":{"line":7,"column":19},"end":{"line":7,"column":55}},"5":{"start":{"line":8,"column":26},"end":{"line":8,"column":44}},"6":{"start":{"line":9,"column":18},"end":{"line":12,"column":1}},"7":{"start":{"line":13,"column":0},"end":{"line":13,"column":30}},"8":{"start":{"line":14,"column":25},"end":{"line":25,"column":1}},"9":{"start":{"line":26,"column":0},"end":{"line":26,"column":44}},"10":{"start":{"line":27,"column":37},"end":{"line":41,"column":2}},"11":{"start":{"line":42,"column":31},"end":{"line":42,"column":92}},"12":{"start":{"line":43,"column":0},"end":{"line":43,"column":56}}},"fnMap":{"0":{"name":"(anonymous_0)","decl":{"start":{"line":2,"column":56},"end":{"line":2,"column":57}},"loc":{"start":{"line":2,"column":71},"end":{"line":4,"column":1}},"line":2}},"branchMap":{"0":{"loc":{"start":{"line":2,"column":22},"end":{"line":4,"column":1}},"type":"binary-expr","locations":[{"start":{"line":2,"column":23},"end":{"line":2,"column":27}},{"start":{"line":2,"column":31},"end":{"line":2,"column":51}},{"start":{"line":2,"column":56},"end":{"line":4,"column":1}}],"line":2},"1":{"loc":{"start":{"line":3,"column":11},"end":{"line":3,"column":61}},"type":"cond-expr","locations":[{"start":{"line":3,"column":37},"end":{"line":3,"column":40}},{"start":{"line":3,"column":43},"end":{"line":3,"column":61}}],"line":3},"2":{"loc":{"start":{"line":3,"column":12},"end":{"line":3,"column":33}},"type":"binary-expr","locations":[{"start":{"line":3,"column":12},"end":{"line":3,"column":15}},{"start":{"line":3,"column":19},"end":{"line":3,"column":33}}],"line":3}},"s":{"0":1,"1":1,"2":1,"3":1,"4":1,"5":1,"6":1,"7":1,"8":1,"9":1,"10":1,"11":1,"12":1},"f":{"0":1},"b":{"0":[1,1,1],"1":[0,1],"2":[1,1]},"_coverageSchema":"1a1c01bbd47fc00a2c39e90264f33305004495a9","hash":"f5bec6f1624f37acb7aff50292d98c0f68717028","contentHash":"b2a0bface2a9270e3f51bdad98f356bcfb644d64a03e17d266b04b89b8980a2b"},"C:\\ISPP\\ISPP-G1-Talent\\api\\v1\\modules\\user\\helpers\\handleRoles.js":{"path":"C:\\ISPP\\ISPP-G1-Talent\\api\\v1\\modules\\user\\helpers\\handleRoles.js","statementMap":{"0":{"start":{"line":2,"column":0},"end":{"line":2,"column":62}},"1":{"start":{"line":3,"column":0},"end":{"line":3,"column":33}},"2":{"start":{"line":4,"column":15},"end":{"line":4,"column":40}},"3":{"start":{"line":5,"column":24},"end":{"line":14,"column":1}},"4":{"start":{"line":6,"column":4},"end":{"line":13,"column":5}},"5":{"start":{"line":8,"column":12},"end":{"line":8,"column":41}},"6":{"start":{"line":10,"column":12},"end":{"line":10,"column":36}},"7":{"start":{"line":12,"column":12},"end":{"line":12,"column":31}},"8":{"start":{"line":15,"column":0},"end":{"line":15,"column":42}}},"fnMap":{"0":{"name":"(anonymous_0)","decl":{"start":{"line":5,"column":24},"end":{"line":5,"column":25}},"loc":{"start":{"line":5,"column":34},"end":{"line":14,"column":1}},"line":5}},"branchMap":{"0":{"loc":{"start":{"line":6,"column":4},"end":{"line":13,"column":5}},"type":"switch","locations":[{"start":{"line":7,"column":8},"end":{"line":8,"column":41}},{"start":{"line":9,"column":8},"end":{"line":10,"column":36}},{"start":{"line":11,"column":8},"end":{"line":12,"column":31}}],"line":6}},"s":{"0":1,"1":1,"2":1,"3":1,"4":1,"5":0,"6":1,"7":0,"8":1},"f":{"0":1},"b":{"0":[0,1,0]},"_coverageSchema":"1a1c01bbd47fc00a2c39e90264f33305004495a9","hash":"bf08661957ddff39ac4fbdc594ad2a432d15298a","contentHash":"d319dbd0d3743ec69549ad023dd953b59036f894e2258b9cd6c70dd664ab8b40"},"C:\\ISPP\\ISPP-G1-Talent\\api\\v1\\modules\\analysis\\services\\AnalysisService.js":{"path":"C:\\ISPP\\ISPP-G1-Talent\\api\\v1\\modules\\analysis\\services\\AnalysisService.js","statementMap":{"0":{"start":{"line":2,"column":0},"end":{"line":2,"column":62}},"1":{"start":{"line":3,"column":0},"end":{"line":3,"column":146}},"2":{"start":{"line":4,"column":25},"end":{"line":4,"column":60}},"3":{"start":{"line":5,"column":30},"end":{"line":5,"column":88}},"4":{"start":{"line":6,"column":15},"end":{"line":6,"column":48}},"5":{"start":{"line":7,"column":24},"end":{"line":7,"column":50}},"6":{"start":{"line":8,"column":18},"end":{"line":8,"column":57}},"7":{"start":{"line":9,"column":20},"end":{"line":9,"column":59}},"8":{"start":{"line":10,"column":25},"end":{"line":10,"column":73}},"9":{"start":{"line":12,"column":23},"end":{"line":20,"column":1}},"10":{"start":{"line":13,"column":4},"end":{"line":19,"column":5}},"11":{"start":{"line":14,"column":25},"end":{"line":14,"column":75}},"12":{"start":{"line":15,"column":8},"end":{"line":15,"column":24}},"13":{"start":{"line":18,"column":8},"end":{"line":18,"column":69}},"14":{"start":{"line":21,"column":0},"end":{"line":21,"column":40}},"15":{"start":{"line":22,"column":24},"end":{"line":48,"column":1}},"16":{"start":{"line":23,"column":4},"end":{"line":25,"column":5}},"17":{"start":{"line":24,"column":8},"end":{"line":24,"column":55}},"18":{"start":{"line":26,"column":4},"end":{"line":47,"column":5}},"19":{"start":{"line":27,"column":25},"end":{"line":27,"column":74}},"20":{"start":{"line":28,"column":8},"end":{"line":30,"column":9}},"21":{"start":{"line":29,"column":12},"end":{"line":29,"column":73}},"22":{"start":{"line":31,"column":31},"end":{"line":31,"column":106}},"23":{"start":{"line":32,"column":26},"end":{"line":32,"column":97}},"24":{"start":{"line":33,"column":8},"end":{"line":39,"column":9}},"25":{"start":{"line":34,"column":12},"end":{"line":38,"column":15}},"26":{"start":{"line":40,"column":8},"end":{"line":40,"column":24}},"27":{"start":{"line":43,"column":8},"end":{"line":46,"column":78}},"28":{"start":{"line":44,"column":12},"end":{"line":44,"column":87}},"29":{"start":{"line":46,"column":12},"end":{"line":46,"column":78}},"30":{"start":{"line":49,"column":0},"end":{"line":49,"column":42}},"31":{"start":{"line":50,"column":36},"end":{"line":64,"column":1}},"32":{"start":{"line":51,"column":4},"end":{"line":53,"column":5}},"33":{"start":{"line":52,"column":8},"end":{"line":52,"column":69}},"34":{"start":{"line":54,"column":4},"end":{"line":63,"column":5}},"35":{"start":{"line":55,"column":25},"end":{"line":55,"column":89}},"36":{"start":{"line":56,"column":8},"end":{"line":58,"column":9}},"37":{"start":{"line":57,"column":12},"end":{"line":57,"column":93}},"38":{"start":{"line":59,"column":8},"end":{"line":59,"column":24}},"39":{"start":{"line":62,"column":8},"end":{"line":62,"column":129}},"40":{"start":{"line":65,"column":0},"end":{"line":65,"column":66}},"41":{"start":{"line":66,"column":23},"end":{"line":134,"column":1}},"42":{"start":{"line":67,"column":4},"end":{"line":67,"column":60}},"43":{"start":{"line":68,"column":4},"end":{"line":70,"column":5}},"44":{"start":{"line":69,"column":8},"end":{"line":69,"column":69}},"45":{"start":{"line":71,"column":4},"end":{"line":133,"column":5}},"46":{"start":{"line":72,"column":25},"end":{"line":72,"column":89}},"47":{"start":{"line":73,"column":25},"end":{"line":73,"column":98}},"48":{"start":{"line":74,"column":8},"end":{"line":128,"column":9}},"49":{"start":{"line":75,"column":33},"end":{"line":91,"column":14}},"50":{"start":{"line":83,"column":73},"end":{"line":90,"column":17}},"51":{"start":{"line":92,"column":32},"end":{"line":92,"column":57}},"52":{"start":{"line":93,"column":12},"end":{"line":98,"column":13}},"53":{"start":{"line":94,"column":39},"end":{"line":94,"column":114}},"54":{"start":{"line":95,"column":16},"end":{"line":97,"column":17}},"55":{"start":{"line":96,"column":20},"end":{"line":96,"column":115}},"56":{"start":{"line":99,"column":12},"end":{"line":99,"column":31}},"57":{"start":{"line":102,"column":27},"end":{"line":102,"column":45}},"58":{"start":{"line":103,"column":36},"end":{"line":106,"column":14}},"59":{"start":{"line":107,"column":12},"end":{"line":126,"column":13}},"60":{"start":{"line":108,"column":39},"end":{"line":108,"column":114}},"61":{"start":{"line":109,"column":34},"end":{"line":109,"column":96}},"62":{"start":{"line":110,"column":16},"end":{"line":125,"column":17}},"63":{"start":{"line":111,"column":20},"end":{"line":115,"column":23}},"64":{"start":{"line":116,"column":36},"end":{"line":119,"column":22}},"65":{"start":{"line":120,"column":20},"end":{"line":124,"column":21}},"66":{"start":{"line":121,"column":24},"end":{"line":123,"column":27}},"67":{"start":{"line":127,"column":12},"end":{"line":127,"column":35}},"68":{"start":{"line":131,"column":8},"end":{"line":131,"column":55}},"69":{"start":{"line":132,"column":8},"end":{"line":132,"column":20}},"70":{"start":{"line":135,"column":0},"end":{"line":135,"column":40}},"71":{"start":{"line":136,"column":23},"end":{"line":152,"column":1}},"72":{"start":{"line":137,"column":4},"end":{"line":139,"column":5}},"73":{"start":{"line":138,"column":8},"end":{"line":138,"column":69}},"74":{"start":{"line":140,"column":4},"end":{"line":151,"column":5}},"75":{"start":{"line":141,"column":32},"end":{"line":141,"column":105}},"76":{"start":{"line":142,"column":8},"end":{"line":143,"column":92}},"77":{"start":{"line":143,"column":12},"end":{"line":143,"column":92}},"78":{"start":{"line":144,"column":8
[...]
},"end":{"line":241,"column":9}},"type":"if","locations":[{"start":{"line":237,"column":13},"end":{"line":241,"column":9}},{"start":{"line":237,"column":13},"end":{"line":241,"column":9}}],"line":237},"34":{"loc":{"start":{"line":242,"column":71},"end":{"line":242,"column":127}},"type":"cond-expr","locations":[{"start":{"line":242,"column":120},"end":{"line":242,"column":122}},{"start":{"line":242,"column":125},"end":{"line":242,"column":127}}],"line":242},"35":{"loc":{"start":{"line":242,"column":71},"end":{"line":242,"column":117}},"type":"binary-expr","locations":[{"start":{"line":242,"column":71},"end":{"line":242,"column":100}},{"start":{"line":242,"column":104},"end":{"line":242,"column":117}}],"line":242},"36":{"loc":{"start":{"line":243,"column":65},"end":{"line":243,"column":118}},"type":"cond-expr","locations":[{"start":{"line":243,"column":111},"end":{"line":243,"column":113}},{"start":{"line":243,"column":116},"end":{"line":243,"column":118}}],"line":243},"37":{"loc":{"start":{"line":243,"column":65},"end":{"line":243,"column":108}},"type":"binary-expr","locations":[{"start":{"line":243,"column":65},"end":{"line":243,"column":91}},{"start":{"line":243,"column":95},"end":{"line":243,"column":108}}],"line":243},"38":{"loc":{"start":{"line":244,"column":8},"end":{"line":253,"column":9}},"type":"if","locations":[{"start":{"line":244,"column":8},"end":{"line":253,"column":9}},{"start":{"line":244,"column":8},"end":{"line":253,"column":9}}],"line":244},"39":{"loc":{"start":{"line":244,"column":12},"end":{"line":244,"column":45}},"type":"binary-expr","locations":[{"start":{"line":244,"column":12},"end":{"line":244,"column":25}},{"start":{"line":244,"column":29},"end":{"line":244,"column":45}}],"line":244},"40":{"loc":{"start":{"line":249,"column":13},"end":{"line":253,"column":9}},"type":"if","locations":[{"start":{"line":249,"column":13},"end":{"line":253,"column":9}},{"start":{"line":249,"column":13},"end":{"line":253,"column":9}}],"line":249},"41":{"loc":{"start":{"line":249,"column":17},"end":{"line":249,"column":44}},"type":"binary-expr","locations":[{"start":{"line":249,"column":17},"end":{"line":249,"column":27}},{"start":{"line":249,"column":31},"end":{"line":249,"column":44}}],"line":249},"42":{"loc":{"start":{"line":255,"column":8},"end":{"line":267,"column":9}},"type":"if","locations":[{"start":{"line":255,"column":8},"end":{"line":267,"column":9}},{"start":{"line":255,"column":8},"end":{"line":267,"column":9}}],"line":255},"43":{"loc":{"start":{"line":286,"column":22},"end":{"line":286,"column":90}},"type":"cond-expr","locations":[{"start":{"line":286,"column":83},"end":{"line":286,"column":85}},{"start":{"line":286,"column":88},"end":{"line":286,"column":90}}],"line":286},"44":{"loc":{"start":{"line":286,"column":22},"end":{"line":286,"column":80}},"type":"binary-expr","locations":[{"start":{"line":286,"column":22},"end":{"line":286,"column":63}},{"start":{"line":286,"column":67},"end":{"line":286,"column":80}}],"line":286},"45":{"loc":{"start":{"line":289,"column":8},"end":{"line":303,"column":9}},"type":"if","locations":[{"start":{"line":289,"column":8},"end":{"line":303,"column":9}},{"start":{"line":289,"column":8},"end":{"line":303,"column":9}}],"line":289},"46":{"loc":{"start":{"line":294,"column":13},"end":{"line":303,"column":9}},"type":"if","locations":[{"start":{"line":294,"column":13},"end":{"line":303,"column":9}},{"start":{"line":294,"column":13},"end":{"line":303,"column":9}}],"line":294},"47":{"loc":{"start":{"line":299,"column":13},"end":{"line":303,"column":9}},"type":"if","locations":[{"start":{"line":299,"column":13},"end":{"line":303,"column":9}},{"start":{"line":299,"column":13},"end":{"line":303,"column":9}}],"line":299},"48":{"loc":{"start":{"line":304,"column":71},"end":{"line":304,"column":127}},"type":"cond-expr","locations":[{"start":{"line":304,"column":120},"end":{"line":304,"column":122}},{"start":{"line":304,"column":125},"end":{"line":304,"column":127}}],"line":304},"49":{"loc":{"start":{"line":304,"column":71},"end":{"line":304,"column":117}},"type":"binary-expr","locations":[{"start":{"line":304,"column":71},"end":{"line":304,"column":100}},{"start":{"line":304,"column":104},"end":{"line":304,"column":117}}],"line":304},"50":{"loc":{"start":{"line":305,"column":65},"end":{"line":305,"column":118}},"type":"cond-expr","locations":[{"start":{"line":305,"column":111},"end":{"line":305,"column":113}},{"start":{"line":305,"column":116},"end":{"line":305,"column":118}}],"line":305},"51":{"loc":{"start":{"line":305,"column":65},"end":{"line":305,"column":108}},"type":"binary-expr","locations":[{"start":{"line":305,"column":65},"end":{"line":305,"column":91}},{"start":{"line":305,"column":95},"end":{"line":305,"column":108}}],"line":305},"52":{"loc":{"start":{"line":306,"column":8},"end":{"line":315,"column":9}},"type":"if","locations":[{"start":{"line":306,"column":8},"end":{"line":315,"column":9}},{"start":{"line":306,"column":8},"end":{"line":315,"column":9}}],"line":306},"53":{"loc":{"start":{"line":306,"column":12},"end":{"line":306,"column":45}},"type":"binary-expr","locations":[{"start":{"line":306,"column":12},"end":{"line":306,"column":25}},{"start":{"line":306,"column":29},"end":{"line":306,"column":45}}],"line":306},"54":{"loc":{"start":{"line":311,"column":13},"end":{"line":315,"column":9}},"type":"if","locations":[{"start":{"line":311,"column":13},"end":{"line":315,"column":9}},{"start":{"line":311,"column":13},"end":{"line":315,"column":9}}],"line":311},"55":{"loc":{"start":{"line":311,"column":17},"end":{"line":311,"column":44}},"type":"binary-expr","locations":[{"start":{"line":311,"column":17},"end":{"line":311,"column":27}},{"start":{"line":311,"column":31},"end":{"line":311,"column":44}}],"line":311},"56":{"loc":{"start":{"line":317,"column":8},"end":{"line":329,"column":9}},"type":"if","locations":[{"start":{"line":317,"column":8},"end":{"line":329,"column":9}},{"start":{"line":317,"column":8},"end":{"line":329,"column":9}}],"line":317},"57":{"loc":{"start":{"line":345,"column":22},"end":{"line":345,"column":90}},"type":"cond-expr","locations":[{"start":{"line":345,"column":83},"end":{"line":345,"column":85}},{"start":{"line":345,"column":88},"end":{"line":345,"column":90}}],"line":345},"58":{"loc":{"start":{"line":345,"column":22},"end":{"line":345,"column":80}},"type":"binary-expr","locations":[{"start":{"line":345,"column":22},"end":{"line":345,"column":63}},{"start":{"line":345,"column":67},"end":{"line":345,"column":80}}],"line":345},"59":{"loc":{"start":{"line":346,"column":8},"end":{"line":355,"column":9}},"type":"if","locations":[{"start":{"line":346,"column":8},"end":{"line":355,"column":9}},{"start":{"line":346,"column":8},"end":{"line":355,"column":9}}],"line":346},"60":{"loc":{"start":{"line":357,"column":8},"end":{"line":369,"column":9}},"type":"if","locations":[{"start":{"line":357,"column":8},"end":{"line":369,"column":9}},{"start":{"line":357,"column":8},"end":{"line":369,"column":9}}],"line":357},"61":{"loc":{"start":{"line":386,"column":22},"end":{"line":386,"column":90}},"type":"cond-expr","locations":[{"start":{"line":386,"column":83},"end":{"line":386,"column":85}},{"start":{"line":386,"column":88},"end":{"line":386,"column":90}}],"line":386},"62":{"loc":{"start":{"line":386,"column":22},"end":{"line":386,"column":80}},"type":"binary-expr","locations":[{"start":{"line":386,"column":22},"end":{"line":386,"column":63}},{"start":{"line":386,"column":67},"end":{"line":386,"column":80}}],"line":386},"63":{"loc":{"start":{"line":387,"column":8},"end":{"line":396,"column":9}},"type":"if","locations":[{"start":{"line":387,"column":8},"end":{"line":396,"column":9}},{"start":{"line":387,"column":8},"end":{"line":396,"column":9}}],"line":387},"64":{"loc":{"start":{"line":398,"column":8},"end":{"line":407,"column":9}},"type":"if","locations":[{"start":{"line":398,"column":8},"end":{"line":407,"column":9}},{"start":{"line":398,"column":8},"end":{"line":407,"column":9}}],"line":398},"65":{"loc":{"start":{"line":409,"column":8},"end":{"line":411,"column":9}},"type":"if","locations":[{"start":{"line":409,"column":8},"end":{"line":411,"column":9}},{"start":{"line":409,"column":8},"end":{"line":411,"column":9}}],"line":409},"66":{"loc":{"start":{"line":413,"column":8},"end":{"line":415,"column":9}},"type":"if","locations":[{"start":{"line":413,"column":8},"end":{"line":415,"column":9}},{"start":{"line":413,"column":8},"end":{"line":415,"column":9}}],"line":413},"67":{"loc":{"start":{"line":416,"column":8},"end":{"line":423,"column":9}},"type":"if","locations":[{"start":{"line":416,"column":8},"end":{"line":423,"column":9}},{"start":{"line":416,"column":8},"end":{"line":423,"column":9}}],"line":416},"68":{"loc":{"start":{"line":446,"column":22},"end":{"line":446,"column":90}},"type":"cond-expr","locations":[{"start":{"line":446,"column":83},"end":{"line":446,"column":85}},{"start":{"line":446,"column":88},"end":{"line":446,"column":90}}],"line":446},"69":{"loc":{"start":{"line":446,"column":22},"end":{"line":446,"column":80}},"type":"binary-expr","locations":[{"start":{"line":446,"column":22},"end":{"line":446,"column":63}},{"start":{"line":446,"column":67},"end":{"line":446,"column":80}}],"line":446},"70":{"loc":{"start":{"line":448,"column":8},"end":{"line":452,"column":9}},"type":"if","locations":[{"start":{"line":448,"column":8},"end":{"line":452,"column":9}},{"start":{"line":448,"column":8},"end":{"line":452,"column":9}}],"line":448},"71":{"loc":{"start":{"line":453,"column":8},"end":{"line":457,"column":9}},"type":"if","locations":[{"start":{"line":453,"column":8},"end":{"line":457,"column":9}},{"start":{"line":453,"column":8},"end":{"line":457,"column":9}}],"line":453},"72":{"loc":{"start":{"line":459,"column":8},"end":{"line":464,"column":19}},"type":"if","locations":[{"start":{"line":459,"column":8},"end":{"line":464,"column":19}},{"start":{"line":459,"column":8},"end":{"line":464,"column":19}}],"line":459}},"s":{"0":1,"1":1,"2":1,"3":1,"4":1,"5":1,"6":1,"7":1,"8":0,"9":0,"10":0,"11":0,"12":0,"13":0,"14":0,"15":0,"16":0,"17":0,"18":0,"19":0,"20":0,"21":0,"22":0,"23":0,"24":0,"25":0,"26":1,"27":1,"28":0,"29":0,"30":0,"31":0,"32":0,"33":0,"34":0,"35":0,"36":0,"37":0,"38":0,"39":0,"40":0,"41":0,"42":0,"43":0,"44":0,"45":0,"46":0,"47":0,"48":0,"49":1,"50":1,"51":0,"52":0,"53":0,"54":0,"55":0,"56":0,"57":0,"58":0,"59":0,"60":0,"61":0,"62":0,"63":0,"64":0,"65":0,"66":0,"67":0,"68":0,"69":0,"70":0,"71":0,"72":0,"73":0,"74":0,"75":0,"76":0,"77":0,"78":1,"79":1,"80":0,"81":0,"82":0,"83":0,"84":0,"85":0,"86":0,"87":0,"88":0,"89":0,"90":0,"91":0,"92":0,"93":0,"94":0,"95":0,"96":0,"97":0,"98":1,"99":1,"100":0,"101":0,"102":0,"103":0,"104":0,"105":0,"106":0,"107":0,"108":0,"109":0,"110":0,"111":0,"112":0,"113":0,"114":0,"115":0,"116":1,"117":1,"118":0,"119":0,"120":0,"121":0,"122":0,"123":0,"124":0,"125":0,"126":0,"127":0,"128":0,"129":0,"130":0,"131":0,"132":0,"133":0,"134":0,"135":0,"136":0,"137":0,"138":0,"139":0,"140":0,"141":0,"142":0,"143":0,"144":0,"145":0,"146":0,"147":0,"148":0,"149":0,"150":0,"151":0,"152":1,"153":1,"154":0,"155":0,"156":0,"157":0,"158":0,"159":0,"160":0,"161":0,"162":0,"163":0,"164":0,"165":0,"166":0,"167":0,"168":0,"169":0,"170":0,"171":0,"172":0,"173":0,"174":0,"175":0,"176":0,"177":0,"178":0,"179":0,"180":0,"181":0,"182":0,"183":0,"184":0,"185":0,"186":0,"187":0,"188":1,"189":1,"190":0,"191":0,"192":0,"193":0,"194":0,"195":0,"196":0,"197":0,"198":0,"199":0,"200":0,"201":0,"202":0,"203":0,"204":1,"205":1,"206":0,"207":0,"208":0,"209":0,"210":0,"211":0,"212":0,"213":0,"214":0,"215":0,"216":0,"217":0,"218":0,"219":0,"220":0,"221":0,"222":0,"223":0,"224":0,"225":0,"226":0,"227":0,"228":0,"229":0,"230":1,"231":1,"232":0,"233":1,"234":0,"235":0,"236":0,"237":0,"238":0,"239":0,"240":0,"241":0,"242":0,"243":0,"244":0,"245":0,"246":0,"247":0,"248":0,"249":0,"250":0,"251":0,"252":1,"253":1},"f":{"0":0,"1":0,"2":0,"3":0,"4":0,"5":0,"6":0,"7":0,"8":0,"9":0,"10":0},"b":{"0":[0,0],"1":[0,0],"2":[0,0],"3":[0,0],"4":[0,0],"5":[0,0],"6":[0,0],"7":[0,0],"8":[0,0],"9":[0,0],"10":[0,0],"11":[0,0],"12":[0,0,0,0,0,0],"13":[0,0],"14":[0,0],"15":[0,0],"16":[0,0],"17":[0,0],"18":[0,0],"19":[0,0],"20":[0,0,0,0],"21":[0,0],"22":[0,0],"23":[0,0],"24":[0,0],"25":[0,0],"26":[0,0],"27":[0,0],"28":[0,0],"29":[0,0],"30":[0,0],"31":[0,0],"32":[0,0],"33":[0,0],"34":[0,0],"35":[0,0],"36":[0,0],"37":[0,0],"38":[0,0],"39":[0,0],"40":[0,0],"41":[0,0],"42":[0,0],"43":[0,0],"44":[0,0],"45":[0,0],"46":[0,0],"47":[0,0],"48":[0,0],"49":[0,0],"50":[0,0],"51":[0,0],"52":[0,0],"53":[0,0],"54":[0,0],"55":[0,0],"56":[0,0],"57":[0,0],"58":[0,0],"59":[0,0],"60":[0,0],"61":[0,0],"62":[0,0],"63":[0,0],"64":[0,0],"65":[0,0],"66":[0,0],"67":[0,0],"68":[0,0],"69":[0,0],"70":[0,0],"71":[0,0],"72":[0,0]},"_coverageSchema":"1a1c01bbd47fc00a2c39e90264f33305004495a9","hash":"bee74f5840cdfecd715fdd21ee3a0ffae02230e9","contentHash":"f0cf3a1b0a81be65885b4959882bcb59a4050a7d42b06d37e3b61f9490a8b685"},"C:\\ISPP\\ISPP-G1-Talent\\api\\v1\\modules\\user\\helpers\\handleBcrypt.js":{"path":"C:\\ISPP\\ISPP-G1-Talent\\api\\v1\\modules\\user\\helpers\\handleBcrypt.js","statementMap":{"0":{"start":{"line":2,"column":22},"end":{"line":4,"column":1}},"1":{"start":{"line":3,"column":4},"end":{"line":3,"column":62}},"2":{"start":{"line":5,"column":0},"end":{"line":5,"column":62}},"3":{"start":{"line":6,"column":0},"end":{"line":6,"column":43}},"4":{"start":{"line":7,"column":19},"end":{"line":7,"column":55}},"5":{"start":{"line":8,"column":16},"end":{"line":11,"column":1}},"6":{"start":{"line":9,"column":17},"end":{"line":9,"column":60}},"7":{"start":{"line":10,"column":4},"end":{"line":10,"column":16}},"8":{"start":{"line":12,"column":0},"end":{"line":12,"column":26}},"9":{"start":{"line":13,"column":16},"end":{"line":16,"column":1}},"10":{"start":{"line":14,"column":20},"end":{"line":14,"column":68}},"11":{"start":{"line":15,"column":4},"end":{"line":15,"column":19}},"12":{"start":{"line":17,"column":0},"end":{"line":17,"column":26}}},"fnMap":{"0":{"name":"(anonymous_0)","decl":{"start":{"line":2,"column":56},"end":{"line":2,"column":57}},"loc":{"start":{"line":2,"column":71},"end":{"line":4,"column":1}},"line":2},"1":{"name":"(anonymous_1)","decl":{"start":{"line":8,"column":16},"end":{"line":8,"column":17}},"loc":{"start":{"line":8,"column":36},"end":{"line":11,"column":1}},"line":8},"2":{"name":"(anonymous_2)","decl":{"start":{"line":13,"column":16},"end":{"line":13,"column":17}},"loc":{"start":{"line":13,"column":42},"end":{"line":16,"column":1}},"line":13}},"branchMap":{"0":{"loc":{"start":{"line":2,"column":22},"end":{"line":4,"column":1}},"type":"binary-expr","locations":[{"start":{"line":2,"column":23},"end":{"line":2,"column":27}},{"start":{"line":2,"column":31},"end":{"line":2,"column":51}},{"start":{"line":2,"column":56},"end":{"line":4,"column":1}}],"line":2},"1":{"loc":{"start":{"line":3,"column":11},"end":{"line":3,"column":61}},"type":"cond-expr","locations":[{"start":{"line":3,"column":37},"end":{"line":3,"column":40}},{"start":{"line":3,"column":43},"end":{"line":3,"column":61}}],"line":3},"2":{"loc":{"start":{"line":3,"column":12},"end":{"line":3,"column":33}},"type":"binary-expr","locations":[{"start":{"line":3,"column":12},"end":{"line":3,"column":15}},{"start":{"line":3,"column":19},"end":{"line":3,"column":33}}],"line":3}},"s":{"0":1,"1":1,"2":1,"3":1,"4":1,"5":1,"6":0,"7":0,"8":1,"9":1,"10":0,"11":0,"12":1},"f":{"0":1,"1":0,"2":0},"b":{"0":[1,1,1],"1":[0,1],"2":[1,1]},"_coverageSchema":"1a1c01bbd47fc00a2c39e90264f33305004495a9","hash":"4acf48c477abf2d42859253d7d4cdc1b2e93b267","contentHash":"8724364c51672c05167de904e476634b457ef6517d0d62f6b2acf1455ed84b92"},"C:\\ISPP\\ISPP-G1-Talent\\api\\v1\\tests\\unit\\TeamCreatorServiceTest.js":{"path":"C:\\ISPP\\ISPP-G1-Talent\\api\\v1\\tests\\unit\\TeamCreatorServiceTest.js","statementMap":{"0":{"start":{"line":2,"column":22},"end":{"line":4,"column":1}},"1":{"start":{"line":3,"column":4},"end":{"line":3,"column":62}},"2":{"start":{"line":5,"column":0},"end":{"line":5,"column":62}},"3":{"start":{"line":6,"column":17},"end":{"line":6,"column":51}},"4":{"start":{"line":7,"column":19},"end":{"line":7,"column":55}},"5":{"start":{"line":8,"column":22},"end":{"line":8,"column":72}},"6":{"start":{"line":14,"column":0},"end":{"line":66,"column":3}},"7":{"start":{"line":15,"column":4},"end":{"line":42,"column":7}},"8":{"start":{"line":16,"column":8},"end":{"line":41,"column":9}},"9":{"start":{"line":17,"column":32},"end":{"line":17,"column":70}},"10":{"start":{"line":18,"column":12},"end":{"line":37,"column":13}},"11":{"start":{"line":18,"column":25},"end":{"line":18,"column":26}},"12":{"start":{"line":19,"column":33},"end":{"line":34,"column":17}},"13":{"start":{"line":35,"column":16},"end":{"line":35,"column":50}},"14":{"start":{"line":36,"column":16},"end":{"line":36,"column":75}},"15":{"start":{"line":40,"column":12},"end":{"line":40,"column":31}},"16":{"start":{"line":43,"column":4},"end":{"line":55,"column":7}},"17":{"start":{"line":44,"column":8},"end":{"line":54,"column":9}},"18":{"start":{"line":46,"column":32},"end":{"line":46,"column":73}},"19":{"start":{"line":47,"column":12},"end":{"line":50,"column":13}},"20":{"start":{"line":48,"column":35},"end":{"line":48,"column":51}},"21":{"start":{"line":49,"column":16},"end":{"line":49,"column":48}},"22":{"start":{"line":53,"column":12},"end":{"line":53,"column":31}},"23":{"start":{"line":56,"column":4},"end":{"line":65,"column":7}},"24":{"start":{"line":57,"column":8},"end":{"line":64,"column":9}},"25":{"start":{"line":58,"column":26},"end":{"line":58,"column":63}},"26":{"start":{"line":59,"column":12},"end":{"line":59,"column":31}},"27":{"start":{"line":60,"column":12},"end":{"line":60,"column":58}},"28":{"start":{"line":63,"column":12},"end":{"line":63,"column":31}}},"fnMap":{"0":{"name":"(anonymous_0)","decl":{"start":{"line":2,"column":56},"end":{"line":2,"column":57}},"loc":{"start":{"line":2,"column":71},"end":{"line":4,"column":1}},"line":2},"1":{"name":"(anonymous_1)","decl":{"start":{"line":14,"column":56},"end":{"line":14,"column":57}},"loc":{"start":{"line":14,"column":68},"end":{"line":66,"column":1}},"line":14},"2":{"name":"(anonymous_2)","decl":{"start":{"line":15,"column":15},"end":{"line":15,"column":16}},"loc":{"start":{"line":15,"column":33},"end":{"line":42,"column":5}},"line":15},"3":{"name":"(anonymous_3)","decl":{"start":{"line":43,"column":14},"end":{"line":43,"column":15}},"loc":{"start":{"line":43,"column":32},"end":{"line":55,"column":5}},"line":43},"4":{"name":"(anonymous_4)","decl":{"start":{"line":56,"column":43},"end":{"line":56,"column":44}},"loc":{"start":{"line":56,"column":61},"end":{"line":65,"column":5}},"line":56}},"branchMap":{"0":{"loc":{"start":{"line":2,"column":22},"end":{"line":4,"column":1}},"type":"binary-expr","locations":[{"start":{"line":2,"column":23},"end":{"line":2,"column":27}},{"start":{"line":2,"column":31},"end":{"line":2,"column":51}},{"start":{"line":2,"column":56},"end":{"line":4,"column":1}}],"line":2},"1":{"loc":{"start":{"line":3,"column":11},"end":{"line":3,"column":61}},"type":"cond-expr","locations":[{"start":{"line":3,"column":37},"end":{"line":3,"column":40}},{"start":{"line":3,"column":43},"end":{"line":3,"column":61}}],"line":3},"2":{"loc":{"start":{"line":3,"column":12},"end":{"line":3,"column":33}},"type":"binary-expr","locations":[{"start":{"line":3,"column":12},"end":{"line":3,"column":15}},{"start":{"line":3,"column":19},"end":{"line":3,"column":33}}],"line":3}},"s":{"0":1,"1":2,"2":1,"3":1,"4":1,"5":1,"6":1,"7":1,"8":1,"9":1,"10":1,"11":1,"12":1,"13":1,"14":1,"15":1,"16":1,"17":1,"18":1,"19":1,"20":5,"21":5,"22":0,"23":1,"24":1,"25":1,"26":1,"27":1,"28":1},"f":{"0":2,"1":1,"2":1,"3":1,"4":1},"b":{"0":[1,1,1],"1":[0,2],"2":[2,2]},"_coverageSchema":"1a1c01bbd47fc00a2c39e90264f33305004495a9","hash":"c9b4f9cee29cadf17f033dbc8b6ef48f12be0cbc","contentHash":"ffa45438f45ae66b01a69350bd689abcd0c381fc2268ab1b0d1f68aba584f3e5"}}