{
	"C:\\ISPP\\ISPP-G1-Talent\\api\\v1\\tests\\api\\CallingApiTest.js": {
		"path": "C:\\ISPP\\ISPP-G1-Talent\\api\\v1\\tests\\api\\CallingApiTest.js",
		"statementMap": {
			"0": { "start": { "line": 2, "column": 22 }, "end": { "line": 12, "column": 3 } },
			"1": { "start": { "line": 3, "column": 4 }, "end": { "line": 3, "column": 33 } },
			"2": { "start": { "line": 3, "column": 26 }, "end": { "line": 3, "column": 33 } },
			"3": { "start": { "line": 4, "column": 15 }, "end": { "line": 4, "column": 52 } },
			"4": { "start": { "line": 5, "column": 4 }, "end": { "line": 7, "column": 5 } },
			"5": { "start": { "line": 6, "column": 6 }, "end": { "line": 6, "column": 68 } },
			"6": { "start": { "line": 6, "column": 51 }, "end": { "line": 6, "column": 63 } },
			"7": { "start": { "line": 8, "column": 4 }, "end": { "line": 8, "column": 39 } },
			"8": { "start": { "line": 10, "column": 4 }, "end": { "line": 10, "column": 33 } },
			"9": { "start": { "line": 10, "column": 26 }, "end": { "line": 10, "column": 33 } },
			"10": { "start": { "line": 11, "column": 4 }, "end": { "line": 11, "column": 17 } },
			"11": { "start": { "line": 13, "column": 25 }, "end": { "line": 17, "column": 2 } },
			"12": { "start": { "line": 14, "column": 4 }, "end": { "line": 14, "column": 72 } },
			"13": { "start": { "line": 16, "column": 4 }, "end": { "line": 16, "column": 21 } },
			"14": { "start": { "line": 18, "column": 19 }, "end": { "line": 24, "column": 1 } },
			"15": { "start": { "line": 19, "column": 4 }, "end": { "line": 19, "column": 42 } },
			"16": { "start": { "line": 19, "column": 31 }, "end": { "line": 19, "column": 42 } },
			"17": { "start": { "line": 20, "column": 17 }, "end": { "line": 20, "column": 19 } },
			"18": { "start": { "line": 21, "column": 4 }, "end": { "line": 21, "column": 141 } },
			"19": { "start": { "line": 21, "column": 21 }, "end": { "line": 21, "column": 141 } },
			"20": { "start": { "line": 21, "column": 40 }, "end": { "line": 21, "column": 141 } },
			"21": { "start": { "line": 21, "column": 109 }, "end": { "line": 21, "column": 141 } },
			"22": { "start": { "line": 22, "column": 4 }, "end": { "line": 22, "column": 36 } },
			"23": { "start": { "line": 23, "column": 4 }, "end": { "line": 23, "column": 18 } },
			"24": { "start": { "line": 25, "column": 22 }, "end": { "line": 27, "column": 1 } },
			"25": { "start": { "line": 26, "column": 4 }, "end": { "line": 26, "column": 62 } },
			"26": { "start": { "line": 28, "column": 0 }, "end": { "line": 28, "column": 62 } },
			"27": { "start": { "line": 29, "column": 17 }, "end": { "line": 29, "column": 51 } },
			"28": { "start": { "line": 30, "column": 24 }, "end": { "line": 30, "column": 80 } },
			"29": { "start": { "line": 32, "column": 15 }, "end": { "line": 32, "column": 46 } },
			"30": { "start": { "line": 33, "column": 13 }, "end": { "line": 33, "column": 42 } },
			"31": { "start": { "line": 34, "column": 23 }, "end": { "line": 34, "column": 33 } },
			"32": { "start": { "line": 35, "column": 0 }, "end": { "line": 35, "column": 63 } },
			"33": { "start": { "line": 36, "column": 0 }, "end": { "line": 54, "column": 18 } },
			"34": { "start": { "line": 37, "column": 4 }, "end": { "line": 53, "column": 7 } },
			"35": { "start": { "line": 39, "column": 8 }, "end": { "line": 52, "column": 11 } },
			"36": { "start": { "line": 42, "column": 12 }, "end": { "line": 42, "column": 113 } },
			"37": { "start": { "line": 48, "column": 12 }, "end": { "line": 48, "column": 19 } },
			"38": { "start": { "line": 51, "column": 12 }, "end": { "line": 51, "column": 22 } }
		},
		"fnMap": {
			"0": {
				"name": "(anonymous_0)",
				"decl": {
					"start": { "line": 2, "column": 74 },
					"end": { "line": 2, "column": 75 }
				},
				"loc": { "start": { "line": 2, "column": 96 }, "end": { "line": 9, "column": 1 } },
				"line": 2
			},
			"1": {
				"name": "(anonymous_1)",
				"decl": {
					"start": { "line": 6, "column": 38 },
					"end": { "line": 6, "column": 39 }
				},
				"loc": { "start": { "line": 6, "column": 49 }, "end": { "line": 6, "column": 65 } },
				"line": 6
			},
			"2": {
				"name": "(anonymous_2)",
				"decl": { "start": { "line": 9, "column": 6 }, "end": { "line": 9, "column": 7 } },
				"loc": { "start": { "line": 9, "column": 28 }, "end": { "line": 12, "column": 1 } },
				"line": 9
			},
			"3": {
				"name": "(anonymous_3)",
				"decl": {
					"start": { "line": 13, "column": 80 },
					"end": { "line": 13, "column": 81 }
				},
				"loc": {
					"start": { "line": 13, "column": 95 },
					"end": { "line": 15, "column": 1 }
				},
				"line": 13
			},
			"4": {
				"name": "(anonymous_4)",
				"decl": {
					"start": { "line": 15, "column": 5 },
					"end": { "line": 15, "column": 6 }
				},
				"loc": {
					"start": { "line": 15, "column": 20 },
					"end": { "line": 17, "column": 1 }
				},
				"line": 15
			},
			"5": {
				"name": "(anonymous_5)",
				"decl": {
					"start": { "line": 18, "column": 50 },
					"end": { "line": 18, "column": 51 }
				},
				"loc": {
					"start": { "line": 18, "column": 65 },
					"end": { "line": 24, "column": 1 }
				},
				"line": 18
			},
			"6": {
				"name": "(anonymous_6)",
				"decl": {
					"start": { "line": 25, "column": 56 },
					"end": { "line": 25, "column": 57 }
				},
				"loc": {
					"start": { "line": 25, "column": 71 },
					"end": { "line": 27, "column": 1 }
				},
				"line": 25
			},
			"7": {
				"name": "(anonymous_7)",
				"decl": {
					"start": { "line": 36, "column": 70 },
					"end": { "line": 36, "column": 71 }
				},
				"loc": {
					"start": { "line": 36, "column": 76 },
					"end": { "line": 54, "column": 1 }
				},
				"line": 36
			},
			"8": {
				"name": "(anonymous_8)",
				"decl": {
					"start": { "line": 37, "column": 64 },
					"end": { "line": 37, "column": 65 }
				},
				"loc": {
					"start": { "line": 37, "column": 74 },
					"end": { "line": 53, "column": 5 }
				},
				"line": 37
			},
			"9": {
				"name": "(anonymous_9)",
				"decl": {
					"start": { "line": 40, "column": 18 },
					"end": { "line": 40, "column": 19 }
				},
				"loc": {
					"start": { "line": 40, "column": 26 },
					"end": { "line": 49, "column": 9 }
				},
				"line": 40
			},
			"10": {
				"name": "(anonymous_10)",
				"decl": {
					"start": { "line": 50, "column": 19 },
					"end": { "line": 50, "column": 20 }
				},
				"loc": {
					"start": { "line": 50, "column": 26 },
					"end": { "line": 52, "column": 9 }
				},
				"line": 50
			}
		},
		"branchMap": {
			"0": {
				"loc": { "start": { "line": 2, "column": 22 }, "end": { "line": 12, "column": 3 } },
				"type": "binary-expr",
				"locations": [
					{ "start": { "line": 2, "column": 23 }, "end": { "line": 2, "column": 27 } },
					{ "start": { "line": 2, "column": 31 }, "end": { "line": 2, "column": 51 } },
					{ "start": { "line": 2, "column": 57 }, "end": { "line": 12, "column": 2 } }
				],
				"line": 2
			},
			"1": {
				"loc": { "start": { "line": 2, "column": 57 }, "end": { "line": 12, "column": 2 } },
				"type": "cond-expr",
				"locations": [
					{ "start": { "line": 2, "column": 74 }, "end": { "line": 9, "column": 1 } },
					{ "start": { "line": 9, "column": 6 }, "end": { "line": 12, "column": 1 } }
				],
				"line": 2
			},
			"2": {
				"loc": { "start": { "line": 3, "column": 4 }, "end": { "line": 3, "column": 33 } },
				"type": "if",
				"locations": [
					{ "start": { "line": 3, "column": 4 }, "end": { "line": 3, "column": 33 } },
					{ "start": { "line": 3, "column": 4 }, "end": { "line": 3, "column": 33 } }
				],
				"line": 3
			},
			"3": {
				"loc": { "start": { "line": 5, "column": 4 }, "end": { "line": 7, "column": 5 } },
				"type": "if",
				"locations": [
					{ "start": { "line": 5, "column": 4 }, "end": { "line": 7, "column": 5 } },
					{ "start": { "line": 5, "column": 4 }, "end": { "line": 7, "column": 5 } }
				],
				"line": 5
			},
			"4": {
				"loc": { "start": { "line": 5, "column": 8 }, "end": { "line": 5, "column": 85 } },
				"type": "binary-expr",
				"locations": [
					{ "start": { "line": 5, "column": 8 }, "end": { "line": 5, "column": 13 } },
					{ "start": { "line": 5, "column": 18 }, "end": { "line": 5, "column": 84 } }
				],
				"line": 5
			},
			"5": {
				"loc": { "start": { "line": 5, "column": 18 }, "end": { "line": 5, "column": 84 } },
				"type": "cond-expr",
				"locations": [
					{ "start": { "line": 5, "column": 34 }, "end": { "line": 5, "column": 47 } },
					{ "start": { "line": 5, "column": 50 }, "end": { "line": 5, "column": 84 } }
				],
				"line": 5
			},
			"6": {
				"loc": { "start": { "line": 5, "column": 50 }, "end": { "line": 5, "column": 84 } },
				"type": "binary-expr",
				"locations": [
					{ "start": { "line": 5, "column": 50 }, "end": { "line": 5, "column": 63 } },
					{ "start": { "line": 5, "column": 67 }, "end": { "line": 5, "column": 84 } }
				],
				"line": 5
			},
			"7": {
				"loc": {
					"start": { "line": 10, "column": 4 },
					"end": { "line": 10, "column": 33 }
				},
				"type": "if",
				"locations": [
					{ "start": { "line": 10, "column": 4 }, "end": { "line": 10, "column": 33 } },
					{ "start": { "line": 10, "column": 4 }, "end": { "line": 10, "column": 33 } }
				],
				"line": 10
			},
			"8": {
				"loc": {
					"start": { "line": 13, "column": 25 },
					"end": { "line": 17, "column": 2 }
				},
				"type": "binary-expr",
				"locations": [
					{ "start": { "line": 13, "column": 26 }, "end": { "line": 13, "column": 30 } },
					{ "start": { "line": 13, "column": 34 }, "end": { "line": 13, "column": 57 } },
					{ "start": { "line": 13, "column": 63 }, "end": { "line": 17, "column": 1 } }
				],
				"line": 13
			},
			"9": {
				"loc": {
					"start": { "line": 13, "column": 63 },
					"end": { "line": 17, "column": 1 }
				},
				"type": "cond-expr",
				"locations": [
					{ "start": { "line": 13, "column": 80 }, "end": { "line": 15, "column": 1 } },
					{ "start": { "line": 15, "column": 5 }, "end": { "line": 17, "column": 1 } }
				],
				"line": 13
			},
			"10": {
				"loc": {
					"start": { "line": 18, "column": 19 },
					"end": { "line": 24, "column": 1 }
				},
				"type": "binary-expr",
				"locations": [
					{ "start": { "line": 18, "column": 20 }, "end": { "line": 18, "column": 24 } },
					{ "start": { "line": 18, "column": 28 }, "end": { "line": 18, "column": 45 } },
					{ "start": { "line": 18, "column": 50 }, "end": { "line": 24, "column": 1 } }
				],
				"line": 18
			},
			"11": {
				"loc": {
					"start": { "line": 19, "column": 4 },
					"end": { "line": 19, "column": 42 }
				},
				"type": "if",
				"locations": [
					{ "start": { "line": 19, "column": 4 }, "end": { "line": 19, "column": 42 } },
					{ "start": { "line": 19, "column": 4 }, "end": { "line": 19, "column": 42 } }
				],
				"line": 19
			},
			"12": {
				"loc": {
					"start": { "line": 19, "column": 8 },
					"end": { "line": 19, "column": 29 }
				},
				"type": "binary-expr",
				"locations": [
					{ "start": { "line": 19, "column": 8 }, "end": { "line": 19, "column": 11 } },
					{ "start": { "line": 19, "column": 15 }, "end": { "line": 19, "column": 29 } }
				],
				"line": 19
			},
			"13": {
				"loc": {
					"start": { "line": 21, "column": 4 },
					"end": { "line": 21, "column": 141 }
				},
				"type": "if",
				"locations": [
					{ "start": { "line": 21, "column": 4 }, "end": { "line": 21, "column": 141 } },
					{ "start": { "line": 21, "column": 4 }, "end": { "line": 21, "column": 141 } }
				],
				"line": 21
			},
			"14": {
				"loc": {
					"start": { "line": 21, "column": 40 },
					"end": { "line": 21, "column": 141 }
				},
				"type": "if",
				"locations": [
					{ "start": { "line": 21, "column": 40 }, "end": { "line": 21, "column": 141 } },
					{ "start": { "line": 21, "column": 40 }, "end": { "line": 21, "column": 141 } }
				],
				"line": 21
			},
			"15": {
				"loc": {
					"start": { "line": 21, "column": 44 },
					"end": { "line": 21, "column": 107 }
				},
				"type": "binary-expr",
				"locations": [
					{ "start": { "line": 21, "column": 44 }, "end": { "line": 21, "column": 59 } },
					{ "start": { "line": 21, "column": 63 }, "end": { "line": 21, "column": 107 } }
				],
				"line": 21
			},
			"16": {
				"loc": {
					"start": { "line": 25, "column": 22 },
					"end": { "line": 27, "column": 1 }
				},
				"type": "binary-expr",
				"locations": [
					{ "start": { "line": 25, "column": 23 }, "end": { "line": 25, "column": 27 } },
					{ "start": { "line": 25, "column": 31 }, "end": { "line": 25, "column": 51 } },
					{ "start": { "line": 25, "column": 56 }, "end": { "line": 27, "column": 1 } }
				],
				"line": 25
			},
			"17": {
				"loc": {
					"start": { "line": 26, "column": 11 },
					"end": { "line": 26, "column": 61 }
				},
				"type": "cond-expr",
				"locations": [
					{ "start": { "line": 26, "column": 37 }, "end": { "line": 26, "column": 40 } },
					{ "start": { "line": 26, "column": 43 }, "end": { "line": 26, "column": 61 } }
				],
				"line": 26
			},
			"18": {
				"loc": {
					"start": { "line": 26, "column": 12 },
					"end": { "line": 26, "column": 33 }
				},
				"type": "binary-expr",
				"locations": [
					{ "start": { "line": 26, "column": 12 }, "end": { "line": 26, "column": 15 } },
					{ "start": { "line": 26, "column": 19 }, "end": { "line": 26, "column": 33 } }
				],
				"line": 26
			}
		},
		"s": {
			"0": 1,
			"1": 23,
			"2": 23,
			"3": 23,
			"4": 23,
			"5": 23,
			"6": 2,
			"7": 23,
			"8": 0,
			"9": 0,
			"10": 0,
			"11": 1,
			"12": 2,
			"13": 0,
			"14": 1,
			"15": 2,
			"16": 0,
			"17": 2,
			"18": 2,
			"19": 2,
			"20": 23,
			"21": 23,
			"22": 2,
			"23": 2,
			"24": 1,
			"25": 1,
			"26": 1,
			"27": 1,
			"28": 1,
			"29": 1,
			"30": 1,
			"31": 1,
			"32": 1,
			"33": 1,
			"34": 1,
			"35": 1,
			"36": 1,
			"37": 1,
			"38": 0
		},
		"f": {
			"0": 23,
			"1": 2,
			"2": 0,
			"3": 2,
			"4": 0,
			"5": 2,
			"6": 1,
			"7": 1,
			"8": 1,
			"9": 1,
			"10": 0
		},
		"b": {
			"0": [1, 1, 1],
			"1": [1, 0],
			"2": [23, 0],
			"3": [23, 0],
			"4": [23, 23],
			"5": [0, 23],
			"6": [23, 0],
			"7": [0, 0],
			"8": [1, 1, 1],
			"9": [1, 0],
			"10": [1, 1, 1],
			"11": [0, 2],
			"12": [2, 2],
			"13": [2, 0],
			"14": [23, 0],
			"15": [23, 23],
			"16": [1, 1, 1],
			"17": [0, 1],
			"18": [1, 1]
		},
		"_coverageSchema": "1a1c01bbd47fc00a2c39e90264f33305004495a9",
		"hash": "695b64f24d39a4c69c0665ffbc76e0f3af9d9360",
		"contentHash": "23af35b913e7c7186d7e2efab6ed56e3094505256eece899627989209d73d405"
	},
	"C:\\ISPP\\ISPP-G1-Talent\\api\\v1\\modules\\analysis\\services\\GitHubService.js": {
		"path": "C:\\ISPP\\ISPP-G1-Talent\\api\\v1\\modules\\analysis\\services\\GitHubService.js",
		"statementMap": {
			"0": { "start": { "line": 2, "column": 0 }, "end": { "line": 2, "column": 62 } },
			"1": { "start": { "line": 3, "column": 0 }, "end": { "line": 3, "column": 36 } },
			"2": { "start": { "line": 4, "column": 25 }, "end": { "line": 4, "column": 49 } },
			"3": { "start": { "line": 5, "column": 22 }, "end": { "line": 5, "column": 42 } },
			"4": { "start": { "line": 6, "column": 20 }, "end": { "line": 58, "column": 1 } },
			"5": { "start": { "line": 59, "column": 29 }, "end": { "line": 119, "column": 1 } },
			"6": { "start": { "line": 122, "column": 25 }, "end": { "line": 122, "column": 249 } },
			"7": { "start": { "line": 123, "column": 27 }, "end": { "line": 123, "column": 29 } },
			"8": { "start": { "line": 125, "column": 4 }, "end": { "line": 137, "column": 5 } },
			"9": { "start": { "line": 125, "column": 17 }, "end": { "line": 125, "column": 18 } },
			"10": { "start": { "line": 126, "column": 34 }, "end": { "line": 126, "column": 43 } },
			"11": { "start": { "line": 127, "column": 22 }, "end": { "line": 127, "column": 49 } },
			"12": { "start": { "line": 128, "column": 8 }, "end": { "line": 136, "column": 9 } },
			"13": { "start": { "line": 128, "column": 21 }, "end": { "line": 128, "column": 22 } },
			"14": { "start": { "line": 129, "column": 25 }, "end": { "line": 129, "column": 38 } },
			"15": { "start": { "line": 130, "column": 30 }, "end": { "line": 130, "column": 112 } },
			"16": { "start": { "line": 131, "column": 29 }, "end": { "line": 131, "column": 51 } },
			"17": { "start": { "line": 132, "column": 12 }, "end": { "line": 135, "column": 13 } },
			"18": { "start": { "line": 133, "column": 16 }, "end": { "line": 133, "column": 48 } },
			"19": { "start": { "line": 134, "column": 16 }, "end": { "line": 134, "column": 79 } },
			"20": { "start": { "line": 138, "column": 23 }, "end": { "line": 138, "column": 91 } },
			"21": { "start": { "line": 138, "column": 76 }, "end": { "line": 138, "column": 87 } },
			"22": { "start": { "line": 139, "column": 32 }, "end": { "line": 142, "column": 7 } },
			"23": { "start": { "line": 139, "column": 91 }, "end": { "line": 142, "column": 5 } },
			"24": { "start": { "line": 143, "column": 4 }, "end": { "line": 143, "column": 68 } },
			"25": { "start": { "line": 143, "column": 39 }, "end": { "line": 143, "column": 66 } },
			"26": { "start": { "line": 144, "column": 25 }, "end": { "line": 144, "column": 56 } },
			"27": { "start": { "line": 145, "column": 28 }, "end": { "line": 145, "column": 127 } },
			"28": { "start": { "line": 145, "column": 90 }, "end": { "line": 145, "column": 111 } },
			"29": { "start": { "line": 146, "column": 4 }, "end": { "line": 151, "column": 5 } },
			"30": { "start": { "line": 147, "column": 8 }, "end": { "line": 150, "column": 11 } },
			"31": { "start": { "line": 152, "column": 4 }, "end": { "line": 152, "column": 24 } },
			"32": { "start": { "line": 155, "column": 17 }, "end": { "line": 155, "column": 33 } },
			"33": { "start": { "line": 156, "column": 31 }, "end": { "line": 156, "column": 40 } },
			"34": { "start": { "line": 157, "column": 29 }, "end": { "line": 157, "column": 30 } },
			"35": { "start": { "line": 158, "column": 30 }, "end": { "line": 158, "column": 31 } },
			"36": { "start": { "line": 159, "column": 30 }, "end": { "line": 168, "column": 5 } },
			"37": { "start": { "line": 169, "column": 28 }, "end": { "line": 169, "column": 30 } },
			"38": { "start": { "line": 170, "column": 4 }, "end": { "line": 220, "column": 7 } },
			"39": { "start": { "line": 172, "column": 8 }, "end": { "line": 177, "column": 9 } },
			"40": { "start": { "line": 173, "column": 32 }, "end": { "line": 173, "column": 60 } },
			"41": { "start": { "line": 174, "column": 12 }, "end": { "line": 176, "column": 61 } },
			"42": { "start": { "line": 175, "column": 31 }, "end": { "line": 175, "column": 110 } },
			"43": { "start": { "line": 176, "column": 32 }, "end": { "line": 176, "column": 59 } },
			"44": { "start": { "line": 178, "column": 33 }, "end": { "line": 178, "column": 42 } },
			"45": { "start": { "line": 179, "column": 8 }, "end": { "line": 185, "column": 9 } },
			"46": { "start": { "line": 180, "column": 25 }, "end": { "line": 180, "column": 41 } },
			"47": { "start": { "line": 181, "column": 32 }, "end": { "line": 181, "column": 48 } },
			"48": { "start": { "line": 182, "column": 12 }, "end": { "line": 184, "column": 59 } },
			"49": { "start": { "line": 183, "column": 31 }, "end": { "line": 183, "column": 110 } },
			"50": { "start": { "line": 184, "column": 32 }, "end": { "line": 184, "column": 57 } },
			"51": { "start": { "line": 186, "column": 30 }, "end": { "line": 186, "column": 80 } },
			"52": { "start": { "line": 186, "column": 65 }, "end": { "line": 186, "column": 79 } },
			"53": { "start": { "line": 187, "column": 35 }, "end": { "line": 187, "column": 36 } },
			"54": { "start": { "line": 188, "column": 8 }, "end": { "line": 193, "column": 11 } },
			"55": { "start": { "line": 189, "column": 12 }, "end": { "line": 192, "column": 15 } },
			"56": { "start": { "line": 190, "column": 16 }, "end": { "line": 191, "column": 43 } },
			"57": { "start": { "line": 191, "column": 20 }, "end": { "line": 191, "column": 43 } },
			"58": { "start": { "line": 194, "column": 8 }, "end": { "line": 194, "column": 51 } },
			"59": { "start": { "line": 195, "column": 8 }, "end": { "line": 207, "column": 9 } },
			"60": { "start": { "line": 196, "column": 12 }, "end": { "line": 196, "column": 55 } },
			"61": { "start": { "line": 197, "column": 12 }, "end": { "line": 206, "column": 15 } },
			"62": { "start": { "line": 208, "column": 8 }, "end": { "line": 219, "column": 9 } },
			"63": { "start": { "line": 209, "column": 12 }, "end": { "line": 218, "column": 15 } },
			"64": { "start": { "line": 221, "column": 21 }, "end": { "line": 236, "column": 5 } },
			"65": { "start": { "line": 237, "column": 4 }, "end": { "line": 237, "column": 20 } },
			"66": { "start": { "line": 240, "column": 26 }, "end": { "line": 298, "column": 4 } },
			"67": { "start": { "line": 299, "column": 27 }, "end": { "line": 314, "column": 5 } },
			"68": { "start": { "line": 315, "column": 4 }, "end": { "line": 327, "column": 5 } },
			"69": { "start": { "line": 317, "column": 32 }, "end": { "line": 317, "column": 79 } },
			"70": { "start": { "line": 318, "column": 32 }, "end": { "line": 318, "column": 100 } },
			"71": { "start": { "line": 319, "column": 23 }, "end": { "line": 319, "column": 90 } },
			"72": { "start": { "line": 320, "column": 30 }, "end": { "line": 320, "column": 73 } },
			"73": { "start": { "line": 321, "column": 29 }, "end": { "line": 321, "column": 73 } },
			"74": { "start": { "line": 322, "column": 8 }, "end": { "line": 322, "column": 28 } },
			"75": { "start": { "line": 325, "column": 8 }, "end": { "line": 325, "column": 39 } },
			"76": { "start": { "line": 326, "column": 8 }, "end": { "line": 326, "column": 20 } },
			"77": { "start": { "line": 329, "column": 0 }, "end": { "line": 329, "column": 48 } }
		},
		"fnMap": {
			"0": {
				"name": "getTopLanguagesPullRequest",
				"decl": {
					"start": { "line": 120, "column": 9 },
					"end": { "line": 120, "column": 35 }
				},
				"loc": {
					"start": { "line": 120, "column": 44 },
					"end": { "line": 153, "column": 1 }
				},
				"line": 120
			},
			"1": {
				"name": "(anonymous_1)",
				"decl": {
					"start": { "line": 138, "column": 60 },
					"end": { "line": 138, "column": 61 }
				},
				"loc": {
					"start": { "line": 138, "column": 76 },
					"end": { "line": 138, "column": 87 }
				},
				"line": 138
			},
			"2": {
				"name": "(anonymous_2)",
				"decl": {
					"start": { "line": 139, "column": 67 },
					"end": { "line": 139, "column": 68 }
				},
				"loc": {
					"start": { "line": 139, "column": 91 },
					"end": { "line": 142, "column": 5 }
				},
				"line": 139
			},
			"3": {
				"name": "(anonymous_3)",
				"decl": {
					"start": { "line": 143, "column": 29 },
					"end": { "line": 143, "column": 30 }
				},
				"loc": {
					"start": { "line": 143, "column": 39 },
					"end": { "line": 143, "column": 66 }
				},
				"line": 143
			},
			"4": {
				"name": "(anonymous_4)",
				"decl": {
					"start": { "line": 145, "column": 75 },
					"end": { "line": 145, "column": 76 }
				},
				"loc": {
					"start": { "line": 145, "column": 90 },
					"end": { "line": 145, "column": 111 }
				},
				"line": 145
			},
			"5": {
				"name": "processGitHubUserInfo",
				"decl": {
					"start": { "line": 154, "column": 9 },
					"end": { "line": 154, "column": 30 }
				},
				"loc": {
					"start": { "line": 154, "column": 56 },
					"end": { "line": 238, "column": 1 }
				},
				"line": 154
			},
			"6": {
				"name": "(anonymous_6)",
				"decl": {
					"start": { "line": 170, "column": 36 },
					"end": { "line": 170, "column": 37 }
				},
				"loc": {
					"start": { "line": 170, "column": 53 },
					"end": { "line": 220, "column": 5 }
				},
				"line": 170
			},
			"7": {
				"name": "(anonymous_7)",
				"decl": {
					"start": { "line": 175, "column": 24 },
					"end": { "line": 175, "column": 25 }
				},
				"loc": {
					"start": { "line": 175, "column": 31 },
					"end": { "line": 175, "column": 110 }
				},
				"line": 175
			},
			"8": {
				"name": "(anonymous_8)",
				"decl": {
					"start": { "line": 176, "column": 25 },
					"end": { "line": 176, "column": 26 }
				},
				"loc": {
					"start": { "line": 176, "column": 32 },
					"end": { "line": 176, "column": 59 }
				},
				"line": 176
			},
			"9": {
				"name": "(anonymous_9)",
				"decl": {
					"start": { "line": 183, "column": 24 },
					"end": { "line": 183, "column": 25 }
				},
				"loc": {
					"start": { "line": 183, "column": 31 },
					"end": { "line": 183, "column": 110 }
				},
				"line": 183
			},
			"10": {
				"name": "(anonymous_10)",
				"decl": {
					"start": { "line": 184, "column": 25 },
					"end": { "line": 184, "column": 26 }
				},
				"loc": {
					"start": { "line": 184, "column": 32 },
					"end": { "line": 184, "column": 57 }
				},
				"line": 184
			},
			"11": {
				"name": "(anonymous_11)",
				"decl": {
					"start": { "line": 186, "column": 55 },
					"end": { "line": 186, "column": 56 }
				},
				"loc": {
					"start": { "line": 186, "column": 65 },
					"end": { "line": 186, "column": 79 }
				},
				"line": 186
			},
			"12": {
				"name": "(anonymous_12)",
				"decl": {
					"start": { "line": 188, "column": 34 },
					"end": { "line": 188, "column": 35 }
				},
				"loc": {
					"start": { "line": 188, "column": 45 },
					"end": { "line": 193, "column": 9 }
				},
				"line": 188
			},
			"13": {
				"name": "(anonymous_13)",
				"decl": {
					"start": { "line": 189, "column": 47 },
					"end": { "line": 189, "column": 48 }
				},
				"loc": {
					"start": { "line": 189, "column": 61 },
					"end": { "line": 192, "column": 13 }
				},
				"line": 189
			},
			"14": {
				"name": "GetUserAnaliseInfo",
				"decl": {
					"start": { "line": 239, "column": 15 },
					"end": { "line": 239, "column": 33 }
				},
				"loc": {
					"start": { "line": 239, "column": 58 },
					"end": { "line": 328, "column": 1 }
				},
				"line": 239
			}
		},
		"branchMap": {
			"0": {
				"loc": {
					"start": { "line": 122, "column": 25 },
					"end": { "line": 122, "column": 249 }
				},
				"type": "cond-expr",
				"locations": [
					{
						"start": { "line": 122, "column": 232 },
						"end": { "line": 122, "column": 238 }
					},
					{
						"start": { "line": 122, "column": 241 },
						"end": { "line": 122, "column": 249 }
					}
				],
				"line": 122
			},
			"1": {
				"loc": {
					"start": { "line": 122, "column": 25 },
					"end": { "line": 122, "column": 229 }
				},
				"type": "binary-expr",
				"locations": [
					{
						"start": { "line": 122, "column": 25 },
						"end": { "line": 122, "column": 212 }
					},
					{
						"start": { "line": 122, "column": 216 },
						"end": { "line": 122, "column": 229 }
					}
				],
				"line": 122
			},
			"2": {
				"loc": {
					"start": { "line": 122, "column": 31 },
					"end": { "line": 122, "column": 202 }
				},
				"type": "cond-expr",
				"locations": [
					{
						"start": { "line": 122, "column": 178 },
						"end": { "line": 122, "column": 184 }
					},
					{
						"start": { "line": 122, "column": 187 },
						"end": { "line": 122, "column": 202 }
					}
				],
				"line": 122
			},
			"3": {
				"loc": {
					"start": { "line": 122, "column": 31 },
					"end": { "line": 122, "column": 175 }
				},
				"type": "binary-expr",
				"locations": [
					{
						"start": { "line": 122, "column": 31 },
						"end": { "line": 122, "column": 158 }
					},
					{
						"start": { "line": 122, "column": 162 },
						"end": { "line": 122, "column": 175 }
					}
				],
				"line": 122
			},
			"4": {
				"loc": {
					"start": { "line": 122, "column": 37 },
					"end": { "line": 122, "column": 148 }
				},
				"type": "cond-expr",
				"locations": [
					{
						"start": { "line": 122, "column": 132 },
						"end": { "line": 122, "column": 138 }
					},
					{
						"start": { "line": 122, "column": 141 },
						"end": { "line": 122, "column": 148 }
					}
				],
				"line": 122
			},
			"5": {
				"loc": {
					"start": { "line": 122, "column": 37 },
					"end": { "line": 122, "column": 129 }
				},
				"type": "binary-expr",
				"locations": [
					{
						"start": { "line": 122, "column": 37 },
						"end": { "line": 122, "column": 112 }
					},
					{
						"start": { "line": 122, "column": 116 },
						"end": { "line": 122, "column": 129 }
					}
				],
				"line": 122
			},
			"6": {
				"loc": {
					"start": { "line": 122, "column": 43 },
					"end": { "line": 122, "column": 102 }
				},
				"type": "cond-expr",
				"locations": [
					{
						"start": { "line": 122, "column": 82 },
						"end": { "line": 122, "column": 88 }
					},
					{
						"start": { "line": 122, "column": 91 },
						"end": { "line": 122, "column": 102 }
					}
				],
				"line": 122
			},
			"7": {
				"loc": {
					"start": { "line": 122, "column": 43 },
					"end": { "line": 122, "column": 79 }
				},
				"type": "binary-expr",
				"locations": [
					{
						"start": { "line": 122, "column": 43 },
						"end": { "line": 122, "column": 58 }
					},
					{ "start": { "line": 122, "column": 62 }, "end": { "line": 122, "column": 79 } }
				],
				"line": 122
			},
			"8": {
				"loc": {
					"start": { "line": 130, "column": 30 },
					"end": { "line": 130, "column": 112 }
				},
				"type": "cond-expr",
				"locations": [
					{
						"start": { "line": 130, "column": 87 },
						"end": { "line": 130, "column": 93 }
					},
					{
						"start": { "line": 130, "column": 96 },
						"end": { "line": 130, "column": 112 }
					}
				],
				"line": 130
			},
			"9": {
				"loc": {
					"start": { "line": 130, "column": 30 },
					"end": { "line": 130, "column": 84 }
				},
				"type": "binary-expr",
				"locations": [
					{
						"start": { "line": 130, "column": 30 },
						"end": { "line": 130, "column": 67 }
					},
					{ "start": { "line": 130, "column": 71 }, "end": { "line": 130, "column": 84 } }
				],
				"line": 130
			},
			"10": {
				"loc": {
					"start": { "line": 132, "column": 12 },
					"end": { "line": 135, "column": 13 }
				},
				"type": "if",
				"locations": [
					{
						"start": { "line": 132, "column": 12 },
						"end": { "line": 135, "column": 13 }
					},
					{ "start": { "line": 132, "column": 12 }, "end": { "line": 135, "column": 13 } }
				],
				"line": 132
			},
			"11": {
				"loc": {
					"start": { "line": 132, "column": 16 },
					"end": { "line": 132, "column": 60 }
				},
				"type": "binary-expr",
				"locations": [
					{
						"start": { "line": 132, "column": 16 },
						"end": { "line": 132, "column": 24 }
					},
					{ "start": { "line": 132, "column": 28 }, "end": { "line": 132, "column": 60 } }
				],
				"line": 132
			},
			"12": {
				"loc": {
					"start": { "line": 134, "column": 44 },
					"end": { "line": 134, "column": 73 }
				},
				"type": "binary-expr",
				"locations": [
					{
						"start": { "line": 134, "column": 44 },
						"end": { "line": 134, "column": 68 }
					},
					{ "start": { "line": 134, "column": 72 }, "end": { "line": 134, "column": 73 } }
				],
				"line": 134
			},
			"13": {
				"loc": {
					"start": { "line": 146, "column": 4 },
					"end": { "line": 151, "column": 5 }
				},
				"type": "if",
				"locations": [
					{ "start": { "line": 146, "column": 4 }, "end": { "line": 151, "column": 5 } },
					{ "start": { "line": 146, "column": 4 }, "end": { "line": 151, "column": 5 } }
				],
				"line": 146
			},
			"14": {
				"loc": {
					"start": { "line": 172, "column": 8 },
					"end": { "line": 177, "column": 9 }
				},
				"type": "if",
				"locations": [
					{ "start": { "line": 172, "column": 8 }, "end": { "line": 177, "column": 9 } },
					{ "start": { "line": 172, "column": 8 }, "end": { "line": 177, "column": 9 } }
				],
				"line": 172
			},
			"15": {
				"loc": {
					"start": { "line": 172, "column": 12 },
					"end": { "line": 172, "column": 75 }
				},
				"type": "cond-expr",
				"locations": [
					{
						"start": { "line": 172, "column": 59 },
						"end": { "line": 172, "column": 65 }
					},
					{ "start": { "line": 172, "column": 68 }, "end": { "line": 172, "column": 75 } }
				],
				"line": 172
			},
			"16": {
				"loc": {
					"start": { "line": 172, "column": 12 },
					"end": { "line": 172, "column": 56 }
				},
				"type": "binary-expr",
				"locations": [
					{
						"start": { "line": 172, "column": 12 },
						"end": { "line": 172, "column": 39 }
					},
					{ "start": { "line": 172, "column": 43 }, "end": { "line": 172, "column": 56 } }
				],
				"line": 172
			},
			"17": {
				"loc": {
					"start": { "line": 174, "column": 28 },
					"end": { "line": 174, "column": 58 }
				},
				"type": "binary-expr",
				"locations": [
					{
						"start": { "line": 174, "column": 28 },
						"end": { "line": 174, "column": 52 }
					},
					{ "start": { "line": 174, "column": 56 }, "end": { "line": 174, "column": 58 } }
				],
				"line": 174
			},
			"18": {
				"loc": {
					"start": { "line": 174, "column": 76 },
					"end": { "line": 174, "column": 109 }
				},
				"type": "binary-expr",
				"locations": [
					{
						"start": { "line": 174, "column": 76 },
						"end": { "line": 174, "column": 103 }
					},
					{
						"start": { "line": 174, "column": 107 },
						"end": { "line": 174, "column": 109 }
					}
				],
				"line": 174
			},
			"19": {
				"loc": {
					"start": { "line": 175, "column": 31 },
					"end": { "line": 175, "column": 110 }
				},
				"type": "binary-expr",
				"locations": [
					{
						"start": { "line": 175, "column": 31 },
						"end": { "line": 175, "column": 86 }
					},
					{
						"start": { "line": 175, "column": 90 },
						"end": { "line": 175, "column": 110 }
					}
				],
				"line": 175
			},
			"20": {
				"loc": {
					"start": { "line": 175, "column": 61 },
					"end": { "line": 175, "column": 85 }
				},
				"type": "binary-expr",
				"locations": [
					{
						"start": { "line": 175, "column": 61 },
						"end": { "line": 175, "column": 78 }
					},
					{ "start": { "line": 175, "column": 82 }, "end": { "line": 175, "column": 85 } }
				],
				"line": 175
			},
			"21": {
				"loc": {
					"start": { "line": 179, "column": 8 },
					"end": { "line": 185, "column": 9 }
				},
				"type": "if",
				"locations": [
					{ "start": { "line": 179, "column": 8 }, "end": { "line": 185, "column": 9 } },
					{ "start": { "line": 179, "column": 8 }, "end": { "line": 185, "column": 9 } }
				],
				"line": 179
			},
			"22": {
				"loc": {
					"start": { "line": 179, "column": 12 },
					"end": { "line": 179, "column": 75 }
				},
				"type": "cond-expr",
				"locations": [
					{
						"start": { "line": 179, "column": 59 },
						"end": { "line": 179, "column": 65 }
					},
					{ "start": { "line": 179, "column": 68 }, "end": { "line": 179, "column": 75 } }
				],
				"line": 179
			},
			"23": {
				"loc": {
					"start": { "line": 179, "column": 12 },
					"end": { "line": 179, "column": 56 }
				},
				"type": "binary-expr",
				"locations": [
					{
						"start": { "line": 179, "column": 12 },
						"end": { "line": 179, "column": 39 }
					},
					{ "start": { "line": 179, "column": 43 }, "end": { "line": 179, "column": 56 } }
				],
				"line": 179
			},
			"24": {
				"loc": {
					"start": { "line": 182, "column": 28 },
					"end": { "line": 182, "column": 58 }
				},
				"type": "binary-expr",
				"locations": [
					{
						"start": { "line": 182, "column": 28 },
						"end": { "line": 182, "column": 52 }
					},
					{ "start": { "line": 182, "column": 56 }, "end": { "line": 182, "column": 58 } }
				],
				"line": 182
			},
			"25": {
				"loc": {
					"start": { "line": 182, "column": 76 },
					"end": { "line": 182, "column": 109 }
				},
				"type": "binary-expr",
				"locations": [
					{
						"start": { "line": 182, "column": 76 },
						"end": { "line": 182, "column": 103 }
					},
					{
						"start": { "line": 182, "column": 107 },
						"end": { "line": 182, "column": 109 }
					}
				],
				"line": 182
			},
			"26": {
				"loc": {
					"start": { "line": 183, "column": 31 },
					"end": { "line": 183, "column": 110 }
				},
				"type": "binary-expr",
				"locations": [
					{
						"start": { "line": 183, "column": 31 },
						"end": { "line": 183, "column": 86 }
					},
					{
						"start": { "line": 183, "column": 90 },
						"end": { "line": 183, "column": 110 }
					}
				],
				"line": 183
			},
			"27": {
				"loc": {
					"start": { "line": 183, "column": 61 },
					"end": { "line": 183, "column": 85 }
				},
				"type": "binary-expr",
				"locations": [
					{
						"start": { "line": 183, "column": 61 },
						"end": { "line": 183, "column": 78 }
					},
					{ "start": { "line": 183, "column": 82 }, "end": { "line": 183, "column": 85 } }
				],
				"line": 183
			},
			"28": {
				"loc": {
					"start": { "line": 190, "column": 16 },
					"end": { "line": 191, "column": 43 }
				},
				"type": "if",
				"locations": [
					{
						"start": { "line": 190, "column": 16 },
						"end": { "line": 191, "column": 43 }
					},
					{ "start": { "line": 190, "column": 16 }, "end": { "line": 191, "column": 43 } }
				],
				"line": 190
			},
			"29": {
				"loc": {
					"start": { "line": 195, "column": 8 },
					"end": { "line": 207, "column": 9 }
				},
				"type": "if",
				"locations": [
					{ "start": { "line": 195, "column": 8 }, "end": { "line": 207, "column": 9 } },
					{ "start": { "line": 195, "column": 8 }, "end": { "line": 207, "column": 9 } }
				],
				"line": 195
			},
			"30": {
				"loc": {
					"start": { "line": 208, "column": 8 },
					"end": { "line": 219, "column": 9 }
				},
				"type": "if",
				"locations": [
					{ "start": { "line": 208, "column": 8 }, "end": { "line": 219, "column": 9 } },
					{ "start": { "line": 208, "column": 8 }, "end": { "line": 219, "column": 9 } }
				],
				"line": 208
			},
			"31": {
				"loc": {
					"start": { "line": 317, "column": 32 },
					"end": { "line": 317, "column": 79 }
				},
				"type": "binary-expr",
				"locations": [
					{
						"start": { "line": 317, "column": 32 },
						"end": { "line": 317, "column": 38 }
					},
					{
						"start": { "line": 317, "column": 42 },
						"end": { "line": 317, "column": 55 }
					},
					{ "start": { "line": 317, "column": 59 }, "end": { "line": 317, "column": 79 } }
				],
				"line": 317
			}
		},
		"s": {
			"0": 1,
			"1": 1,
			"2": 1,
			"3": 1,
			"4": 1,
			"5": 1,
			"6": 4,
			"7": 4,
			"8": 4,
			"9": 4,
			"10": 259,
			"11": 259,
			"12": 259,
			"13": 259,
			"14": 3990,
			"15": 3990,
			"16": 3990,
			"17": 3990,
			"18": 151,
			"19": 151,
			"20": 4,
			"21": 11,
			"22": 4,
			"23": 11,
			"24": 4,
			"25": 10,
			"26": 4,
			"27": 4,
			"28": 0,
			"29": 4,
			"30": 0,
			"31": 4,
			"32": 4,
			"33": 4,
			"34": 4,
			"35": 4,
			"36": 4,
			"37": 4,
			"38": 4,
			"39": 185,
			"40": 88,
			"41": 88,
			"42": 1748,
			"43": 211,
			"44": 185,
			"45": 185,
			"46": 88,
			"47": 88,
			"48": 88,
			"49": 1748,
			"50": 211,
			"51": 185,
			"52": 324,
			"53": 185,
			"54": 185,
			"55": 721,
			"56": 842,
			"57": 116,
			"58": 185,
			"59": 185,
			"60": 6,
			"61": 6,
			"62": 185,
			"63": 39,
			"64": 4,
			"65": 4,
			"66": 4,
			"67": 4,
			"68": 4,
			"69": 4,
			"70": 4,
			"71": 4,
			"72": 4,
			"73": 4,
			"74": 4,
			"75": 0,
			"76": 0,
			"77": 1
		},
		"f": {
			"0": 4,
			"1": 11,
			"2": 11,
			"3": 10,
			"4": 0,
			"5": 4,
			"6": 185,
			"7": 1748,
			"8": 211,
			"9": 1748,
			"10": 211,
			"11": 324,
			"12": 721,
			"13": 842,
			"14": 4
		},
		"b": {
			"0": [0, 4],
			"1": [4, 4],
			"2": [0, 4],
			"3": [4, 4],
			"4": [0, 4],
			"5": [4, 4],
			"6": [0, 4],
			"7": [4, 4],
			"8": [0, 3990],
			"9": [3990, 3990],
			"10": [151, 3839],
			"11": [3990, 1799],
			"12": [151, 11],
			"13": [0, 4],
			"14": [88, 97],
			"15": [97, 88],
			"16": [185, 88],
			"17": [88, 16],
			"18": [88, 23],
			"19": [1748, 266],
			"20": [1748, 1341],
			"21": [88, 97],
			"22": [97, 88],
			"23": [185, 88],
			"24": [88, 16],
			"25": [88, 23],
			"26": [1748, 266],
			"27": [1748, 1341],
			"28": [116, 726],
			"29": [6, 179],
			"30": [39, 146],
			"31": [4, 3, 3]
		},
		"_coverageSchema": "1a1c01bbd47fc00a2c39e90264f33305004495a9",
		"hash": "ea3ee570fed5027bb15c61d9e2cc167f2b03f5f5",
		"contentHash": "44b08f6b42a796707c0b06717f688f96eadb3bc17670b66de0031b6d64814da3"
	},
	"C:\\ISPP\\ISPP-G1-Talent\\api\\v1\\tests\\e2e\\UserControllerTest.js": {
		"path": "C:\\ISPP\\ISPP-G1-Talent\\api\\v1\\tests\\e2e\\UserControllerTest.js",
		"statementMap": {
			"0": { "start": { "line": 2, "column": 22 }, "end": { "line": 12, "column": 3 } },
			"1": { "start": { "line": 3, "column": 4 }, "end": { "line": 3, "column": 33 } },
			"2": { "start": { "line": 3, "column": 26 }, "end": { "line": 3, "column": 33 } },
			"3": { "start": { "line": 4, "column": 15 }, "end": { "line": 4, "column": 52 } },
			"4": { "start": { "line": 5, "column": 4 }, "end": { "line": 7, "column": 5 } },
			"5": { "start": { "line": 6, "column": 6 }, "end": { "line": 6, "column": 68 } },
			"6": { "start": { "line": 6, "column": 51 }, "end": { "line": 6, "column": 63 } },
			"7": { "start": { "line": 8, "column": 4 }, "end": { "line": 8, "column": 39 } },
			"8": { "start": { "line": 10, "column": 4 }, "end": { "line": 10, "column": 33 } },
			"9": { "start": { "line": 10, "column": 26 }, "end": { "line": 10, "column": 33 } },
			"10": { "start": { "line": 11, "column": 4 }, "end": { "line": 11, "column": 17 } },
			"11": { "start": { "line": 13, "column": 25 }, "end": { "line": 17, "column": 2 } },
			"12": { "start": { "line": 14, "column": 4 }, "end": { "line": 14, "column": 72 } },
			"13": { "start": { "line": 16, "column": 4 }, "end": { "line": 16, "column": 21 } },
			"14": { "start": { "line": 18, "column": 19 }, "end": { "line": 24, "column": 1 } },
			"15": { "start": { "line": 19, "column": 4 }, "end": { "line": 19, "column": 42 } },
			"16": { "start": { "line": 19, "column": 31 }, "end": { "line": 19, "column": 42 } },
			"17": { "start": { "line": 20, "column": 17 }, "end": { "line": 20, "column": 19 } },
			"18": { "start": { "line": 21, "column": 4 }, "end": { "line": 21, "column": 141 } },
			"19": { "start": { "line": 21, "column": 21 }, "end": { "line": 21, "column": 141 } },
			"20": { "start": { "line": 21, "column": 40 }, "end": { "line": 21, "column": 141 } },
			"21": { "start": { "line": 21, "column": 109 }, "end": { "line": 21, "column": 141 } },
			"22": { "start": { "line": 22, "column": 4 }, "end": { "line": 22, "column": 36 } },
			"23": { "start": { "line": 23, "column": 4 }, "end": { "line": 23, "column": 18 } },
			"24": { "start": { "line": 25, "column": 22 }, "end": { "line": 27, "column": 1 } },
			"25": { "start": { "line": 26, "column": 4 }, "end": { "line": 26, "column": 62 } },
			"26": { "start": { "line": 28, "column": 0 }, "end": { "line": 28, "column": 62 } },
			"27": { "start": { "line": 29, "column": 16 }, "end": { "line": 29, "column": 49 } },
			"28": { "start": { "line": 30, "column": 19 }, "end": { "line": 30, "column": 55 } },
			"29": { "start": { "line": 31, "column": 17 }, "end": { "line": 31, "column": 34 } },
			"30": { "start": { "line": 32, "column": 26 }, "end": { "line": 32, "column": 69 } },
			"31": { "start": { "line": 33, "column": 23 }, "end": { "line": 33, "column": 63 } },
			"32": { "start": { "line": 34, "column": 19 }, "end": { "line": 34, "column": 55 } },
			"33": { "start": { "line": 35, "column": 32 }, "end": { "line": 35, "column": 64 } },
			"34": { "start": { "line": 36, "column": 25 }, "end": { "line": 36, "column": 81 } },
			"35": { "start": { "line": 37, "column": 23 }, "end": { "line": 37, "column": 93 } },
			"36": { "start": { "line": 38, "column": 20 }, "end": { "line": 38, "column": 84 } },
			"37": { "start": { "line": 39, "column": 15 }, "end": { "line": 39, "column": 56 } },
			"38": { "start": { "line": 40, "column": 17 }, "end": { "line": 40, "column": 51 } },
			"39": { "start": { "line": 43, "column": 0 }, "end": { "line": 47, "column": 3 } },
			"40": { "start": { "line": 44, "column": 4 }, "end": { "line": 44, "column": 75 } },
			"41": { "start": { "line": 45, "column": 21 }, "end": { "line": 45, "column": 41 } },
			"42": { "start": { "line": 46, "column": 4 }, "end": { "line": 46, "column": 47 } },
			"43": { "start": { "line": 48, "column": 0 }, "end": { "line": 51, "column": 3 } },
			"44": { "start": { "line": 49, "column": 4 }, "end": { "line": 49, "column": 42 } },
			"45": { "start": { "line": 50, "column": 4 }, "end": { "line": 50, "column": 29 } },
			"46": { "start": { "line": 53, "column": 19 }, "end": { "line": 53, "column": 63 } },
			"47": { "start": { "line": 54, "column": 0 }, "end": { "line": 101, "column": 19 } },
			"48": { "start": { "line": 58, "column": 4 }, "end": { "line": 82, "column": 7 } },
			"49": { "start": { "line": 60, "column": 8 }, "end": { "line": 68, "column": 11 } },
			"50": { "start": { "line": 69, "column": 8 }, "end": { "line": 71, "column": 11 } },
			"51": { "start": { "line": 73, "column": 8 }, "end": { "line": 76, "column": 11 } },
			"52": { "start": { "line": 77, "column": 8 }, "end": { "line": 77, "column": 84 } },
			"53": { "start": { "line": 78, "column": 8 }, "end": { "line": 81, "column": 11 } },
			"54": { "start": { "line": 83, "column": 4 }, "end": { "line": 87, "column": 7 } },
			"55": { "start": { "line": 85, "column": 8 }, "end": { "line": 85, "column": 34 } },
			"56": { "start": { "line": 86, "column": 8 }, "end": { "line": 86, "column": 41 } },
			"57": { "start": { "line": 88, "column": 4 }, "end": { "line": 100, "column": 7 } },
			"58": { "start": { "line": 89, "column": 27 }, "end": { "line": 89, "column": 77 } },
			"59": { "start": { "line": 90, "column": 27 }, "end": { "line": 90, "column": 66 } },
			"60": { "start": { "line": 91, "column": 8 }, "end": { "line": 91, "column": 95 } },
			"61": { "start": { "line": 92, "column": 8 }, "end": { "line": 92, "column": 40 } },
			"62": { "start": { "line": 93, "column": 8 }, "end": { "line": 93, "column": 58 } },
			"63": { "start": { "line": 95, "column": 8 }, "end": { "line": 95, "column": 65 } },
			"64": { "start": { "line": 96, "column": 8 }, "end": { "line": 96, "column": 63 } },
			"65": { "start": { "line": 97, "column": 29 }, "end": { "line": 97, "column": 52 } },
			"66": { "start": { "line": 98, "column": 8 }, "end": { "line": 98, "column": 34 } },
			"67": { "start": { "line": 99, "column": 8 }, "end": { "line": 99, "column": 87 } }
		},
		"fnMap": {
			"0": {
				"name": "(anonymous_0)",
				"decl": {
					"start": { "line": 2, "column": 74 },
					"end": { "line": 2, "column": 75 }
				},
				"loc": { "start": { "line": 2, "column": 96 }, "end": { "line": 9, "column": 1 } },
				"line": 2
			},
			"1": {
				"name": "(anonymous_1)",
				"decl": {
					"start": { "line": 6, "column": 38 },
					"end": { "line": 6, "column": 39 }
				},
				"loc": { "start": { "line": 6, "column": 49 }, "end": { "line": 6, "column": 65 } },
				"line": 6
			},
			"2": {
				"name": "(anonymous_2)",
				"decl": { "start": { "line": 9, "column": 6 }, "end": { "line": 9, "column": 7 } },
				"loc": { "start": { "line": 9, "column": 28 }, "end": { "line": 12, "column": 1 } },
				"line": 9
			},
			"3": {
				"name": "(anonymous_3)",
				"decl": {
					"start": { "line": 13, "column": 80 },
					"end": { "line": 13, "column": 81 }
				},
				"loc": {
					"start": { "line": 13, "column": 95 },
					"end": { "line": 15, "column": 1 }
				},
				"line": 13
			},
			"4": {
				"name": "(anonymous_4)",
				"decl": {
					"start": { "line": 15, "column": 5 },
					"end": { "line": 15, "column": 6 }
				},
				"loc": {
					"start": { "line": 15, "column": 20 },
					"end": { "line": 17, "column": 1 }
				},
				"line": 15
			},
			"5": {
				"name": "(anonymous_5)",
				"decl": {
					"start": { "line": 18, "column": 50 },
					"end": { "line": 18, "column": 51 }
				},
				"loc": {
					"start": { "line": 18, "column": 65 },
					"end": { "line": 24, "column": 1 }
				},
				"line": 18
			},
			"6": {
				"name": "(anonymous_6)",
				"decl": {
					"start": { "line": 25, "column": 56 },
					"end": { "line": 25, "column": 57 }
				},
				"loc": {
					"start": { "line": 25, "column": 71 },
					"end": { "line": 27, "column": 1 }
				},
				"line": 25
			},
			"7": {
				"name": "(anonymous_7)",
				"decl": {
					"start": { "line": 43, "column": 7 },
					"end": { "line": 43, "column": 8 }
				},
				"loc": {
					"start": { "line": 43, "column": 19 },
					"end": { "line": 47, "column": 1 }
				},
				"line": 43
			},
			"8": {
				"name": "(anonymous_8)",
				"decl": {
					"start": { "line": 48, "column": 6 },
					"end": { "line": 48, "column": 7 }
				},
				"loc": {
					"start": { "line": 48, "column": 18 },
					"end": { "line": 51, "column": 1 }
				},
				"line": 48
			},
			"9": {
				"name": "(anonymous_9)",
				"decl": {
					"start": { "line": 54, "column": 37 },
					"end": { "line": 54, "column": 38 }
				},
				"loc": {
					"start": { "line": 54, "column": 49 },
					"end": { "line": 101, "column": 1 }
				},
				"line": 54
			},
			"10": {
				"name": "(anonymous_10)",
				"decl": {
					"start": { "line": 58, "column": 15 },
					"end": { "line": 58, "column": 16 }
				},
				"loc": {
					"start": { "line": 58, "column": 27 },
					"end": { "line": 82, "column": 5 }
				},
				"line": 58
			},
			"11": {
				"name": "(anonymous_11)",
				"decl": {
					"start": { "line": 83, "column": 14 },
					"end": { "line": 83, "column": 15 }
				},
				"loc": {
					"start": { "line": 83, "column": 26 },
					"end": { "line": 87, "column": 5 }
				},
				"line": 83
			},
			"12": {
				"name": "(anonymous_12)",
				"decl": {
					"start": { "line": 88, "column": 66 },
					"end": { "line": 88, "column": 67 }
				},
				"loc": {
					"start": { "line": 88, "column": 84 },
					"end": { "line": 100, "column": 5 }
				},
				"line": 88
			}
		},
		"branchMap": {
			"0": {
				"loc": { "start": { "line": 2, "column": 22 }, "end": { "line": 12, "column": 3 } },
				"type": "binary-expr",
				"locations": [
					{ "start": { "line": 2, "column": 23 }, "end": { "line": 2, "column": 27 } },
					{ "start": { "line": 2, "column": 31 }, "end": { "line": 2, "column": 51 } },
					{ "start": { "line": 2, "column": 57 }, "end": { "line": 12, "column": 2 } }
				],
				"line": 2
			},
			"1": {
				"loc": { "start": { "line": 2, "column": 57 }, "end": { "line": 12, "column": 2 } },
				"type": "cond-expr",
				"locations": [
					{ "start": { "line": 2, "column": 74 }, "end": { "line": 9, "column": 1 } },
					{ "start": { "line": 9, "column": 6 }, "end": { "line": 12, "column": 1 } }
				],
				"line": 2
			},
			"2": {
				"loc": { "start": { "line": 3, "column": 4 }, "end": { "line": 3, "column": 33 } },
				"type": "if",
				"locations": [
					{ "start": { "line": 3, "column": 4 }, "end": { "line": 3, "column": 33 } },
					{ "start": { "line": 3, "column": 4 }, "end": { "line": 3, "column": 33 } }
				],
				"line": 3
			},
			"3": {
				"loc": { "start": { "line": 5, "column": 4 }, "end": { "line": 7, "column": 5 } },
				"type": "if",
				"locations": [
					{ "start": { "line": 5, "column": 4 }, "end": { "line": 7, "column": 5 } },
					{ "start": { "line": 5, "column": 4 }, "end": { "line": 7, "column": 5 } }
				],
				"line": 5
			},
			"4": {
				"loc": { "start": { "line": 5, "column": 8 }, "end": { "line": 5, "column": 85 } },
				"type": "binary-expr",
				"locations": [
					{ "start": { "line": 5, "column": 8 }, "end": { "line": 5, "column": 13 } },
					{ "start": { "line": 5, "column": 18 }, "end": { "line": 5, "column": 84 } }
				],
				"line": 5
			},
			"5": {
				"loc": { "start": { "line": 5, "column": 18 }, "end": { "line": 5, "column": 84 } },
				"type": "cond-expr",
				"locations": [
					{ "start": { "line": 5, "column": 34 }, "end": { "line": 5, "column": 47 } },
					{ "start": { "line": 5, "column": 50 }, "end": { "line": 5, "column": 84 } }
				],
				"line": 5
			},
			"6": {
				"loc": { "start": { "line": 5, "column": 50 }, "end": { "line": 5, "column": 84 } },
				"type": "binary-expr",
				"locations": [
					{ "start": { "line": 5, "column": 50 }, "end": { "line": 5, "column": 63 } },
					{ "start": { "line": 5, "column": 67 }, "end": { "line": 5, "column": 84 } }
				],
				"line": 5
			},
			"7": {
				"loc": {
					"start": { "line": 10, "column": 4 },
					"end": { "line": 10, "column": 33 }
				},
				"type": "if",
				"locations": [
					{ "start": { "line": 10, "column": 4 }, "end": { "line": 10, "column": 33 } },
					{ "start": { "line": 10, "column": 4 }, "end": { "line": 10, "column": 33 } }
				],
				"line": 10
			},
			"8": {
				"loc": {
					"start": { "line": 13, "column": 25 },
					"end": { "line": 17, "column": 2 }
				},
				"type": "binary-expr",
				"locations": [
					{ "start": { "line": 13, "column": 26 }, "end": { "line": 13, "column": 30 } },
					{ "start": { "line": 13, "column": 34 }, "end": { "line": 13, "column": 57 } },
					{ "start": { "line": 13, "column": 63 }, "end": { "line": 17, "column": 1 } }
				],
				"line": 13
			},
			"9": {
				"loc": {
					"start": { "line": 13, "column": 63 },
					"end": { "line": 17, "column": 1 }
				},
				"type": "cond-expr",
				"locations": [
					{ "start": { "line": 13, "column": 80 }, "end": { "line": 15, "column": 1 } },
					{ "start": { "line": 15, "column": 5 }, "end": { "line": 17, "column": 1 } }
				],
				"line": 13
			},
			"10": {
				"loc": {
					"start": { "line": 18, "column": 19 },
					"end": { "line": 24, "column": 1 }
				},
				"type": "binary-expr",
				"locations": [
					{ "start": { "line": 18, "column": 20 }, "end": { "line": 18, "column": 24 } },
					{ "start": { "line": 18, "column": 28 }, "end": { "line": 18, "column": 45 } },
					{ "start": { "line": 18, "column": 50 }, "end": { "line": 24, "column": 1 } }
				],
				"line": 18
			},
			"11": {
				"loc": {
					"start": { "line": 19, "column": 4 },
					"end": { "line": 19, "column": 42 }
				},
				"type": "if",
				"locations": [
					{ "start": { "line": 19, "column": 4 }, "end": { "line": 19, "column": 42 } },
					{ "start": { "line": 19, "column": 4 }, "end": { "line": 19, "column": 42 } }
				],
				"line": 19
			},
			"12": {
				"loc": {
					"start": { "line": 19, "column": 8 },
					"end": { "line": 19, "column": 29 }
				},
				"type": "binary-expr",
				"locations": [
					{ "start": { "line": 19, "column": 8 }, "end": { "line": 19, "column": 11 } },
					{ "start": { "line": 19, "column": 15 }, "end": { "line": 19, "column": 29 } }
				],
				"line": 19
			},
			"13": {
				"loc": {
					"start": { "line": 21, "column": 4 },
					"end": { "line": 21, "column": 141 }
				},
				"type": "if",
				"locations": [
					{ "start": { "line": 21, "column": 4 }, "end": { "line": 21, "column": 141 } },
					{ "start": { "line": 21, "column": 4 }, "end": { "line": 21, "column": 141 } }
				],
				"line": 21
			},
			"14": {
				"loc": {
					"start": { "line": 21, "column": 40 },
					"end": { "line": 21, "column": 141 }
				},
				"type": "if",
				"locations": [
					{ "start": { "line": 21, "column": 40 }, "end": { "line": 21, "column": 141 } },
					{ "start": { "line": 21, "column": 40 }, "end": { "line": 21, "column": 141 } }
				],
				"line": 21
			},
			"15": {
				"loc": {
					"start": { "line": 21, "column": 44 },
					"end": { "line": 21, "column": 107 }
				},
				"type": "binary-expr",
				"locations": [
					{ "start": { "line": 21, "column": 44 }, "end": { "line": 21, "column": 59 } },
					{ "start": { "line": 21, "column": 63 }, "end": { "line": 21, "column": 107 } }
				],
				"line": 21
			},
			"16": {
				"loc": {
					"start": { "line": 25, "column": 22 },
					"end": { "line": 27, "column": 1 }
				},
				"type": "binary-expr",
				"locations": [
					{ "start": { "line": 25, "column": 23 }, "end": { "line": 25, "column": 27 } },
					{ "start": { "line": 25, "column": 31 }, "end": { "line": 25, "column": 51 } },
					{ "start": { "line": 25, "column": 56 }, "end": { "line": 27, "column": 1 } }
				],
				"line": 25
			},
			"17": {
				"loc": {
					"start": { "line": 26, "column": 11 },
					"end": { "line": 26, "column": 61 }
				},
				"type": "cond-expr",
				"locations": [
					{ "start": { "line": 26, "column": 37 }, "end": { "line": 26, "column": 40 } },
					{ "start": { "line": 26, "column": 43 }, "end": { "line": 26, "column": 61 } }
				],
				"line": 26
			},
			"18": {
				"loc": {
					"start": { "line": 26, "column": 12 },
					"end": { "line": 26, "column": 33 }
				},
				"type": "binary-expr",
				"locations": [
					{ "start": { "line": 26, "column": 12 }, "end": { "line": 26, "column": 15 } },
					{ "start": { "line": 26, "column": 19 }, "end": { "line": 26, "column": 33 } }
				],
				"line": 26
			}
		},
		"s": {
			"0": 1,
			"1": 0,
			"2": 0,
			"3": 0,
			"4": 0,
			"5": 0,
			"6": 0,
			"7": 0,
			"8": 0,
			"9": 0,
			"10": 0,
			"11": 1,
			"12": 0,
			"13": 0,
			"14": 1,
			"15": 2,
			"16": 2,
			"17": 0,
			"18": 0,
			"19": 0,
			"20": 0,
			"21": 0,
			"22": 0,
			"23": 0,
			"24": 1,
			"25": 6,
			"26": 1,
			"27": 1,
			"28": 1,
			"29": 1,
			"30": 1,
			"31": 1,
			"32": 1,
			"33": 1,
			"34": 1,
			"35": 1,
			"36": 1,
			"37": 1,
			"38": 1,
			"39": 1,
			"40": 1,
			"41": 1,
			"42": 1,
			"43": 1,
			"44": 1,
			"45": 1,
			"46": 1,
			"47": 1,
			"48": 1,
			"49": 1,
			"50": 1,
			"51": 1,
			"52": 1,
			"53": 1,
			"54": 1,
			"55": 1,
			"56": 1,
			"57": 1,
			"58": 1,
			"59": 1,
			"60": 1,
			"61": 1,
			"62": 1,
			"63": 1,
			"64": 1,
			"65": 1,
			"66": 1,
			"67": 1
		},
		"f": {
			"0": 0,
			"1": 0,
			"2": 0,
			"3": 0,
			"4": 0,
			"5": 2,
			"6": 6,
			"7": 1,
			"8": 1,
			"9": 1,
			"10": 1,
			"11": 1,
			"12": 1
		},
		"b": {
			"0": [1, 1, 1],
			"1": [1, 0],
			"2": [0, 0],
			"3": [0, 0],
			"4": [0, 0],
			"5": [0, 0],
			"6": [0, 0],
			"7": [0, 0],
			"8": [1, 1, 1],
			"9": [1, 0],
			"10": [1, 1, 1],
			"11": [2, 0],
			"12": [2, 2],
			"13": [0, 0],
			"14": [0, 0],
			"15": [0, 0],
			"16": [1, 1, 1],
			"17": [0, 6],
			"18": [6, 6]
		},
		"_coverageSchema": "1a1c01bbd47fc00a2c39e90264f33305004495a9",
		"hash": "3857deb613050bd86712a1a5e1ac5203765d245d",
		"contentHash": "8f70b2e55a59ba0335dc12038c8e400b5ddfaf77e603ea638f0bda2ab00a17e1"
	},
	"C:\\ISPP\\ISPP-G1-Talent\\api\\v1\\modules\\user\\controllers\\UserController.js": {
		"path": "C:\\ISPP\\ISPP-G1-Talent\\api\\v1\\modules\\user\\controllers\\UserController.js",
		"statementMap": {
			"0": { "start": { "line": 2, "column": 22 }, "end": { "line": 4, "column": 1 } },
			"1": { "start": { "line": 3, "column": 4 }, "end": { "line": 3, "column": 62 } },
			"2": { "start": { "line": 5, "column": 0 }, "end": { "line": 5, "column": 62 } },
			"3": { "start": { "line": 6, "column": 0 }, "end": { "line": 6, "column": 314 } },
			"4": { "start": { "line": 7, "column": 22 }, "end": { "line": 7, "column": 73 } },
			"5": { "start": { "line": 8, "column": 22 }, "end": { "line": 8, "column": 59 } },
			"6": { "start": { "line": 10, "column": 19 }, "end": { "line": 25, "column": 1 } },
			"7": { "start": { "line": 11, "column": 4 }, "end": { "line": 24, "column": 5 } },
			"8": { "start": { "line": 12, "column": 21 }, "end": { "line": 12, "column": 61 } },
			"9": { "start": { "line": 13, "column": 8 }, "end": { "line": 15, "column": 11 } },
			"10": { "start": { "line": 18, "column": 8 }, "end": { "line": 23, "column": 11 } },
			"11": { "start": { "line": 26, "column": 0 }, "end": { "line": 26, "column": 32 } },
			"12": { "start": { "line": 27, "column": 20 }, "end": { "line": 43, "column": 1 } },
			"13": { "start": { "line": 28, "column": 4 }, "end": { "line": 42, "column": 5 } },
			"14": { "start": { "line": 29, "column": 19 }, "end": { "line": 29, "column": 32 } },
			"15": { "start": { "line": 30, "column": 21 }, "end": { "line": 30, "column": 64 } },
			"16": { "start": { "line": 31, "column": 8 }, "end": { "line": 33, "column": 11 } },
			"17": { "start": { "line": 36, "column": 8 }, "end": { "line": 41, "column": 11 } },
			"18": { "start": { "line": 44, "column": 0 }, "end": { "line": 44, "column": 34 } },
			"19": { "start": { "line": 45, "column": 43 }, "end": { "line": 61, "column": 1 } },
			"20": { "start": { "line": 46, "column": 4 }, "end": { "line": 60, "column": 5 } },
			"21": { "start": { "line": 47, "column": 23 }, "end": { "line": 47, "column": 36 } },
			"22": { "start": { "line": 48, "column": 21 }, "end": { "line": 48, "column": 91 } },
			"23": { "start": { "line": 49, "column": 8 }, "end": { "line": 51, "column": 11 } },
			"24": { "start": { "line": 54, "column": 8 }, "end": { "line": 59, "column": 11 } },
			"25": { "start": { "line": 62, "column": 0 }, "end": { "line": 62, "column": 80 } },
			"26": { "start": { "line": 63, "column": 24 }, "end": { "line": 79, "column": 1 } },
			"27": { "start": { "line": 64, "column": 4 }, "end": { "line": 78, "column": 5 } },
			"28": { "start": { "line": 65, "column": 21 }, "end": { "line": 65, "column": 32 } },
			"29": { "start": { "line": 66, "column": 21 }, "end": { "line": 66, "column": 75 } },
			"30": { "start": { "line": 67, "column": 8 }, "end": { "line": 69, "column": 11 } },
			"31": { "start": { "line": 72, "column": 8 }, "end": { "line": 77, "column": 11 } },
			"32": { "start": { "line": 80, "column": 0 }, "end": { "line": 80, "column": 42 } },
			"33": { "start": { "line": 81, "column": 29 }, "end": { "line": 97, "column": 1 } },
			"34": { "start": { "line": 82, "column": 4 }, "end": { "line": 96, "column": 5 } },
			"35": { "start": { "line": 83, "column": 21 }, "end": { "line": 83, "column": 37 } },
			"36": { "start": { "line": 84, "column": 21 }, "end": { "line": 84, "column": 75 } },
			"37": { "start": { "line": 85, "column": 8 }, "end": { "line": 87, "column": 11 } },
			"38": { "start": { "line": 90, "column": 8 }, "end": { "line": 95, "column": 11 } },
			"39": { "start": { "line": 98, "column": 0 }, "end": { "line": 98, "column": 52 } },
			"40": { "start": { "line": 99, "column": 24 }, "end": { "line": 116, "column": 1 } },
			"41": { "start": { "line": 100, "column": 4 }, "end": { "line": 115, "column": 5 } },
			"42": { "start": { "line": 101, "column": 19 }, "end": { "line": 101, "column": 32 } },
			"43": { "start": { "line": 102, "column": 21 }, "end": { "line": 102, "column": 32 } },
			"44": { "start": { "line": 103, "column": 21 }, "end": { "line": 103, "column": 79 } },
			"45": { "start": { "line": 104, "column": 8 }, "end": { "line": 106, "column": 11 } },
			"46": { "start": { "line": 109, "column": 8 }, "end": { "line": 114, "column": 11 } },
			"47": { "start": { "line": 117, "column": 0 }, "end": { "line": 117, "column": 42 } },
			"48": { "start": { "line": 118, "column": 29 }, "end": { "line": 135, "column": 1 } },
			"49": { "start": { "line": 119, "column": 4 }, "end": { "line": 134, "column": 5 } },
			"50": { "start": { "line": 120, "column": 19 }, "end": { "line": 120, "column": 32 } },
			"51": { "start": { "line": 121, "column": 21 }, "end": { "line": 121, "column": 37 } },
			"52": { "start": { "line": 122, "column": 21 }, "end": { "line": 122, "column": 79 } },
			"53": { "start": { "line": 123, "column": 8 }, "end": { "line": 125, "column": 11 } },
			"54": { "start": { "line": 128, "column": 8 }, "end": { "line": 133, "column": 11 } },
			"55": { "start": { "line": 136, "column": 0 }, "end": { "line": 136, "column": 52 } },
			"56": { "start": { "line": 137, "column": 33 }, "end": { "line": 154, "column": 1 } },
			"57": { "start": { "line": 138, "column": 4 }, "end": { "line": 153, "column": 5 } },
			"58": { "start": { "line": 139, "column": 19 }, "end": { "line": 139, "column": 32 } },
			"59": { "start": { "line": 140, "column": 24 }, "end": { "line": 140, "column": 47 } },
			"60": { "start": { "line": 141, "column": 21 }, "end": { "line": 141, "column": 86 } },
			"61": { "start": { "line": 142, "column": 8 }, "end": { "line": 144, "column": 11 } },
			"62": { "start": { "line": 147, "column": 8 }, "end": { "line": 152, "column": 11 } },
			"63": { "start": { "line": 155, "column": 0 }, "end": { "line": 155, "column": 60 } },
			"64": { "start": { "line": 156, "column": 27 }, "end": { "line": 173, "column": 1 } },
			"65": { "start": { "line": 157, "column": 4 }, "end": { "line": 172, "column": 5 } },
			"66": { "start": { "line": 158, "column": 19 }, "end": { "line": 158, "column": 32 } },
			"67": { "start": { "line": 159, "column": 32 }, "end": { "line": 159, "column": 40 } },
			"68": { "start": { "line": 160, "column": 21 }, "end": { "line": 160, "column": 84 } },
			"69": { "start": { "line": 161, "column": 8 }, "end": { "line": 163, "column": 11 } },
			"70": { "start": { "line": 166, "column": 8 }, "end": { "line": 171, "column": 11 } },
			"71": { "start": { "line": 174, "column": 0 }, "end": { "line": 174, "column": 48 } },
			"72": { "start": { "line": 175, "column": 18 }, "end": { "line": 190, "column": 1 } },
			"73": { "start": { "line": 176, "column": 4 }, "end": { "line": 189, "column": 5 } },
			"74": { "start": { "line": 177, "column": 21 }, "end": { "line": 177, "column": 68 } },
			"75": { "start": { "line": 178, "column": 8 }, "end": { "line": 180, "column": 11 } },
			"76": { "start": { "line": 183, "column": 8 }, "end": { "line": 188, "column": 11 } },
			"77": { "start": { "line": 191, "column": 0 }, "end": { "line": 191, "column": 30 } },
			"78": { "start": { "line": 192, "column": 19 }, "end": { "line": 208, "column": 1 } },
			"79": { "start": { "line": 193, "column": 4 }, "end": { "line": 207, "column": 5 } },
			"80": { "start": { "line": 194, "column": 19 }, "end": { "line": 194, "column": 32 } },
			"81": { "start": { "line": 195, "column": 21 }, "end": { "line": 195, "column": 63 } },
			"82": { "start": { "line": 196, "column": 8 }, "end": { "line": 198, "column": 11 } },
			"83": { "start": { "line": 201, "column": 8 }, "end": { "line": 206, "column": 11 } },
			"84": { "start": { "line": 209, "column": 0 }, "end": { "line": 209, "column": 32 } },
			"85": { "start": { "line": 210, "column": 0 }, "end": { "line": 221, "column": 2 } }
		},
		"fnMap": {
			"0": {
				"name": "(anonymous_0)",
				"decl": {
					"start": { "line": 2, "column": 56 },
					"end": { "line": 2, "column": 57 }
				},
				"loc": { "start": { "line": 2, "column": 71 }, "end": { "line": 4, "column": 1 } },
				"line": 2
			},
			"1": {
				"name": "(anonymous_1)",
				"decl": {
					"start": { "line": 10, "column": 19 },
					"end": { "line": 10, "column": 20 }
				},
				"loc": {
					"start": { "line": 10, "column": 39 },
					"end": { "line": 25, "column": 1 }
				},
				"line": 10
			},
			"2": {
				"name": "(anonymous_2)",
				"decl": {
					"start": { "line": 27, "column": 20 },
					"end": { "line": 27, "column": 21 }
				},
				"loc": {
					"start": { "line": 27, "column": 40 },
					"end": { "line": 43, "column": 1 }
				},
				"line": 27
			},
			"3": {
				"name": "(anonymous_3)",
				"decl": {
					"start": { "line": 45, "column": 43 },
					"end": { "line": 45, "column": 44 }
				},
				"loc": {
					"start": { "line": 45, "column": 63 },
					"end": { "line": 61, "column": 1 }
				},
				"line": 45
			},
			"4": {
				"name": "(anonymous_4)",
				"decl": {
					"start": { "line": 63, "column": 24 },
					"end": { "line": 63, "column": 25 }
				},
				"loc": {
					"start": { "line": 63, "column": 44 },
					"end": { "line": 79, "column": 1 }
				},
				"line": 63
			},
			"5": {
				"name": "(anonymous_5)",
				"decl": {
					"start": { "line": 81, "column": 29 },
					"end": { "line": 81, "column": 30 }
				},
				"loc": {
					"start": { "line": 81, "column": 49 },
					"end": { "line": 97, "column": 1 }
				},
				"line": 81
			},
			"6": {
				"name": "(anonymous_6)",
				"decl": {
					"start": { "line": 99, "column": 24 },
					"end": { "line": 99, "column": 25 }
				},
				"loc": {
					"start": { "line": 99, "column": 44 },
					"end": { "line": 116, "column": 1 }
				},
				"line": 99
			},
			"7": {
				"name": "(anonymous_7)",
				"decl": {
					"start": { "line": 118, "column": 29 },
					"end": { "line": 118, "column": 30 }
				},
				"loc": {
					"start": { "line": 118, "column": 49 },
					"end": { "line": 135, "column": 1 }
				},
				"line": 118
			},
			"8": {
				"name": "(anonymous_8)",
				"decl": {
					"start": { "line": 137, "column": 33 },
					"end": { "line": 137, "column": 34 }
				},
				"loc": {
					"start": { "line": 137, "column": 53 },
					"end": { "line": 154, "column": 1 }
				},
				"line": 137
			},
			"9": {
				"name": "(anonymous_9)",
				"decl": {
					"start": { "line": 156, "column": 27 },
					"end": { "line": 156, "column": 28 }
				},
				"loc": {
					"start": { "line": 156, "column": 47 },
					"end": { "line": 173, "column": 1 }
				},
				"line": 156
			},
			"10": {
				"name": "(anonymous_10)",
				"decl": {
					"start": { "line": 175, "column": 18 },
					"end": { "line": 175, "column": 19 }
				},
				"loc": {
					"start": { "line": 175, "column": 38 },
					"end": { "line": 190, "column": 1 }
				},
				"line": 175
			},
			"11": {
				"name": "(anonymous_11)",
				"decl": {
					"start": { "line": 192, "column": 19 },
					"end": { "line": 192, "column": 20 }
				},
				"loc": {
					"start": { "line": 192, "column": 39 },
					"end": { "line": 208, "column": 1 }
				},
				"line": 192
			}
		},
		"branchMap": {
			"0": {
				"loc": { "start": { "line": 2, "column": 22 }, "end": { "line": 4, "column": 1 } },
				"type": "binary-expr",
				"locations": [
					{ "start": { "line": 2, "column": 23 }, "end": { "line": 2, "column": 27 } },
					{ "start": { "line": 2, "column": 31 }, "end": { "line": 2, "column": 51 } },
					{ "start": { "line": 2, "column": 56 }, "end": { "line": 4, "column": 1 } }
				],
				"line": 2
			},
			"1": {
				"loc": { "start": { "line": 3, "column": 11 }, "end": { "line": 3, "column": 61 } },
				"type": "cond-expr",
				"locations": [
					{ "start": { "line": 3, "column": 37 }, "end": { "line": 3, "column": 40 } },
					{ "start": { "line": 3, "column": 43 }, "end": { "line": 3, "column": 61 } }
				],
				"line": 3
			},
			"2": {
				"loc": { "start": { "line": 3, "column": 12 }, "end": { "line": 3, "column": 33 } },
				"type": "binary-expr",
				"locations": [
					{ "start": { "line": 3, "column": 12 }, "end": { "line": 3, "column": 15 } },
					{ "start": { "line": 3, "column": 19 }, "end": { "line": 3, "column": 33 } }
				],
				"line": 3
			}
		},
		"s": {
			"0": 1,
			"1": 1,
			"2": 1,
			"3": 1,
			"4": 1,
			"5": 1,
			"6": 1,
			"7": 0,
			"8": 0,
			"9": 0,
			"10": 0,
			"11": 1,
			"12": 1,
			"13": 0,
			"14": 0,
			"15": 0,
			"16": 0,
			"17": 0,
			"18": 1,
			"19": 1,
			"20": 0,
			"21": 0,
			"22": 0,
			"23": 0,
			"24": 0,
			"25": 1,
			"26": 1,
			"27": 0,
			"28": 0,
			"29": 0,
			"30": 0,
			"31": 0,
			"32": 1,
			"33": 1,
			"34": 0,
			"35": 0,
			"36": 0,
			"37": 0,
			"38": 0,
			"39": 1,
			"40": 1,
			"41": 0,
			"42": 0,
			"43": 0,
			"44": 0,
			"45": 0,
			"46": 0,
			"47": 1,
			"48": 1,
			"49": 0,
			"50": 0,
			"51": 0,
			"52": 0,
			"53": 0,
			"54": 0,
			"55": 1,
			"56": 1,
			"57": 0,
			"58": 0,
			"59": 0,
			"60": 0,
			"61": 0,
			"62": 0,
			"63": 1,
			"64": 1,
			"65": 0,
			"66": 0,
			"67": 0,
			"68": 0,
			"69": 0,
			"70": 0,
			"71": 1,
			"72": 1,
			"73": 1,
			"74": 1,
			"75": 1,
			"76": 0,
			"77": 1,
			"78": 1,
			"79": 0,
			"80": 0,
			"81": 0,
			"82": 0,
			"83": 0,
			"84": 1,
			"85": 1
		},
		"f": {
			"0": 1,
			"1": 0,
			"2": 0,
			"3": 0,
			"4": 0,
			"5": 0,
			"6": 0,
			"7": 0,
			"8": 0,
			"9": 0,
			"10": 1,
			"11": 0
		},
		"b": { "0": [1, 1, 1], "1": [1, 0], "2": [1, 1] },
		"_coverageSchema": "1a1c01bbd47fc00a2c39e90264f33305004495a9",
		"hash": "f302e8bbc8725875133836e21bf32ee9a150dd39",
		"contentHash": "1574182acc64435e62732d7b426a3efa69064ca97fb1aed7b3fdfd0ffee56210"
	},
	"C:\\ISPP\\ISPP-G1-Talent\\api\\v1\\modules\\user\\services\\UserService.js": {
		"path": "C:\\ISPP\\ISPP-G1-Talent\\api\\v1\\modules\\user\\services\\UserService.js",
		"statementMap": {
			"0": { "start": { "line": 2, "column": 0 }, "end": { "line": 2, "column": 62 } },
			"1": { "start": { "line": 3, "column": 0 }, "end": { "line": 3, "column": 242 } },
			"2": { "start": { "line": 4, "column": 20 }, "end": { "line": 4, "column": 51 } },
			"3": { "start": { "line": 5, "column": 15 }, "end": { "line": 5, "column": 40 } },
			"4": { "start": { "line": 6, "column": 34 }, "end": { "line": 6, "column": 105 } },
			"5": { "start": { "line": 7, "column": 22 }, "end": { "line": 7, "column": 55 } },
			"6": { "start": { "line": 8, "column": 26 }, "end": { "line": 8, "column": 76 } },
			"7": { "start": { "line": 9, "column": 31 }, "end": { "line": 9, "column": 91 } },
			"8": { "start": { "line": 10, "column": 23 }, "end": { "line": 10, "column": 73 } },
			"9": { "start": { "line": 11, "column": 19 }, "end": { "line": 11, "column": 57 } },
			"10": { "start": { "line": 11, "column": 31 }, "end": { "line": 11, "column": 57 } },
			"11": { "start": { "line": 12, "column": 0 }, "end": { "line": 12, "column": 32 } },
			"12": { "start": { "line": 13, "column": 20 }, "end": { "line": 13, "column": 64 } },
			"13": { "start": { "line": 13, "column": 34 }, "end": { "line": 13, "column": 64 } },
			"14": { "start": { "line": 14, "column": 0 }, "end": { "line": 14, "column": 34 } },
			"15": { "start": { "line": 15, "column": 43 }, "end": { "line": 23, "column": 1 } },
			"16": { "start": { "line": 16, "column": 4 }, "end": { "line": 22, "column": 5 } },
			"17": { "start": { "line": 17, "column": 8 }, "end": { "line": 17, "column": 87 } },
			"18": { "start": { "line": 20, "column": 8 }, "end": { "line": 20, "column": 78 } },
			"19": { "start": { "line": 21, "column": 8 }, "end": { "line": 21, "column": 20 } },
			"20": { "start": { "line": 24, "column": 0 }, "end": { "line": 24, "column": 80 } },
			"21": { "start": { "line": 25, "column": 19 }, "end": { "line": 51, "column": 1 } },
			"22": { "start": { "line": 26, "column": 4 }, "end": { "line": 50, "column": 5 } },
			"23": { "start": { "line": 27, "column": 22 }, "end": { "line": 27, "column": 62 } },
			"24": { "start": { "line": 28, "column": 8 }, "end": { "line": 31, "column": 9 } },
			"25": { "start": { "line": 29, "column": 29 }, "end": { "line": 29, "column": 199 } },
			"26": { "start": { "line": 30, "column": 12 }, "end": { "line": 30, "column": 43 } },
			"27": { "start": { "line": 32, "column": 8 }, "end": { "line": 42, "column": 9 } },
			"28": { "start": { "line": 33, "column": 12 }, "end": { "line": 35, "column": 13 } },
			"29": { "start": { "line": 34, "column": 16 }, "end": { "line": 34, "column": 83 } },
			"30": { "start": { "line": 36, "column": 33 }, "end": { "line": 36, "column": 123 } },
			"31": { "start": { "line": 37, "column": 12 }, "end": { "line": 37, "column": 51 } },
			"32": { "start": { "line": 39, "column": 13 }, "end": { "line": 42, "column": 9 } },
			"33": { "start": { "line": 40, "column": 33 }, "end": { "line": 40, "column": 97 } },
			"34": { "start": { "line": 41, "column": 12 }, "end": { "line": 41, "column": 51 } },
			"35": { "start": { "line": 43, "column": 21 }, "end": { "line": 43, "column": 36 } },
			"36": { "start": { "line": 44, "column": 8 }, "end": { "line": 44, "column": 26 } },
			"37": { "start": { "line": 45, "column": 8 }, "end": { "line": 45, "column": 20 } },
			"38": { "start": { "line": 48, "column": 8 }, "end": { "line": 48, "column": 54 } },
			"39": { "start": { "line": 49, "column": 8 }, "end": { "line": 49, "column": 20 } },
			"40": { "start": { "line": 52, "column": 0 }, "end": { "line": 52, "column": 32 } },
			"41": { "start": { "line": 53, "column": 19 }, "end": { "line": 70, "column": 1 } },
			"42": { "start": { "line": 54, "column": 4 }, "end": { "line": 69, "column": 5 } },
			"43": { "start": { "line": 55, "column": 22 }, "end": { "line": 55, "column": 62 } },
			"44": { "start": { "line": 56, "column": 8 }, "end": { "line": 62, "column": 9 } },
			"45": { "start": { "line": 57, "column": 29 }, "end": { "line": 57, "column": 195 } },
			"46": { "start": { "line": 58, "column": 12 }, "end": { "line": 58, "column": 43 } },
			"47": { "start": { "line": 59, "column": 39 }, "end": { "line": 59, "column": 101 } },
			"48": { "start": { "line": 60, "column": 12 }, "end": { "line": 60, "column": 50 } },
			"49": { "start": { "line": 61, "column": 12 }, "end": { "line": 61, "column": 117 } },
			"50": { "start": { "line": 63, "column": 28 }, "end": { "line": 63, "column": 82 } },
			"51": { "start": { "line": 64, "column": 8 }, "end": { "line": 64, "column": 27 } },
			"52": { "start": { "line": 67, "column": 8 }, "end": { "line": 67, "column": 53 } },
			"53": { "start": { "line": 68, "column": 8 }, "end": { "line": 68, "column": 20 } },
			"54": { "start": { "line": 71, "column": 0 }, "end": { "line": 71, "column": 32 } },
			"55": { "start": { "line": 72, "column": 33 }, "end": { "line": 81, "column": 1 } },
			"56": { "start": { "line": 73, "column": 4 }, "end": { "line": 80, "column": 5 } },
			"57": { "start": { "line": 74, "column": 28 }, "end": { "line": 74, "column": 111 } },
			"58": { "start": { "line": 75, "column": 8 }, "end": { "line": 75, "column": 27 } },
			"59": { "start": { "line": 78, "column": 8 }, "end": { "line": 78, "column": 69 } },
			"60": { "start": { "line": 79, "column": 8 }, "end": { "line": 79, "column": 20 } },
			"61": { "start": { "line": 82, "column": 0 }, "end": { "line": 82, "column": 60 } },
			"62": { "start": { "line": 83, "column": 27 }, "end": { "line": 92, "column": 1 } },
			"63": { "start": { "line": 84, "column": 4 }, "end": { "line": 91, "column": 5 } },
			"64": { "start": { "line": 85, "column": 28 }, "end": { "line": 85, "column": 109 } },
			"65": { "start": { "line": 86, "column": 8 }, "end": { "line": 86, "column": 27 } },
			"66": { "start": { "line": 89, "column": 8 }, "end": { "line": 89, "column": 62 } },
			"67": { "start": { "line": 90, "column": 8 }, "end": { "line": 90, "column": 20 } },
			"68": { "start": { "line": 93, "column": 0 }, "end": { "line": 93, "column": 48 } },
			"69": { "start": { "line": 94, "column": 19 }, "end": { "line": 104, "column": 1 } },
			"70": { "start": { "line": 95, "column": 4 }, "end": { "line": 103, "column": 5 } },
			"71": { "start": { "line": 96, "column": 22 }, "end": { "line": 96, "column": 62 } },
			"72": { "start": { "line": 97, "column": 8 }, "end": { "line": 97, "column": 42 } },
			"73": { "start": { "line": 98, "column": 8 }, "end": { "line": 98, "column": 44 } },
			"74": { "start": { "line": 101, "column": 8 }, "end": { "line": 101, "column": 52 } },
			"75": { "start": { "line": 102, "column": 8 }, "end": { "line": 102, "column": 20 } },
			"76": { "start": { "line": 105, "column": 0 }, "end": { "line": 105, "column": 32 } },
			"77": { "start": { "line": 106, "column": 18 }, "end": { "line": 118, "column": 1 } },
			"78": { "start": { "line": 107, "column": 4 }, "end": { "line": 117, "column": 5 } },
			"79": { "start": { "line": 108, "column": 21 }, "end": { "line": 108, "column": 75 } },
			"80": { "start": { "line": 109, "column": 19 }, "end": { "line": 109, "column": 82 } },
			"81": { "start": { "line": 110, "column": 22 }, "end": { "line": 110, "column": 54 } },
			"82": { "start": { "line": 111, "column": 23 }, "end": { "line": 111, "column": 38 } },
			"83": { "start": { "line": 112, "column": 8 }, "end": { "line": 112, "column": 22 } },
			"84": { "start": { "line": 115, "column": 8 }, "end": { "line": 115, "column": 50 } },
[...]
			"84": { "start": { "line": 134, "column": 40 }, "end": { "line": 137, "column": 25 } },
			"85": { "start": { "line": 138, "column": 16 }, "end": { "line": 144, "column": 17 } },
			"86": { "start": { "line": 139, "column": 20 }, "end": { "line": 143, "column": 23 } },
			"87": { "start": { "line": 147, "column": 16 }, "end": { "line": 147, "column": 86 } },
			"88": { "start": { "line": 152, "column": 26 }, "end": { "line": 157, "column": 1 } },
			"89": { "start": { "line": 153, "column": 19 }, "end": { "line": 153, "column": 47 } },
			"90": { "start": { "line": 154, "column": 31 }, "end": { "line": 154, "column": 61 } },
			"91": { "start": { "line": 155, "column": 29 }, "end": { "line": 155, "column": 75 } },
			"92": { "start": { "line": 156, "column": 4 }, "end": { "line": 156, "column": 52 } },
			"93": { "start": { "line": 158, "column": 0 }, "end": { "line": 158, "column": 46 } },
			"94": { "start": { "line": 159, "column": 42 }, "end": { "line": 167, "column": 1 } },
			"95": { "start": { "line": 160, "column": 4 }, "end": { "line": 166, "column": 5 } },
			"96": { "start": { "line": 161, "column": 23 }, "end": { "line": 161, "column": 87 } },
			"97": { "start": { "line": 162, "column": 8 }, "end": { "line": 162, "column": 22 } },
			"98": { "start": { "line": 165, "column": 8 }, "end": { "line": 165, "column": 27 } },
			"99": { "start": { "line": 168, "column": 0 }, "end": { "line": 168, "column": 78 } },
			"100": { "start": { "line": 169, "column": 26 }, "end": { "line": 176, "column": 1 } },
			"101": { "start": { "line": 170, "column": 4 }, "end": { "line": 175, "column": 5 } },
			"102": { "start": { "line": 171, "column": 23 }, "end": { "line": 171, "column": 81 } },
			"103": { "start": { "line": 174, "column": 8 }, "end": { "line": 174, "column": 27 } },
			"104": { "start": { "line": 177, "column": 0 }, "end": { "line": 177, "column": 46 } },
			"105": { "start": { "line": 178, "column": 27 }, "end": { "line": 186, "column": 1 } },
			"106": { "start": { "line": 179, "column": 4 }, "end": { "line": 185, "column": 5 } },
			"107": { "start": { "line": 180, "column": 23 }, "end": { "line": 180, "column": 72 } },
			"108": { "start": { "line": 181, "column": 8 }, "end": { "line": 181, "column": 22 } },
			"109": { "start": { "line": 184, "column": 8 }, "end": { "line": 184, "column": 27 } },
			"110": { "start": { "line": 187, "column": 0 }, "end": { "line": 187, "column": 48 } },
			"111": { "start": { "line": 188, "column": 0 }, "end": { "line": 193, "column": 2 } }
		},
		"fnMap": {
			"0": {
				"name": "processSkillsRequested",
				"decl": {
					"start": { "line": 10, "column": 9 },
					"end": { "line": 10, "column": 31 }
				},
				"loc": {
					"start": { "line": 10, "column": 42 },
					"end": { "line": 29, "column": 1 }
				},
				"line": 10
			},
			"1": {
				"name": "(anonymous_1)",
				"decl": {
					"start": { "line": 15, "column": 21 },
					"end": { "line": 15, "column": 22 }
				},
				"loc": {
					"start": { "line": 15, "column": 34 },
					"end": { "line": 22, "column": 5 }
				},
				"line": 15
			},
			"2": {
				"name": "(anonymous_2)",
				"decl": {
					"start": { "line": 16, "column": 34 },
					"end": { "line": 16, "column": 35 }
				},
				"loc": {
					"start": { "line": 16, "column": 48 },
					"end": { "line": 16, "column": 74 }
				},
				"line": 16
			},
			"3": {
				"name": "(anonymous_3)",
				"decl": {
					"start": { "line": 17, "column": 37 },
					"end": { "line": 17, "column": 38 }
				},
				"loc": {
					"start": { "line": 17, "column": 53 },
					"end": { "line": 17, "column": 84 }
				},
				"line": 17
			},
			"4": {
				"name": "filterCandidates",
				"decl": {
					"start": { "line": 30, "column": 15 },
					"end": { "line": 30, "column": 31 }
				},
				"loc": {
					"start": { "line": 30, "column": 49 },
					"end": { "line": 70, "column": 1 }
				},
				"line": 30
			},
			"5": {
				"name": "(anonymous_5)",
				"decl": {
					"start": { "line": 36, "column": 23 },
					"end": { "line": 36, "column": 24 }
				},
				"loc": {
					"start": { "line": 36, "column": 38 },
					"end": { "line": 68, "column": 5 }
				},
				"line": 36
			},
			"6": {
				"name": "(anonymous_6)",
				"decl": {
					"start": { "line": 38, "column": 78 },
					"end": { "line": 38, "column": 79 }
				},
				"loc": {
					"start": { "line": 38, "column": 88 },
					"end": { "line": 38, "column": 137 }
				},
				"line": 38
			},
			"7": {
				"name": "(anonymous_7)",
				"decl": {
					"start": { "line": 39, "column": 57 },
					"end": { "line": 39, "column": 58 }
				},
				"loc": {
					"start": { "line": 39, "column": 67 },
					"end": { "line": 39, "column": 110 }
				},
				"line": 39
			},
			"8": {
				"name": "(anonymous_8)",
				"decl": {
					"start": { "line": 42, "column": 49 },
					"end": { "line": 42, "column": 50 }
				},
				"loc": {
					"start": { "line": 42, "column": 58 },
					"end": { "line": 53, "column": 9 }
				},
				"line": 42
			},
			"9": {
				"name": "(anonymous_9)",
				"decl": {
					"start": { "line": 57, "column": 21 },
					"end": { "line": 57, "column": 22 }
				},
				"loc": {
					"start": { "line": 57, "column": 31 },
					"end": { "line": 57, "column": 44 }
				},
				"line": 57
			},
			"10": {
				"name": "(anonymous_10)",
				"decl": {
					"start": { "line": 58, "column": 24 },
					"end": { "line": 58, "column": 25 }
				},
				"loc": {
					"start": { "line": 58, "column": 34 },
					"end": { "line": 58, "column": 74 }
				},
				"line": 58
			},
			"11": {
				"name": "(anonymous_11)",
				"decl": {
					"start": { "line": 59, "column": 88 },
					"end": { "line": 59, "column": 89 }
				},
				"loc": {
					"start": { "line": 59, "column": 98 },
					"end": { "line": 59, "column": 141 }
				},
				"line": 59
			},
			"12": {
				"name": "selectBestCandidates",
				"decl": {
					"start": { "line": 71, "column": 9 },
					"end": { "line": 71, "column": 29 }
				},
				"loc": {
					"start": { "line": 71, "column": 69 },
					"end": { "line": 99, "column": 1 }
				},
				"line": 71
			},
			"13": {
				"name": "(anonymous_13)",
				"decl": {
					"start": { "line": 78, "column": 40 },
					"end": { "line": 78, "column": 41 }
				},
				"loc": {
					"start": { "line": 78, "column": 50 },
					"end": { "line": 81, "column": 13 }
				},
				"line": 78
			},
			"14": {
				"name": "(anonymous_14)",
				"decl": {
					"start": { "line": 82, "column": 43 },
					"end": { "line": 82, "column": 44 }
				},
				"loc": {
					"start": { "line": 82, "column": 53 },
					"end": { "line": 85, "column": 13 }
				},
				"line": 82
			},
			"15": {
				"name": "(anonymous_15)",
				"decl": {
					"start": { "line": 93, "column": 18 },
					"end": { "line": 93, "column": 19 }
				},
				"loc": {
					"start": { "line": 93, "column": 28 },
					"end": { "line": 93, "column": 39 }
				},
				"line": 93
			},
			"16": {
				"name": "(anonymous_16)",
				"decl": {
					"start": { "line": 95, "column": 17 },
					"end": { "line": 95, "column": 18 }
				},
				"loc": {
					"start": { "line": 95, "column": 28 },
					"end": { "line": 95, "column": 36 }
				},
				"line": 95
			},
			"17": {
				"name": "saveTeamCreator",
				"decl": {
					"start": { "line": 100, "column": 15 },
					"end": { "line": 100, "column": 30 }
				},
				"loc": {
					"start": { "line": 100, "column": 52 },
					"end": { "line": 151, "column": 1 }
				},
				"line": 100
			},
			"18": {
				"name": "(anonymous_18)",
				"decl": {
					"start": { "line": 101, "column": 49 },
					"end": { "line": 101, "column": 50 }
				},
				"loc": {
					"start": { "line": 101, "column": 97 },
					"end": { "line": 104, "column": 5 }
				},
				"line": 101
			},
			"19": {
				"name": "(anonymous_19)",
				"decl": {
					"start": { "line": 152, "column": 26 },
					"end": { "line": 152, "column": 27 }
				},
				"loc": {
					"start": { "line": 152, "column": 50 },
					"end": { "line": 157, "column": 1 }
				},
				"line": 152
			},
			"20": {
				"name": "(anonymous_20)",
				"decl": {
					"start": { "line": 159, "column": 42 },
					"end": { "line": 159, "column": 43 }
				},
				"loc": {
					"start": { "line": 159, "column": 56 },
					"end": { "line": 167, "column": 1 }
				},
				"line": 159
			},
			"21": {
				"name": "(anonymous_21)",
				"decl": {
					"start": { "line": 169, "column": 26 },
					"end": { "line": 169, "column": 27 }
				},
				"loc": {
					"start": { "line": 169, "column": 40 },
					"end": { "line": 176, "column": 1 }
				},
				"line": 169
			},
			"22": {
				"name": "(anonymous_22)",
				"decl": {
					"start": { "line": 178, "column": 27 },
					"end": { "line": 178, "column": 28 }
				},
				"loc": {
					"start": { "line": 178, "column": 41 },
					"end": { "line": 186, "column": 1 }
				},
				"line": 178
			}
		},
		"branchMap": {
			"0": {
				"loc": {
					"start": { "line": 13, "column": 31 },
					"end": { "line": 13, "column": 86 }
				},
				"type": "cond-expr",
				"locations": [
					{ "start": { "line": 13, "column": 53 }, "end": { "line": 13, "column": 82 } },
					{ "start": { "line": 13, "column": 85 }, "end": { "line": 13, "column": 86 } }
				],
				"line": 13
			},
			"1": {
				"loc": { "start": { "line": 18, "column": 8 }, "end": { "line": 20, "column": 9 } },
				"type": "if",
				"locations": [
					{ "start": { "line": 18, "column": 8 }, "end": { "line": 20, "column": 9 } },
					{ "start": { "line": 18, "column": 8 }, "end": { "line": 20, "column": 9 } }
				],
				"line": 18
			},
			"2": {
				"loc": {
					"start": { "line": 38, "column": 33 },
					"end": { "line": 39, "column": 111 }
				},
				"type": "binary-expr",
				"locations": [
					{ "start": { "line": 38, "column": 33 }, "end": { "line": 38, "column": 138 } },
					{ "start": { "line": 39, "column": 12 }, "end": { "line": 39, "column": 111 } }
				],
				"line": 38
			},
			"3": {
				"loc": {
					"start": { "line": 44, "column": 28 },
					"end": { "line": 44, "column": 76 }
				},
				"type": "cond-expr",
				"locations": [
					{ "start": { "line": 44, "column": 42 }, "end": { "line": 44, "column": 63 } },
					{ "start": { "line": 44, "column": 66 }, "end": { "line": 44, "column": 76 } }
				],
				"line": 44
			},
			"4": {
				"loc": {
					"start": { "line": 47, "column": 12 },
					"end": { "line": 49, "column": 13 }
				},
				"type": "if",
				"locations": [
					{ "start": { "line": 47, "column": 12 }, "end": { "line": 49, "column": 13 } },
					{ "start": { "line": 47, "column": 12 }, "end": { "line": 49, "column": 13 } }
				],
				"line": 47
			},
			"5": {
				"loc": {
					"start": { "line": 47, "column": 16 },
					"end": { "line": 47, "column": 42 }
				},
				"type": "binary-expr",
				"locations": [
					{ "start": { "line": 47, "column": 16 }, "end": { "line": 47, "column": 25 } },
					{ "start": { "line": 47, "column": 29 }, "end": { "line": 47, "column": 42 } }
				],
				"line": 47
			},
			"6": {
				"loc": {
					"start": { "line": 50, "column": 12 },
					"end": { "line": 52, "column": 13 }
				},
				"type": "if",
				"locations": [
					{ "start": { "line": 50, "column": 12 }, "end": { "line": 52, "column": 13 } },
					{ "start": { "line": 50, "column": 12 }, "end": { "line": 52, "column": 13 } }
				],
				"line": 50
			},
			"7": {
				"loc": { "start": { "line": 54, "column": 8 }, "end": { "line": 67, "column": 9 } },
				"type": "if",
				"locations": [
					{ "start": { "line": 54, "column": 8 }, "end": { "line": 67, "column": 9 } },
					{ "start": { "line": 54, "column": 8 }, "end": { "line": 67, "column": 9 } }
				],
				"line": 54
			},
			"8": {
				"loc": {
					"start": { "line": 54, "column": 12 },
					"end": { "line": 55, "column": 87 }
				},
				"type": "binary-expr",
				"locations": [
					{ "start": { "line": 54, "column": 12 }, "end": { "line": 54, "column": 28 } },
					{ "start": { "line": 55, "column": 13 }, "end": { "line": 55, "column": 25 } },
					{ "start": { "line": 55, "column": 29 }, "end": { "line": 55, "column": 86 } }
				],
				"line": 54
			},
			"9": {
				"loc": {
					"start": { "line": 79, "column": 16 },
					"end": { "line": 80, "column": 28 }
				},
				"type": "if",
				"locations": [
					{ "start": { "line": 79, "column": 16 }, "end": { "line": 80, "column": 28 } },
					{ "start": { "line": 79, "column": 16 }, "end": { "line": 80, "column": 28 } }
				],
				"line": 79
			},
			"10": {
				"loc": {
					"start": { "line": 83, "column": 16 },
					"end": { "line": 84, "column": 28 }
				},
				"type": "if",
				"locations": [
					{ "start": { "line": 83, "column": 16 }, "end": { "line": 84, "column": 28 } },
					{ "start": { "line": 83, "column": 16 }, "end": { "line": 84, "column": 28 } }
				],
				"line": 83
			},
			"11": {
				"loc": {
					"start": { "line": 86, "column": 12 },
					"end": { "line": 87, "column": 24 }
				},
				"type": "if",
				"locations": [
					{ "start": { "line": 86, "column": 12 }, "end": { "line": 87, "column": 24 } },
					{ "start": { "line": 86, "column": 12 }, "end": { "line": 87, "column": 24 } }
				],
				"line": 86
			},
			"12": {
				"loc": {
					"start": { "line": 88, "column": 12 },
					"end": { "line": 89, "column": 24 }
				},
				"type": "if",
				"locations": [
					{ "start": { "line": 88, "column": 12 }, "end": { "line": 89, "column": 24 } },
					{ "start": { "line": 88, "column": 12 }, "end": { "line": 89, "column": 24 } }
				],
				"line": 88
			},
			"13": {
				"loc": {
					"start": { "line": 117, "column": 16 },
					"end": { "line": 132, "column": 17 }
				},
				"type": "if",
				"locations": [
					{
						"start": { "line": 117, "column": 16 },
						"end": { "line": 132, "column": 17 }
					},
					{ "start": { "line": 117, "column": 16 }, "end": { "line": 132, "column": 17 } }
				],
				"line": 117
			},
			"14": {
				"loc": {
					"start": { "line": 117, "column": 20 },
					"end": { "line": 117, "column": 73 }
				},
				"type": "binary-expr",
				"locations": [
					{
						"start": { "line": 117, "column": 20 },
						"end": { "line": 117, "column": 43 }
					},
					{ "start": { "line": 117, "column": 47 }, "end": { "line": 117, "column": 73 } }
				],
				"line": 117
			},
			"15": {
				"loc": {
					"start": { "line": 122, "column": 20 },
					"end": { "line": 131, "column": 21 }
				},
				"type": "if",
				"locations": [
					{
						"start": { "line": 122, "column": 20 },
						"end": { "line": 131, "column": 21 }
					},
					{ "start": { "line": 122, "column": 20 }, "end": { "line": 131, "column": 21 } }
				],
				"line": 122
			},
			"16": {
				"loc": {
					"start": { "line": 133, "column": 35 },
					"end": { "line": 133, "column": 133 }
				},
				"type": "cond-expr",
				"locations": [
					{
						"start": { "line": 133, "column": 96 },
						"end": { "line": 133, "column": 102 }
					},
					{
						"start": { "line": 133, "column": 105 },
						"end": { "line": 133, "column": 133 }
					}
				],
				"line": 133
			},
			"17": {
				"loc": {
					"start": { "line": 133, "column": 35 },
					"end": { "line": 133, "column": 93 }
				},
				"type": "binary-expr",
				"locations": [
					{
						"start": { "line": 133, "column": 35 },
						"end": { "line": 133, "column": 61 }
					},
					{ "start": { "line": 133, "column": 65 }, "end": { "line": 133, "column": 93 } }
				],
				"line": 133
			},
			"18": {
				"loc": {
					"start": { "line": 136, "column": 32 },
					"end": { "line": 136, "column": 123 }
				},
				"type": "cond-expr",
				"locations": [
					{
						"start": { "line": 136, "column": 93 },
						"end": { "line": 136, "column": 99 }
					},
					{
						"start": { "line": 136, "column": 102 },
						"end": { "line": 136, "column": 123 }
					}
				],
				"line": 136
			},
			"19": {
				"loc": {
					"start": { "line": 136, "column": 32 },
					"end": { "line": 136, "column": 90 }
				},
				"type": "binary-expr",
				"locations": [
					{
						"start": { "line": 136, "column": 32 },
						"end": { "line": 136, "column": 58 }
					},
					{ "start": { "line": 136, "column": 62 }, "end": { "line": 136, "column": 90 } }
				],
				"line": 136
			},
			"20": {
				"loc": {
					"start": { "line": 138, "column": 16 },
					"end": { "line": 144, "column": 17 }
				},
				"type": "if",
				"locations": [
					{
						"start": { "line": 138, "column": 16 },
						"end": { "line": 144, "column": 17 }
					},
					{ "start": { "line": 138, "column": 16 }, "end": { "line": 144, "column": 17 } }
				],
				"line": 138
			}
		},
		"s": {
			"0": 1,
			"1": 1,
			"2": 1,
			"3": 1,
			"4": 1,
			"5": 1,
			"6": 1,
			"7": 1,
			"8": 1,
			"9": 1,
			"10": 1,
			"11": 1,
			"12": 1,
			"13": 1,
			"14": 1,
			"15": 1,
			"16": 1,
			"17": 1,
			"18": 0,
			"19": 1,
			"20": 1,
			"21": 1,
			"22": 1,
			"23": 1,
			"24": 3,
			"25": 3,
			"26": 4,
			"27": 10,
			"28": 3,
			"29": 3,
			"30": 3,
			"31": 0,
			"32": 0,
			"33": 0,
			"34": 0,
			"35": 0,
			"36": 0,
			"37": 0,
			"38": 0,
			"39": 3,
			"40": 2,
			"41": 8,
			"42": 8,
			"43": 2,
			"44": 11,
			"45": 2,
			"46": 1,
			"47": 1,
			"48": 1,
			"49": 1,
			"50": 1,
			"51": 1,
			"52": 2,
			"53": 2,
			"54": 2,
			"55": 2,
			"56": 2,
			"57": 0,
			"58": 0,
			"59": 2,
			"60": 2,
			"61": 2,
			"62": 2,
			"63": 2,
			"64": 1,
			"65": 1,
			"66": 2,
			"67": 1,
			"68": 1,
			"69": 1,
			"70": 1,
			"71": 1,
			"72": 1,
			"73": 1,
			"74": 1,
			"75": 2,
			"76": 2,
			"77": 2,
			"78": 2,
			"79": 2,
			"80": 2,
			"81": 2,
			"82": 0,
			"83": 2,
			"84": 2,
			"85": 2,
			"86": 2,
			"87": 0,
			"88": 1,
			"89": 1,
			"90": 1,
			"91": 1,
			"92": 1,
			"93": 1,
			"94": 1,
			"95": 2,
			"96": 2,
			"97": 2,
			"98": 0,
			"99": 1,
			"100": 1,
			"101": 1,
			"102": 1,
			"103": 0,
			"104": 1,
			"105": 1,
			"106": 3,
			"107": 3,
			"108": 3,
			"109": 0,
			"110": 1,
			"111": 1
		},
		"f": {
			"0": 1,
			"1": 1,
			"2": 1,
			"3": 1,
			"4": 1,
			"5": 3,
			"6": 4,
			"7": 10,
			"8": 0,
			"9": 8,
			"10": 8,
			"11": 11,
			"12": 1,
			"13": 2,
			"14": 0,
			"15": 1,
			"16": 2,
			"17": 1,
			"18": 1,
			"19": 1,
			"20": 2,
			"21": 1,
			"22": 3
		},
		"b": {
			"0": [1, 0],
			"1": [0, 1],
			"2": [3, 1],
			"3": [0, 0],
			"4": [0, 0],
			"5": [0, 0],
			"6": [0, 0],
			"7": [2, 1],
			"8": [3, 1, 0],
			"9": [2, 0],
			"10": [0, 0],
			"11": [2, 0],
			"12": [2, 0],
			"13": [2, 0],
			"14": [2, 2],
			"15": [2, 0],
			"16": [0, 2],
			"17": [2, 2],
			"18": [0, 2],
			"19": [2, 2],
			"20": [2, 0]
		},
		"_coverageSchema": "1a1c01bbd47fc00a2c39e90264f33305004495a9",
		"hash": "1a92601d96554115911ec89049cc1f2642714738",
		"contentHash": "e318bc3356489a65cb724c545882a9dbde37ea1c63a76694b743866eaa2c70fc"
	},
	"C:\\ISPP\\ISPP-G1-Talent\\api\\v1\\modules\\team-creator\\models\\TeamCreatorModel.js": {
		"path": "C:\\ISPP\\ISPP-G1-Talent\\api\\v1\\modules\\team-creator\\models\\TeamCreatorModel.js",
		"statementMap": {
			"0": { "start": { "line": 2, "column": 0 }, "end": { "line": 2, "column": 62 } },
			"1": { "start": { "line": 3, "column": 0 }, "end": { "line": 3, "column": 29 } },
			"2": { "start": { "line": 4, "column": 19 }, "end": { "line": 4, "column": 38 } },
			"3": { "start": { "line": 5, "column": 31 }, "end": { "line": 10, "column": 18 } },
			"4": { "start": { "line": 11, "column": 33 }, "end": { "line": 17, "column": 18 } },
			"5": { "start": { "line": 18, "column": 26 }, "end": { "line": 24, "column": 2 } },
			"6": { "start": { "line": 25, "column": 0 }, "end": { "line": 25, "column": 78 } }
		},
		"fnMap": {},
		"branchMap": {},
		"s": { "0": 1, "1": 1, "2": 1, "3": 1, "4": 1, "5": 1, "6": 1 },
		"f": {},
		"b": {},
		"_coverageSchema": "1a1c01bbd47fc00a2c39e90264f33305004495a9",
		"hash": "fbff3507b612ab60faf2ad8917070f3d81e06851",
		"contentHash": "6e8061659c1c343a7f7ed8e7ea66ea4c56d30d0837ad73463464e67232e12929"
	}
}
